<?xml version="1.0" encoding="UTF-8"?>
<robot generator="Robot 3.2.2 (Python 3.7.4 on linux)" generated="20200929 16:32:51.721" rpa="false">
<suite id="s1" name="Built-In-Library-Test &amp; Utilize-Global-Variable &amp; Child-Suite &amp; TestSuiteA">
<suite id="s1-s1" name="Built-In-Library-Test" source="/home/hakan/Python/Robot/robot-fw-built-in-library-tests/Tests/built-in-library-test.robot">
<kw name="Suite Setup" type="setup">
<kw name="Set Log Level" library="BuiltIn">
<doc>Sets the log threshold to the specified level and returns the old level.</doc>
<arguments>
<arg>TRACE</arg>
</arguments>
<msg timestamp="20200929 16:32:51.893" level="INFO">Log level changed from INFO to TRACE.</msg>
<msg timestamp="20200929 16:32:51.893" level="TRACE">Return: 'INFO'</msg>
<status status="PASS" starttime="20200929 16:32:51.893" endtime="20200929 16:32:51.893"></status>
</kw>
<kw name="Pass Execution" library="BuiltIn">
<doc>Skips rest of the current test, setup, or teardown with PASS status.</doc>
<arguments>
<arg>Suite Setup passed</arg>
</arguments>
<msg timestamp="20200929 16:32:51.894" level="TRACE">Arguments: [ 'Suite Setup passed' ]</msg>
<msg timestamp="20200929 16:32:51.894" level="INFO">Execution passed with message:
Suite Setup passed</msg>
<status status="PASS" starttime="20200929 16:32:51.894" endtime="20200929 16:32:51.894"></status>
</kw>
<status status="PASS" starttime="20200929 16:32:51.893" endtime="20200929 16:32:51.894"></status>
</kw>
<test id="s1-s1-t1" name="Use &quot;Call Method&quot; : Calling A Particular Object Method From Python">
<kw name="Call Method" library="BuiltIn">
<doc>Calls the named method of the given object with the provided arguments.</doc>
<arguments>
<arg>${utility_object}</arg>
<arg>method</arg>
<arg>pos_arg1</arg>
<arg>pos_arg2</arg>
<arg>key1=value1</arg>
<arg>key2=value2</arg>
</arguments>
<assign>
<var>${result}</var>
</assign>
<msg timestamp="20200929 16:32:51.895" level="TRACE">Arguments: [ &lt;Utils.Util object at 0x7efccee94a50&gt; | 'method' | 'pos_arg1' | 'pos_arg2' | key1='value1' | key2='value2' ]</msg>
<msg timestamp="20200929 16:32:51.895" level="DEBUG">args: ('pos_arg1', 'pos_arg2')</msg>
<msg timestamp="20200929 16:32:51.895" level="DEBUG">kwargs: {'key1': 'value1', 'key2': 'value2'}</msg>
<msg timestamp="20200929 16:32:51.895" level="TRACE">Return: "positional args: ('pos_arg1', 'pos_arg2') keyworded args: {'key1': 'value1', 'key2': 'value2'}"</msg>
<msg timestamp="20200929 16:32:51.895" level="INFO">${result} = positional args: ('pos_arg1', 'pos_arg2') keyworded args: {'key1': 'value1', 'key2': 'value2'}</msg>
<status status="PASS" starttime="20200929 16:32:51.894" endtime="20200929 16:32:51.895"></status>
</kw>
<kw name="Should Be Equal" library="BuiltIn">
<doc>Fails if the given objects are unequal.</doc>
<arguments>
<arg>positional args: ('pos_arg1', 'pos_arg2') keyworded args: {'key1': 'value1', 'key2': 'value2'}</arg>
<arg>${result}</arg>
</arguments>
<msg timestamp="20200929 16:32:51.895" level="TRACE">Arguments: [ "positional args: ('pos_arg1', 'pos_arg2') keyworded args: {'key1': 'value1', 'key2': 'value2'}" | "positional args: ('pos_arg1', 'pos_arg2') keyworded args: {'key1': 'value1', 'key2': 'value2'}" ]</msg>
<msg timestamp="20200929 16:32:51.895" level="DEBUG">Argument types are:
&lt;type 'unicode'&gt;
&lt;type 'unicode'&gt;</msg>
<msg timestamp="20200929 16:32:51.895" level="TRACE">Return: None</msg>
<status status="PASS" starttime="20200929 16:32:51.895" endtime="20200929 16:32:51.895"></status>
</kw>
<status status="PASS" starttime="20200929 16:32:51.894" endtime="20200929 16:32:51.896" critical="yes"></status>
</test>
<test id="s1-s1-t2" name="Use &quot;Catenate&quot;">
<kw name="Catenate" library="BuiltIn">
<doc>Catenates the given items together and returns the resulted string.</doc>
<arguments>
<arg>Hello</arg>
<arg>World</arg>
</arguments>
<assign>
<var>${str1}</var>
</assign>
<msg timestamp="20200929 16:32:51.897" level="TRACE">Arguments: [ 'Hello' | 'World' ]</msg>
<msg timestamp="20200929 16:32:51.897" level="TRACE">Return: 'Hello World'</msg>
<msg timestamp="20200929 16:32:51.897" level="INFO">${str1} = Hello World</msg>
<status status="PASS" starttime="20200929 16:32:51.896" endtime="20200929 16:32:51.897"></status>
</kw>
<kw name="Should Be Equal As Strings" library="BuiltIn">
<doc>Fails if objects are unequal after converting them to strings.</doc>
<arguments>
<arg>${str1}</arg>
<arg>Hello World</arg>
</arguments>
<msg timestamp="20200929 16:32:51.897" level="TRACE">Arguments: [ 'Hello World' | 'Hello World' ]</msg>
<msg timestamp="20200929 16:32:51.897" level="DEBUG">Argument types are:
&lt;type 'unicode'&gt;
&lt;type 'unicode'&gt;</msg>
<msg timestamp="20200929 16:32:51.897" level="TRACE">Return: None</msg>
<status status="PASS" starttime="20200929 16:32:51.897" endtime="20200929 16:32:51.897"></status>
</kw>
<kw name="Catenate" library="BuiltIn">
<doc>Catenates the given items together and returns the resulted string.</doc>
<arguments>
<arg>SEPARATOR=---</arg>
<arg>Hello</arg>
<arg>World</arg>
</arguments>
<assign>
<var>${str1}</var>
</assign>
<msg timestamp="20200929 16:32:51.897" level="TRACE">Arguments: [ 'SEPARATOR=---' | 'Hello' | 'World' ]</msg>
<msg timestamp="20200929 16:32:51.897" level="TRACE">Return: 'Hello---World'</msg>
<msg timestamp="20200929 16:32:51.897" level="INFO">${str1} = Hello---World</msg>
<status status="PASS" starttime="20200929 16:32:51.897" endtime="20200929 16:32:51.897"></status>
</kw>
<kw name="Should Be Equal As Strings" library="BuiltIn">
<doc>Fails if objects are unequal after converting them to strings.</doc>
<arguments>
<arg>${str1}</arg>
<arg>Hello---World</arg>
</arguments>
<msg timestamp="20200929 16:32:51.898" level="TRACE">Arguments: [ 'Hello---World' | 'Hello---World' ]</msg>
<msg timestamp="20200929 16:32:51.898" level="DEBUG">Argument types are:
&lt;type 'unicode'&gt;
&lt;type 'unicode'&gt;</msg>
<msg timestamp="20200929 16:32:51.898" level="TRACE">Return: None</msg>
<status status="PASS" starttime="20200929 16:32:51.898" endtime="20200929 16:32:51.898"></status>
</kw>
<status status="PASS" starttime="20200929 16:32:51.896" endtime="20200929 16:32:51.898" critical="yes"></status>
</test>
<test id="s1-s1-t3" name="Use &quot;Continue For Loop&quot; and &quot;Run Keyword If&quot;">
<kw name="${var} IN [ @{LIST} ]" type="for">
<kw name="${var} = Value1" type="foritem">
<kw name="Run Keyword If" library="BuiltIn">
<doc>Runs the given keyword with the given arguments, if ``condition`` is true.</doc>
<arguments>
<arg>'${var}' == 'CONTINUE'</arg>
<arg>Continue For Loop</arg>
</arguments>
<msg timestamp="20200929 16:32:51.899" level="TRACE">Arguments: [ "'Value1' == 'CONTINUE'" | 'Continue For Loop' ]</msg>
<msg timestamp="20200929 16:32:51.899" level="TRACE">Return: None</msg>
<status status="PASS" starttime="20200929 16:32:51.899" endtime="20200929 16:32:51.900"></status>
</kw>
<kw name="Log" library="BuiltIn">
<doc>Logs the given message with the given level.</doc>
<arguments>
<arg>${var}</arg>
</arguments>
<msg timestamp="20200929 16:32:51.900" level="TRACE">Arguments: [ 'Value1' ]</msg>
<msg timestamp="20200929 16:32:51.900" level="INFO">Value1</msg>
<msg timestamp="20200929 16:32:51.900" level="TRACE">Return: None</msg>
<status status="PASS" starttime="20200929 16:32:51.900" endtime="20200929 16:32:51.900"></status>
</kw>
<status status="PASS" starttime="20200929 16:32:51.899" endtime="20200929 16:32:51.900"></status>
</kw>
<kw name="${var} = Value2" type="foritem">
<kw name="Run Keyword If" library="BuiltIn">
<doc>Runs the given keyword with the given arguments, if ``condition`` is true.</doc>
<arguments>
<arg>'${var}' == 'CONTINUE'</arg>
<arg>Continue For Loop</arg>
</arguments>
<msg timestamp="20200929 16:32:51.900" level="TRACE">Arguments: [ "'Value2' == 'CONTINUE'" | 'Continue For Loop' ]</msg>
<msg timestamp="20200929 16:32:51.900" level="TRACE">Return: None</msg>
<status status="PASS" starttime="20200929 16:32:51.900" endtime="20200929 16:32:51.900"></status>
</kw>
<kw name="Log" library="BuiltIn">
<doc>Logs the given message with the given level.</doc>
<arguments>
<arg>${var}</arg>
</arguments>
<msg timestamp="20200929 16:32:51.900" level="TRACE">Arguments: [ 'Value2' ]</msg>
<msg timestamp="20200929 16:32:51.901" level="INFO">Value2</msg>
<msg timestamp="20200929 16:32:51.901" level="TRACE">Return: None</msg>
<status status="PASS" starttime="20200929 16:32:51.900" endtime="20200929 16:32:51.901"></status>
</kw>
<status status="PASS" starttime="20200929 16:32:51.900" endtime="20200929 16:32:51.901"></status>
</kw>
<kw name="${var} = CONTINUE" type="foritem">
<kw name="Run Keyword If" library="BuiltIn">
<doc>Runs the given keyword with the given arguments, if ``condition`` is true.</doc>
<arguments>
<arg>'${var}' == 'CONTINUE'</arg>
<arg>Continue For Loop</arg>
</arguments>
<msg timestamp="20200929 16:32:51.901" level="TRACE">Arguments: [ "'CONTINUE' == 'CONTINUE'" | 'Continue For Loop' ]</msg>
<kw name="Continue For Loop" library="BuiltIn">
<doc>Skips the current for loop iteration and continues from the next.</doc>
<msg timestamp="20200929 16:32:51.901" level="TRACE">Arguments: [  ]</msg>
<msg timestamp="20200929 16:32:51.901" level="INFO">Continuing for loop from the next iteration.</msg>
<status status="PASS" starttime="20200929 16:32:51.901" endtime="20200929 16:32:51.901"></status>
</kw>
<status status="PASS" starttime="20200929 16:32:51.901" endtime="20200929 16:32:51.902"></status>
</kw>
<status status="PASS" starttime="20200929 16:32:51.901" endtime="20200929 16:32:51.902"></status>
</kw>
<kw name="${var} = Value3" type="foritem">
<kw name="Run Keyword If" library="BuiltIn">
<doc>Runs the given keyword with the given arguments, if ``condition`` is true.</doc>
<arguments>
<arg>'${var}' == 'CONTINUE'</arg>
<arg>Continue For Loop</arg>
</arguments>
<msg timestamp="20200929 16:32:51.902" level="TRACE">Arguments: [ "'Value3' == 'CONTINUE'" | 'Continue For Loop' ]</msg>
<msg timestamp="20200929 16:32:51.902" level="TRACE">Return: None</msg>
<status status="PASS" starttime="20200929 16:32:51.902" endtime="20200929 16:32:51.902"></status>
</kw>
<kw name="Log" library="BuiltIn">
<doc>Logs the given message with the given level.</doc>
<arguments>
<arg>${var}</arg>
</arguments>
<msg timestamp="20200929 16:32:51.902" level="TRACE">Arguments: [ 'Value3' ]</msg>
<msg timestamp="20200929 16:32:51.902" level="INFO">Value3</msg>
<msg timestamp="20200929 16:32:51.902" level="TRACE">Return: None</msg>
<status status="PASS" starttime="20200929 16:32:51.902" endtime="20200929 16:32:51.902"></status>
</kw>
<status status="PASS" starttime="20200929 16:32:51.902" endtime="20200929 16:32:51.902"></status>
</kw>
<status status="PASS" starttime="20200929 16:32:51.899" endtime="20200929 16:32:51.902"></status>
</kw>
<status status="PASS" starttime="20200929 16:32:51.899" endtime="20200929 16:32:51.909" critical="yes"></status>
</test>
<test id="s1-s1-t4" name="Use &quot;Continue For Loop If&quot;">
<kw name="${var} IN [ @{LIST} ]" type="for">
<kw name="${var} = Value1" type="foritem">
<kw name="Continue For Loop If" library="BuiltIn">
<doc>Skips the current for loop iteration if the ``condition`` is true.</doc>
<arguments>
<arg>'${var}' == 'CONTINUE'</arg>
</arguments>
<msg timestamp="20200929 16:32:51.911" level="TRACE">Arguments: [ "'Value1' == 'CONTINUE'" ]</msg>
<msg timestamp="20200929 16:32:51.911" level="TRACE">Return: None</msg>
<status status="PASS" starttime="20200929 16:32:51.911" endtime="20200929 16:32:51.911"></status>
</kw>
<kw name="Log" library="BuiltIn">
<doc>Logs the given message with the given level.</doc>
<arguments>
<arg>${var}</arg>
</arguments>
<msg timestamp="20200929 16:32:51.911" level="TRACE">Arguments: [ 'Value1' ]</msg>
<msg timestamp="20200929 16:32:51.911" level="INFO">Value1</msg>
<msg timestamp="20200929 16:32:51.911" level="TRACE">Return: None</msg>
<status status="PASS" starttime="20200929 16:32:51.911" endtime="20200929 16:32:51.911"></status>
</kw>
<status status="PASS" starttime="20200929 16:32:51.910" endtime="20200929 16:32:51.911"></status>
</kw>
<kw name="${var} = Value2" type="foritem">
<kw name="Continue For Loop If" library="BuiltIn">
<doc>Skips the current for loop iteration if the ``condition`` is true.</doc>
<arguments>
<arg>'${var}' == 'CONTINUE'</arg>
</arguments>
<msg timestamp="20200929 16:32:51.912" level="TRACE">Arguments: [ "'Value2' == 'CONTINUE'" ]</msg>
<msg timestamp="20200929 16:32:51.912" level="TRACE">Return: None</msg>
<status status="PASS" starttime="20200929 16:32:51.911" endtime="20200929 16:32:51.912"></status>
</kw>
<kw name="Log" library="BuiltIn">
<doc>Logs the given message with the given level.</doc>
<arguments>
<arg>${var}</arg>
</arguments>
<msg timestamp="20200929 16:32:51.912" level="TRACE">Arguments: [ 'Value2' ]</msg>
<msg timestamp="20200929 16:32:51.912" level="INFO">Value2</msg>
<msg timestamp="20200929 16:32:51.912" level="TRACE">Return: None</msg>
<status status="PASS" starttime="20200929 16:32:51.912" endtime="20200929 16:32:51.912"></status>
</kw>
<status status="PASS" starttime="20200929 16:32:51.911" endtime="20200929 16:32:51.912"></status>
</kw>
<kw name="${var} = CONTINUE" type="foritem">
<kw name="Continue For Loop If" library="BuiltIn">
<doc>Skips the current for loop iteration if the ``condition`` is true.</doc>
<arguments>
<arg>'${var}' == 'CONTINUE'</arg>
</arguments>
<msg timestamp="20200929 16:32:51.912" level="TRACE">Arguments: [ "'CONTINUE' == 'CONTINUE'" ]</msg>
<msg timestamp="20200929 16:32:51.912" level="INFO">Continuing for loop from the next iteration.</msg>
<status status="PASS" starttime="20200929 16:32:51.912" endtime="20200929 16:32:51.912"></status>
</kw>
<status status="PASS" starttime="20200929 16:32:51.912" endtime="20200929 16:32:51.912"></status>
</kw>
<kw name="${var} = Value3" type="foritem">
<kw name="Continue For Loop If" library="BuiltIn">
<doc>Skips the current for loop iteration if the ``condition`` is true.</doc>
<arguments>
<arg>'${var}' == 'CONTINUE'</arg>
</arguments>
<msg timestamp="20200929 16:32:51.913" level="TRACE">Arguments: [ "'Value3' == 'CONTINUE'" ]</msg>
<msg timestamp="20200929 16:32:51.913" level="TRACE">Return: None</msg>
<status status="PASS" starttime="20200929 16:32:51.913" endtime="20200929 16:32:51.913"></status>
</kw>
<kw name="Log" library="BuiltIn">
<doc>Logs the given message with the given level.</doc>
<arguments>
<arg>${var}</arg>
</arguments>
<msg timestamp="20200929 16:32:51.913" level="TRACE">Arguments: [ 'Value3' ]</msg>
<msg timestamp="20200929 16:32:51.913" level="INFO">Value3</msg>
<msg timestamp="20200929 16:32:51.913" level="TRACE">Return: None</msg>
<status status="PASS" starttime="20200929 16:32:51.913" endtime="20200929 16:32:51.913"></status>
</kw>
<status status="PASS" starttime="20200929 16:32:51.912" endtime="20200929 16:32:51.913"></status>
</kw>
<status status="PASS" starttime="20200929 16:32:51.910" endtime="20200929 16:32:51.913"></status>
</kw>
<status status="PASS" starttime="20200929 16:32:51.910" endtime="20200929 16:32:51.913" critical="yes"></status>
</test>
<test id="s1-s1-t5" name="Use &quot;Convert To Binary&quot;">
<kw name="Set Variable" library="BuiltIn">
<doc>Returns the given values which can then be assigned to a variables.</doc>
<arguments>
<arg>10</arg>
</arguments>
<assign>
<var>${variable}</var>
</assign>
<msg timestamp="20200929 16:32:51.915" level="TRACE">Arguments: [ '10' ]</msg>
<msg timestamp="20200929 16:32:51.915" level="TRACE">Return: '10'</msg>
<msg timestamp="20200929 16:32:51.915" level="INFO">${variable} = 10</msg>
<status status="PASS" starttime="20200929 16:32:51.915" endtime="20200929 16:32:51.915"></status>
</kw>
<kw name="Should Be Equal" library="BuiltIn">
<doc>Fails if the given objects are unequal.</doc>
<arguments>
<arg>${variable}</arg>
<arg>10</arg>
</arguments>
<msg timestamp="20200929 16:32:51.915" level="TRACE">Arguments: [ '10' | '10' ]</msg>
<msg timestamp="20200929 16:32:51.915" level="DEBUG">Argument types are:
&lt;type 'unicode'&gt;
&lt;type 'unicode'&gt;</msg>
<msg timestamp="20200929 16:32:51.915" level="TRACE">Return: None</msg>
<status status="PASS" starttime="20200929 16:32:51.915" endtime="20200929 16:32:51.915"></status>
</kw>
<kw name="Convert To Binary" library="BuiltIn">
<doc>Converts the given item to a binary string.</doc>
<arguments>
<arg>${variable}</arg>
<arg>base=10</arg>
</arguments>
<assign>
<var>${binary_string}</var>
</assign>
<msg timestamp="20200929 16:32:51.916" level="TRACE">Arguments: [ '10' | base='10' ]</msg>
<msg timestamp="20200929 16:32:51.916" level="DEBUG">Argument types are:
&lt;type 'unicode'&gt;</msg>
<msg timestamp="20200929 16:32:51.916" level="TRACE">Return: '1010'</msg>
<msg timestamp="20200929 16:32:51.916" level="INFO">${binary_string} = 1010</msg>
<status status="PASS" starttime="20200929 16:32:51.915" endtime="20200929 16:32:51.916"></status>
</kw>
<kw name="Should Be Equal" library="BuiltIn">
<doc>Fails if the given objects are unequal.</doc>
<arguments>
<arg>${binary_string}</arg>
<arg>1010</arg>
</arguments>
<msg timestamp="20200929 16:32:51.916" level="TRACE">Arguments: [ '1010' | '1010' ]</msg>
<msg timestamp="20200929 16:32:51.916" level="DEBUG">Argument types are:
&lt;type 'unicode'&gt;
&lt;type 'unicode'&gt;</msg>
<msg timestamp="20200929 16:32:51.916" level="TRACE">Return: None</msg>
<status status="PASS" starttime="20200929 16:32:51.916" endtime="20200929 16:32:51.916"></status>
</kw>
<kw name="Set Variable" library="BuiltIn">
<doc>Returns the given values which can then be assigned to a variables.</doc>
<arguments>
<arg>F</arg>
</arguments>
<assign>
<var>${variable}</var>
</assign>
<msg timestamp="20200929 16:32:51.916" level="TRACE">Arguments: [ 'F' ]</msg>
<msg timestamp="20200929 16:32:51.916" level="TRACE">Return: 'F'</msg>
<msg timestamp="20200929 16:32:51.917" level="INFO">${variable} = F</msg>
<status status="PASS" starttime="20200929 16:32:51.916" endtime="20200929 16:32:51.917"></status>
</kw>
<kw name="Convert To Binary" library="BuiltIn">
<doc>Converts the given item to a binary string.</doc>
<arguments>
<arg>${variable}</arg>
<arg>base=16</arg>
<arg>prefix=0b</arg>
<arg>length=8</arg>
</arguments>
<assign>
<var>${binary_string}</var>
</assign>
<msg timestamp="20200929 16:32:51.917" level="TRACE">Arguments: [ 'F' | base='16' | prefix='0b' | length='8' ]</msg>
<msg timestamp="20200929 16:32:51.917" level="DEBUG">Argument types are:
&lt;type 'unicode'&gt;</msg>
<msg timestamp="20200929 16:32:51.917" level="TRACE">Return: '0b00001111'</msg>
<msg timestamp="20200929 16:32:51.917" level="INFO">${binary_string} = 0b00001111</msg>
<status status="PASS" starttime="20200929 16:32:51.917" endtime="20200929 16:32:51.917"></status>
</kw>
<kw name="Should Be Equal" library="BuiltIn">
<doc>Fails if the given objects are unequal.</doc>
<arguments>
<arg>${binary_string}</arg>
<arg>0x00001111</arg>
</arguments>
<msg timestamp="20200929 16:32:51.918" level="TRACE">Arguments: [ '0b00001111' | '0x00001111' ]</msg>
<msg timestamp="20200929 16:32:51.918" level="DEBUG">Argument types are:
&lt;type 'unicode'&gt;
&lt;type 'unicode'&gt;</msg>
<msg timestamp="20200929 16:32:51.918" level="FAIL">0b00001111 != 0x00001111</msg>
<msg timestamp="20200929 16:32:51.918" level="DEBUG">Traceback (most recent call last):
  None</msg>
<status status="FAIL" starttime="20200929 16:32:51.917" endtime="20200929 16:32:51.918"></status>
</kw>
<doc>"Convert To Binary" keyword accepts a STRING as its first argument.
The string first argument is first passed to "Convert To Integer"
keyword and the result is then converted to a binary number represented as a string
If you passed an INTEGER as its first argument, the test will fail</doc>
<status status="FAIL" starttime="20200929 16:32:51.914" endtime="20200929 16:32:51.925" critical="yes">0b00001111 != 0x00001111</status>
</test>
<test id="s1-s1-t6" name="Use &quot;Convert To Boolean&quot;">
<kw name="Convert To Boolean" library="BuiltIn">
<doc>Converts the given item to Boolean true or false.</doc>
<arguments>
<arg>True</arg>
</arguments>
<assign>
<var>${bool}</var>
</assign>
<msg timestamp="20200929 16:32:51.928" level="TRACE">Arguments: [ 'True' ]</msg>
<msg timestamp="20200929 16:32:51.928" level="DEBUG">Argument types are:
&lt;type 'unicode'&gt;</msg>
<msg timestamp="20200929 16:32:51.928" level="TRACE">Return: True</msg>
<msg timestamp="20200929 16:32:51.928" level="INFO">${bool} = True</msg>
<status status="PASS" starttime="20200929 16:32:51.928" endtime="20200929 16:32:51.928"></status>
</kw>
<kw name="Should Be Equal" library="BuiltIn">
<doc>Fails if the given objects are unequal.</doc>
<arguments>
<arg>${bool}</arg>
<arg>${True}</arg>
</arguments>
<msg timestamp="20200929 16:32:51.929" level="TRACE">Arguments: [ True | True ]</msg>
<msg timestamp="20200929 16:32:51.929" level="DEBUG">Argument types are:
&lt;class 'bool'&gt;
&lt;class 'bool'&gt;</msg>
<msg timestamp="20200929 16:32:51.929" level="TRACE">Return: None</msg>
<status status="PASS" starttime="20200929 16:32:51.929" endtime="20200929 16:32:51.929"></status>
</kw>
<kw name="Convert To Boolean" library="BuiltIn">
<doc>Converts the given item to Boolean true or false.</doc>
<arguments>
<arg>False</arg>
</arguments>
<assign>
<var>${bool}</var>
</assign>
<msg timestamp="20200929 16:32:51.929" level="TRACE">Arguments: [ 'False' ]</msg>
<msg timestamp="20200929 16:32:51.929" level="DEBUG">Argument types are:
&lt;type 'unicode'&gt;</msg>
<msg timestamp="20200929 16:32:51.929" level="TRACE">Return: False</msg>
<msg timestamp="20200929 16:32:51.929" level="INFO">${bool} = False</msg>
<status status="PASS" starttime="20200929 16:32:51.929" endtime="20200929 16:32:51.929"></status>
</kw>
<kw name="Should Be Equal" library="BuiltIn">
<doc>Fails if the given objects are unequal.</doc>
<arguments>
<arg>${bool}</arg>
<arg>${False}</arg>
</arguments>
<msg timestamp="20200929 16:32:51.930" level="TRACE">Arguments: [ False | False ]</msg>
<msg timestamp="20200929 16:32:51.930" level="DEBUG">Argument types are:
&lt;class 'bool'&gt;
&lt;class 'bool'&gt;</msg>
<msg timestamp="20200929 16:32:51.930" level="TRACE">Return: None</msg>
<status status="PASS" starttime="20200929 16:32:51.929" endtime="20200929 16:32:51.930"></status>
</kw>
<kw name="Create Dictionary" library="BuiltIn">
<doc>Creates and returns a dictionary based on the given ``items``.</doc>
<assign>
<var>${empty}</var>
</assign>
<msg timestamp="20200929 16:32:51.930" level="TRACE">Arguments: [  ]</msg>
<msg timestamp="20200929 16:32:51.930" level="TRACE">Return: {}</msg>
<msg timestamp="20200929 16:32:51.930" level="INFO">${empty} = {}</msg>
<status status="PASS" starttime="20200929 16:32:51.930" endtime="20200929 16:32:51.930"></status>
</kw>
<kw name="Convert To Boolean" library="BuiltIn">
<doc>Converts the given item to Boolean true or false.</doc>
<arguments>
<arg>${empty}</arg>
</arguments>
<assign>
<var>${bool}</var>
</assign>
<msg timestamp="20200929 16:32:51.930" level="TRACE">Arguments: [ {} ]</msg>
<msg timestamp="20200929 16:32:51.930" level="DEBUG">Argument types are:
&lt;class 'robot.utils.dotdict.DotDict'&gt;</msg>
<msg timestamp="20200929 16:32:51.930" level="TRACE">Return: False</msg>
<msg timestamp="20200929 16:32:51.930" level="INFO">${bool} = False</msg>
<status status="PASS" starttime="20200929 16:32:51.930" endtime="20200929 16:32:51.931"></status>
</kw>
<kw name="Should Be Equal" library="BuiltIn">
<doc>Fails if the given objects are unequal.</doc>
<arguments>
<arg>${bool}</arg>
<arg>${False}</arg>
</arguments>
<msg timestamp="20200929 16:32:51.931" level="TRACE">Arguments: [ False | False ]</msg>
<msg timestamp="20200929 16:32:51.931" level="DEBUG">Argument types are:
&lt;class 'bool'&gt;
&lt;class 'bool'&gt;</msg>
<msg timestamp="20200929 16:32:51.931" level="TRACE">Return: None</msg>
<status status="PASS" starttime="20200929 16:32:51.931" endtime="20200929 16:32:51.931"></status>
</kw>
<kw name="Create Dictionary" library="BuiltIn">
<doc>Creates and returns a dictionary based on the given ``items``.</doc>
<arguments>
<arg>key=value</arg>
</arguments>
<assign>
<var>${non-empty}</var>
</assign>
<msg timestamp="20200929 16:32:51.931" level="TRACE">Arguments: [ 'key=value' ]</msg>
<msg timestamp="20200929 16:32:51.931" level="TRACE">Return: {'key': 'value'}</msg>
<msg timestamp="20200929 16:32:51.931" level="INFO">${non-empty} = {'key': 'value'}</msg>
<status status="PASS" starttime="20200929 16:32:51.931" endtime="20200929 16:32:51.931"></status>
</kw>
<kw name="Convert To Boolean" library="BuiltIn">
<doc>Converts the given item to Boolean true or false.</doc>
<arguments>
<arg>${non-empty}</arg>
</arguments>
<assign>
<var>${bool}</var>
</assign>
<msg timestamp="20200929 16:32:51.932" level="TRACE">Arguments: [ {'key': 'value'} ]</msg>
<msg timestamp="20200929 16:32:51.932" level="DEBUG">Argument types are:
&lt;class 'robot.utils.dotdict.DotDict'&gt;</msg>
<msg timestamp="20200929 16:32:51.932" level="TRACE">Return: True</msg>
<msg timestamp="20200929 16:32:51.932" level="INFO">${bool} = True</msg>
<status status="PASS" starttime="20200929 16:32:51.932" endtime="20200929 16:32:51.932"></status>
</kw>
<kw name="Should Be Equal" library="BuiltIn">
<doc>Fails if the given objects are unequal.</doc>
<arguments>
<arg>${bool}</arg>
<arg>${True}</arg>
</arguments>
<msg timestamp="20200929 16:32:51.932" level="TRACE">Arguments: [ True | True ]</msg>
<msg timestamp="20200929 16:32:51.932" level="DEBUG">Argument types are:
&lt;class 'bool'&gt;
&lt;class 'bool'&gt;</msg>
<msg timestamp="20200929 16:32:51.932" level="TRACE">Return: None</msg>
<status status="PASS" starttime="20200929 16:32:51.932" endtime="20200929 16:32:51.932"></status>
</kw>
<kw name="Create List" library="BuiltIn">
<doc>Returns a list containing given items.</doc>
<assign>
<var>${empty}</var>
</assign>
<msg timestamp="20200929 16:32:51.933" level="TRACE">Arguments: [  ]</msg>
<msg timestamp="20200929 16:32:51.933" level="TRACE">Return: []</msg>
<msg timestamp="20200929 16:32:51.933" level="INFO">${empty} = []</msg>
<status status="PASS" starttime="20200929 16:32:51.933" endtime="20200929 16:32:51.933"></status>
</kw>
<kw name="Convert To Boolean" library="BuiltIn">
<doc>Converts the given item to Boolean true or false.</doc>
<arguments>
<arg>${empty}</arg>
</arguments>
<assign>
<var>${bool}</var>
</assign>
<msg timestamp="20200929 16:32:51.933" level="TRACE">Arguments: [ [] ]</msg>
<msg timestamp="20200929 16:32:51.933" level="DEBUG">Argument types are:
&lt;class 'list'&gt;</msg>
<msg timestamp="20200929 16:32:51.933" level="TRACE">Return: False</msg>
<msg timestamp="20200929 16:32:51.933" level="INFO">${bool} = False</msg>
<status status="PASS" starttime="20200929 16:32:51.933" endtime="20200929 16:32:51.933"></status>
</kw>
<kw name="Should Be Equal" library="BuiltIn">
<doc>Fails if the given objects are unequal.</doc>
<arguments>
<arg>${bool}</arg>
<arg>${False}</arg>
</arguments>
<msg timestamp="20200929 16:32:51.933" level="TRACE">Arguments: [ False | False ]</msg>
<msg timestamp="20200929 16:32:51.934" level="DEBUG">Argument types are:
&lt;class 'bool'&gt;
&lt;class 'bool'&gt;</msg>
<msg timestamp="20200929 16:32:51.934" level="TRACE">Return: None</msg>
<status status="PASS" starttime="20200929 16:32:51.933" endtime="20200929 16:32:51.934"></status>
</kw>
<kw name="Create List" library="BuiltIn">
<doc>Returns a list containing given items.</doc>
<arguments>
<arg>1</arg>
<arg>2</arg>
<arg>3</arg>
</arguments>
<assign>
<var>${non-empty}</var>
</assign>
<msg timestamp="20200929 16:32:51.934" level="TRACE">Arguments: [ '1' | '2' | '3' ]</msg>
<msg timestamp="20200929 16:32:51.934" level="TRACE">Return: ['1', '2', '3']</msg>
<msg timestamp="20200929 16:32:51.934" level="INFO">${non-empty} = ['1', '2', '3']</msg>
<status status="PASS" starttime="20200929 16:32:51.934" endtime="20200929 16:32:51.934"></status>
</kw>
<kw name="Convert To Boolean" library="BuiltIn">
<doc>Converts the given item to Boolean true or false.</doc>
<arguments>
<arg>${non-empty}</arg>
</arguments>
<assign>
<var>${bool}</var>
</assign>
<msg timestamp="20200929 16:32:51.934" level="TRACE">Arguments: [ ['1', '2', '3'] ]</msg>
<msg timestamp="20200929 16:32:51.934" level="DEBUG">Argument types are:
&lt;class 'list'&gt;</msg>
<msg timestamp="20200929 16:32:51.934" level="TRACE">Return: True</msg>
<msg timestamp="20200929 16:32:51.934" level="INFO">${bool} = True</msg>
<status status="PASS" starttime="20200929 16:32:51.934" endtime="20200929 16:32:51.934"></status>
</kw>
<kw name="Should Be Equal" library="BuiltIn">
<doc>Fails if the given objects are unequal.</doc>
<arguments>
<arg>${bool}</arg>
<arg>${True}</arg>
</arguments>
<msg timestamp="20200929 16:32:51.935" level="TRACE">Arguments: [ True | True ]</msg>
<msg timestamp="20200929 16:32:51.935" level="DEBUG">Argument types are:
&lt;class 'bool'&gt;
&lt;class 'bool'&gt;</msg>
<msg timestamp="20200929 16:32:51.935" level="TRACE">Return: None</msg>
<status status="PASS" starttime="20200929 16:32:51.935" endtime="20200929 16:32:51.935"></status>
</kw>
<status status="PASS" starttime="20200929 16:32:51.927" endtime="20200929 16:32:51.935" critical="yes"></status>
</test>
<test id="s1-s1-t7" name="Use &quot;Convert To Integer&quot;">
<kw name="Convert To Integer" library="BuiltIn">
<doc>Converts the given item to an integer number.</doc>
<arguments>
<arg>10</arg>
</arguments>
<assign>
<var>${variable}</var>
</assign>
<msg timestamp="20200929 16:32:51.936" level="TRACE">Arguments: [ '10' ]</msg>
<msg timestamp="20200929 16:32:51.937" level="DEBUG">Argument types are:
&lt;type 'unicode'&gt;</msg>
<msg timestamp="20200929 16:32:51.937" level="TRACE">Return: 10</msg>
<msg timestamp="20200929 16:32:51.943" level="INFO">${variable} = 10</msg>
<status status="PASS" starttime="20200929 16:32:51.936" endtime="20200929 16:32:51.943"></status>
</kw>
<kw name="Should Be Equal" library="BuiltIn">
<doc>Fails if the given objects are unequal.</doc>
<arguments>
<arg>${variable}</arg>
<arg>${10}</arg>
</arguments>
<msg timestamp="20200929 16:32:51.943" level="TRACE">Arguments: [ 10 | 10 ]</msg>
<msg timestamp="20200929 16:32:51.944" level="DEBUG">Argument types are:
&lt;class 'int'&gt;
&lt;class 'int'&gt;</msg>
<msg timestamp="20200929 16:32:51.944" level="TRACE">Return: None</msg>
<status status="PASS" starttime="20200929 16:32:51.943" endtime="20200929 16:32:51.944"></status>
</kw>
<kw name="Is Integer In Python" library="Utils">
<arguments>
<arg>${variable}</arg>
</arguments>
<assign>
<var>${isInteger}</var>
</assign>
<msg timestamp="20200929 16:32:51.944" level="TRACE">Arguments: [ 10 ]</msg>
<msg timestamp="20200929 16:32:51.944" level="TRACE">Return: True</msg>
<msg timestamp="20200929 16:32:51.944" level="INFO">${isInteger} = True</msg>
<status status="PASS" starttime="20200929 16:32:51.944" endtime="20200929 16:32:51.944"></status>
</kw>
<kw name="Should Be Equal" library="BuiltIn">
<doc>Fails if the given objects are unequal.</doc>
<arguments>
<arg>${isInteger}</arg>
<arg>${True}</arg>
</arguments>
<msg timestamp="20200929 16:32:51.946" level="TRACE">Arguments: [ True | True ]</msg>
<msg timestamp="20200929 16:32:51.946" level="DEBUG">Argument types are:
&lt;class 'bool'&gt;
&lt;class 'bool'&gt;</msg>
<msg timestamp="20200929 16:32:51.946" level="TRACE">Return: None</msg>
<status status="PASS" starttime="20200929 16:32:51.944" endtime="20200929 16:32:51.946"></status>
</kw>
<kw name="Convert To Integer" library="BuiltIn">
<doc>Converts the given item to an integer number.</doc>
<arguments>
<arg>item=FF AA</arg>
<arg>base=16</arg>
</arguments>
<assign>
<var>${variable}</var>
</assign>
<msg timestamp="20200929 16:32:51.946" level="TRACE">Arguments: [ item='FF AA' | base='16' ]</msg>
<msg timestamp="20200929 16:32:51.946" level="DEBUG">Argument types are:
&lt;type 'unicode'&gt;</msg>
<msg timestamp="20200929 16:32:51.947" level="TRACE">Return: 65450</msg>
<msg timestamp="20200929 16:32:51.947" level="INFO">${variable} = 65450</msg>
<status status="PASS" starttime="20200929 16:32:51.946" endtime="20200929 16:32:51.948"></status>
</kw>
<kw name="Convert To Integer" library="BuiltIn">
<doc>Converts the given item to an integer number.</doc>
<arguments>
<arg>item=65450</arg>
</arguments>
<assign>
<var>${expected_value}</var>
</assign>
<msg timestamp="20200929 16:32:51.948" level="TRACE">Arguments: [ item='65450' ]</msg>
<msg timestamp="20200929 16:32:51.948" level="DEBUG">Argument types are:
&lt;type 'unicode'&gt;</msg>
<msg timestamp="20200929 16:32:51.948" level="TRACE">Return: 65450</msg>
<msg timestamp="20200929 16:32:51.948" level="INFO">${expected_value} = 65450</msg>
<status status="PASS" starttime="20200929 16:32:51.948" endtime="20200929 16:32:51.948"></status>
</kw>
<kw name="Should Be Equal" library="BuiltIn">
<doc>Fails if the given objects are unequal.</doc>
<arguments>
<arg>${variable}</arg>
<arg>${expected_value}</arg>
</arguments>
<msg timestamp="20200929 16:32:51.948" level="TRACE">Arguments: [ 65450 | 65450 ]</msg>
<msg timestamp="20200929 16:32:51.948" level="DEBUG">Argument types are:
&lt;class 'int'&gt;
&lt;class 'int'&gt;</msg>
<msg timestamp="20200929 16:32:51.949" level="TRACE">Return: None</msg>
<status status="PASS" starttime="20200929 16:32:51.948" endtime="20200929 16:32:51.949"></status>
</kw>
<doc>Convert To Integer item, base=None
Converts the given STRING item in a given base to an integer in base 10
The resulting integer is indeed recognized by Python as an integer type</doc>
<status status="PASS" starttime="20200929 16:32:51.935" endtime="20200929 16:32:51.956" critical="yes"></status>
</test>
<test id="s1-s1-t8" name="Use &quot;Convert To Bytes&quot;">
<kw name="Fail" library="BuiltIn">
<doc>Fails the test with the given message and optionally alters its tags.</doc>
<arguments>
<arg>Should Be Implemented</arg>
</arguments>
<msg timestamp="20200929 16:32:51.959" level="TRACE">Arguments: [ 'Should Be Implemented' ]</msg>
<msg timestamp="20200929 16:32:51.959" level="FAIL">Should Be Implemented</msg>
<msg timestamp="20200929 16:32:51.960" level="DEBUG">Traceback (most recent call last):
  None</msg>
<status status="FAIL" starttime="20200929 16:32:51.959" endtime="20200929 16:32:51.960"></status>
</kw>
<doc>https://robotframework.org/robotframework/latest/libraries/BuiltIn.html#Convert%20To%20Bytes
The description is unclear. To be reviewed</doc>
<tags>
<tag>not-understood</tag>
</tags>
<status status="FAIL" starttime="20200929 16:32:51.956" endtime="20200929 16:32:51.960" critical="yes">Should Be Implemented</status>
</test>
<test id="s1-s1-t9" name="Use &quot;Convert To Hex&quot;">
<kw name="Convert To Hex" library="BuiltIn">
<doc>Converts the given item to a hexadecimal string.</doc>
<arguments>
<arg>255</arg>
<arg>base=10</arg>
<arg>prefix=0x</arg>
</arguments>
<assign>
<var>${hex_value}</var>
</assign>
<msg timestamp="20200929 16:32:51.961" level="TRACE">Arguments: [ '255' | base='10' | prefix='0x' ]</msg>
<msg timestamp="20200929 16:32:51.961" level="DEBUG">Argument types are:
&lt;type 'unicode'&gt;</msg>
<msg timestamp="20200929 16:32:51.961" level="TRACE">Return: '0xFF'</msg>
<msg timestamp="20200929 16:32:51.961" level="INFO">${hex_value} = 0xFF</msg>
<status status="PASS" starttime="20200929 16:32:51.961" endtime="20200929 16:32:51.961"></status>
</kw>
<kw name="Is String In Python" library="Utils">
<arguments>
<arg>${hex_value}</arg>
</arguments>
<assign>
<var>${isString}</var>
</assign>
<msg timestamp="20200929 16:32:51.966" level="TRACE">Arguments: [ '0xFF' ]</msg>
<msg timestamp="20200929 16:32:51.966" level="TRACE">Return: True</msg>
<msg timestamp="20200929 16:32:51.966" level="INFO">${isString} = True</msg>
<status status="PASS" starttime="20200929 16:32:51.966" endtime="20200929 16:32:51.966"></status>
</kw>
<kw name="Should Be True" library="BuiltIn">
<doc>Fails if the given condition is not true.</doc>
<arguments>
<arg>${isString}</arg>
</arguments>
<msg timestamp="20200929 16:32:51.966" level="TRACE">Arguments: [ True ]</msg>
<msg timestamp="20200929 16:32:51.967" level="TRACE">Return: None</msg>
<status status="PASS" starttime="20200929 16:32:51.966" endtime="20200929 16:32:51.967"></status>
</kw>
<kw name="Should Be True" library="BuiltIn">
<doc>Fails if the given condition is not true.</doc>
<arguments>
<arg>${hex_value}==${0xFF}</arg>
</arguments>
<msg timestamp="20200929 16:32:51.967" level="TRACE">Arguments: [ '0xFF==255' ]</msg>
<msg timestamp="20200929 16:32:51.967" level="TRACE">Return: None</msg>
<status status="PASS" starttime="20200929 16:32:51.967" endtime="20200929 16:32:51.967"></status>
</kw>
<kw name="Convert To Hex" library="BuiltIn">
<doc>Converts the given item to a hexadecimal string.</doc>
<arguments>
<arg>-10</arg>
<arg>prefix=0x</arg>
<arg>length=2</arg>
</arguments>
<assign>
<var>${result}</var>
</assign>
<msg timestamp="20200929 16:32:51.967" level="TRACE">Arguments: [ '-10' | prefix='0x' | length='2' ]</msg>
<msg timestamp="20200929 16:32:51.967" level="DEBUG">Argument types are:
&lt;type 'unicode'&gt;</msg>
<msg timestamp="20200929 16:32:51.968" level="TRACE">Return: '-0x0A'</msg>
<msg timestamp="20200929 16:32:51.968" level="INFO">${result} = -0x0A</msg>
<status status="PASS" starttime="20200929 16:32:51.967" endtime="20200929 16:32:51.968"></status>
</kw>
<kw name="Should Be True" library="BuiltIn">
<doc>Fails if the given condition is not true.</doc>
<arguments>
<arg>${result}==-${0x0A}</arg>
</arguments>
<msg timestamp="20200929 16:32:51.968" level="TRACE">Arguments: [ '-0x0A==-10' ]</msg>
<msg timestamp="20200929 16:32:51.968" level="TRACE">Return: None</msg>
<status status="PASS" starttime="20200929 16:32:51.968" endtime="20200929 16:32:51.968"></status>
</kw>
<kw name="Convert To Hex" library="BuiltIn">
<doc>Converts the given item to a hexadecimal string.</doc>
<arguments>
<arg>255</arg>
<arg>prefix=X</arg>
<arg>lowercase=yes</arg>
</arguments>
<assign>
<var>${result}</var>
</assign>
<msg timestamp="20200929 16:32:51.968" level="TRACE">Arguments: [ '255' | prefix='X' | lowercase=True ]</msg>
<msg timestamp="20200929 16:32:51.968" level="DEBUG">Argument types are:
&lt;type 'unicode'&gt;</msg>
<msg timestamp="20200929 16:32:51.968" level="TRACE">Return: 'Xff'</msg>
<msg timestamp="20200929 16:32:51.969" level="INFO">${result} = Xff</msg>
<status status="PASS" starttime="20200929 16:32:51.968" endtime="20200929 16:32:51.969"></status>
</kw>
<kw name="Should Be True" library="BuiltIn">
<doc>Fails if the given condition is not true.</doc>
<arguments>
<arg>$result=='Xff'</arg>
</arguments>
<msg timestamp="20200929 16:32:51.969" level="TRACE">Arguments: [ "$result=='Xff'" ]</msg>
<msg timestamp="20200929 16:32:52.003" level="TRACE">Return: None</msg>
<status status="PASS" starttime="20200929 16:32:51.969" endtime="20200929 16:32:52.003"></status>
</kw>
<doc>Convert To Hex item, base=None, prefix=None, length=None, lowercase=False
Converts the given item to a hexadecimal string.
The item, with an optional base, is first converted to an integer using "Convert To Integer" internally.
After that it is converted to a hexadecimal number (base 16) represented as a string such as FF0A.
The outcome of "Convert To Hex" is a (hexadecimal) string, which is recognized as string in Python</doc>
<status status="PASS" starttime="20200929 16:32:51.960" endtime="20200929 16:32:52.003" critical="yes"></status>
</test>
<test id="s1-s1-t10" name="Use &quot;Convert To Integer (in base 10)&quot;">
<kw name="Convert To Integer" library="BuiltIn">
<doc>Converts the given item to an integer number.</doc>
<arguments>
<arg>100</arg>
</arguments>
<assign>
<var>${result}</var>
</assign>
<msg timestamp="20200929 16:32:52.008" level="TRACE">Arguments: [ '100' ]</msg>
<msg timestamp="20200929 16:32:52.008" level="DEBUG">Argument types are:
&lt;type 'unicode'&gt;</msg>
<msg timestamp="20200929 16:32:52.008" level="TRACE">Return: 100</msg>
<msg timestamp="20200929 16:32:52.008" level="INFO">${result} = 100</msg>
<status status="PASS" starttime="20200929 16:32:52.007" endtime="20200929 16:32:52.008"></status>
</kw>
<kw name="Is Integer In Python" library="Utils">
<arguments>
<arg>${result}</arg>
</arguments>
<assign>
<var>${isInt}</var>
</assign>
<msg timestamp="20200929 16:32:52.008" level="TRACE">Arguments: [ 100 ]</msg>
<msg timestamp="20200929 16:32:52.008" level="TRACE">Return: True</msg>
<msg timestamp="20200929 16:32:52.008" level="INFO">${isInt} = True</msg>
<status status="PASS" starttime="20200929 16:32:52.008" endtime="20200929 16:32:52.008"></status>
</kw>
<kw name="Should Be True" library="BuiltIn">
<doc>Fails if the given condition is not true.</doc>
<arguments>
<arg>${isInt}</arg>
<arg>${True}</arg>
</arguments>
<msg timestamp="20200929 16:32:52.009" level="TRACE">Arguments: [ True | True ]</msg>
<msg timestamp="20200929 16:32:52.009" level="TRACE">Return: None</msg>
<status status="PASS" starttime="20200929 16:32:52.008" endtime="20200929 16:32:52.009"></status>
</kw>
<kw name="Convert To Integer" library="BuiltIn">
<doc>Converts the given item to an integer number.</doc>
<arguments>
<arg>FF AA</arg>
<arg>base=16</arg>
</arguments>
<assign>
<var>${result}</var>
</assign>
<msg timestamp="20200929 16:32:52.012" level="TRACE">Arguments: [ 'FF AA' | base='16' ]</msg>
<msg timestamp="20200929 16:32:52.012" level="DEBUG">Argument types are:
&lt;type 'unicode'&gt;</msg>
<msg timestamp="20200929 16:32:52.013" level="TRACE">Return: 65450</msg>
<msg timestamp="20200929 16:32:52.013" level="INFO">${result} = 65450</msg>
<status status="PASS" starttime="20200929 16:32:52.012" endtime="20200929 16:32:52.013"></status>
</kw>
<kw name="Convert To Integer" library="BuiltIn">
<doc>Converts the given item to an integer number.</doc>
<arguments>
<arg>100</arg>
<arg>base=8</arg>
</arguments>
<assign>
<var>${result}</var>
</assign>
<msg timestamp="20200929 16:32:52.013" level="TRACE">Arguments: [ '100' | base='8' ]</msg>
<msg timestamp="20200929 16:32:52.013" level="DEBUG">Argument types are:
&lt;type 'unicode'&gt;</msg>
<msg timestamp="20200929 16:32:52.013" level="TRACE">Return: 64</msg>
<msg timestamp="20200929 16:32:52.013" level="INFO">${result} = 64</msg>
<status status="PASS" starttime="20200929 16:32:52.013" endtime="20200929 16:32:52.013"></status>
</kw>
<kw name="Convert To Integer" library="BuiltIn">
<doc>Converts the given item to an integer number.</doc>
<arguments>
<arg>-100</arg>
<arg>base=2</arg>
</arguments>
<assign>
<var>${result}</var>
</assign>
<msg timestamp="20200929 16:32:52.013" level="TRACE">Arguments: [ '-100' | base='2' ]</msg>
<msg timestamp="20200929 16:32:52.013" level="DEBUG">Argument types are:
&lt;type 'unicode'&gt;</msg>
<msg timestamp="20200929 16:32:52.013" level="TRACE">Return: -4</msg>
<msg timestamp="20200929 16:32:52.014" level="INFO">${result} = -4</msg>
<status status="PASS" starttime="20200929 16:32:52.013" endtime="20200929 16:32:52.014"></status>
</kw>
<kw name="Convert To Integer" library="BuiltIn">
<doc>Converts the given item to an integer number.</doc>
<arguments>
<arg>0b100</arg>
</arguments>
<assign>
<var>${result}</var>
</assign>
<msg timestamp="20200929 16:32:52.014" level="TRACE">Arguments: [ '0b100' ]</msg>
<msg timestamp="20200929 16:32:52.014" level="DEBUG">Argument types are:
&lt;type 'unicode'&gt;</msg>
<msg timestamp="20200929 16:32:52.014" level="TRACE">Return: 4</msg>
<msg timestamp="20200929 16:32:52.014" level="INFO">${result} = 4</msg>
<status status="PASS" starttime="20200929 16:32:52.014" endtime="20200929 16:32:52.014"></status>
</kw>
<kw name="Convert To Integer" library="BuiltIn">
<doc>Converts the given item to an integer number.</doc>
<arguments>
<arg>-0x100</arg>
</arguments>
<assign>
<var>${result}</var>
</assign>
<msg timestamp="20200929 16:32:52.014" level="TRACE">Arguments: [ '-0x100' ]</msg>
<msg timestamp="20200929 16:32:52.014" level="DEBUG">Argument types are:
&lt;type 'unicode'&gt;</msg>
<msg timestamp="20200929 16:32:52.014" level="TRACE">Return: -256</msg>
<msg timestamp="20200929 16:32:52.014" level="INFO">${result} = -256</msg>
<status status="PASS" starttime="20200929 16:32:52.014" endtime="20200929 16:32:52.014"></status>
</kw>
<doc>Convert To Integer item, base=None
Converts the given item to an integer number in base 10</doc>
<status status="PASS" starttime="20200929 16:32:52.005" endtime="20200929 16:32:52.015" critical="yes"></status>
</test>
<test id="s1-s1-t11" name="Use &quot;Convert To (Floating Point) Number&quot;">
<kw name="Convert To Number" library="BuiltIn">
<doc>Converts the given item to a floating point number.</doc>
<arguments>
<arg>42.512783</arg>
</arguments>
<assign>
<var>${variable}</var>
</assign>
<msg timestamp="20200929 16:32:52.017" level="TRACE">Arguments: [ '42.512783' ]</msg>
<msg timestamp="20200929 16:32:52.017" level="DEBUG">Argument types are:
&lt;type 'unicode'&gt;</msg>
<msg timestamp="20200929 16:32:52.017" level="TRACE">Return: 42.512783</msg>
<msg timestamp="20200929 16:32:52.017" level="INFO">${variable} = 42.512783</msg>
<status status="PASS" starttime="20200929 16:32:52.017" endtime="20200929 16:32:52.017"></status>
</kw>
<kw name="Is Float In Python" library="Utils">
<arguments>
<arg>${variable}</arg>
</arguments>
<assign>
<var>${isFloat}</var>
</assign>
<msg timestamp="20200929 16:32:52.019" level="TRACE">Arguments: [ 42.512783 ]</msg>
<msg timestamp="20200929 16:32:52.019" level="TRACE">Return: True</msg>
<msg timestamp="20200929 16:32:52.019" level="INFO">${isFloat} = True</msg>
<status status="PASS" starttime="20200929 16:32:52.019" endtime="20200929 16:32:52.019"></status>
</kw>
<kw name="Should Be Equal" library="BuiltIn">
<doc>Fails if the given objects are unequal.</doc>
<arguments>
<arg>${isFloat}</arg>
<arg>${True}</arg>
</arguments>
<msg timestamp="20200929 16:32:52.020" level="TRACE">Arguments: [ True | True ]</msg>
<msg timestamp="20200929 16:32:52.020" level="DEBUG">Argument types are:
&lt;class 'bool'&gt;
&lt;class 'bool'&gt;</msg>
<msg timestamp="20200929 16:32:52.020" level="TRACE">Return: None</msg>
<status status="PASS" starttime="20200929 16:32:52.019" endtime="20200929 16:32:52.020"></status>
</kw>
<kw name="Convert To Number" library="BuiltIn">
<doc>Converts the given item to a floating point number.</doc>
<arguments>
<arg>42.512783</arg>
<arg>precision=4</arg>
</arguments>
<assign>
<var>${variable}</var>
</assign>
<msg timestamp="20200929 16:32:52.020" level="TRACE">Arguments: [ '42.512783' | precision='4' ]</msg>
<msg timestamp="20200929 16:32:52.020" level="DEBUG">Argument types are:
&lt;type 'unicode'&gt;</msg>
<msg timestamp="20200929 16:32:52.021" level="TRACE">Return: 42.5128</msg>
<msg timestamp="20200929 16:32:52.021" level="INFO">${variable} = 42.5128</msg>
<status status="PASS" starttime="20200929 16:32:52.020" endtime="20200929 16:32:52.021"></status>
</kw>
<kw name="Should Be Equal" library="BuiltIn">
<doc>Fails if the given objects are unequal.</doc>
<arguments>
<arg>${variable}</arg>
<arg>${42.5128}</arg>
</arguments>
<msg timestamp="20200929 16:32:52.023" level="TRACE">Arguments: [ 42.5128 | 42.5128 ]</msg>
<msg timestamp="20200929 16:32:52.023" level="DEBUG">Argument types are:
&lt;class 'float'&gt;
&lt;class 'float'&gt;</msg>
<msg timestamp="20200929 16:32:52.023" level="TRACE">Return: None</msg>
<status status="PASS" starttime="20200929 16:32:52.023" endtime="20200929 16:32:52.023"></status>
</kw>
<kw name="Convert To Number" library="BuiltIn">
<doc>Converts the given item to a floating point number.</doc>
<arguments>
<arg>42.512783</arg>
<arg>precision=0</arg>
</arguments>
<assign>
<var>${variable}</var>
</assign>
<msg timestamp="20200929 16:32:52.024" level="TRACE">Arguments: [ '42.512783' | precision='0' ]</msg>
<msg timestamp="20200929 16:32:52.024" level="DEBUG">Argument types are:
&lt;type 'unicode'&gt;</msg>
<msg timestamp="20200929 16:32:52.024" level="TRACE">Return: 43.0</msg>
<msg timestamp="20200929 16:32:52.024" level="INFO">${variable} = 43.0</msg>
<status status="PASS" starttime="20200929 16:32:52.023" endtime="20200929 16:32:52.024"></status>
</kw>
<kw name="Should Be Equal" library="BuiltIn">
<doc>Fails if the given objects are unequal.</doc>
<arguments>
<arg>${variable}</arg>
<arg>${43}</arg>
</arguments>
<msg timestamp="20200929 16:32:52.024" level="TRACE">Arguments: [ 43.0 | 43 ]</msg>
<msg timestamp="20200929 16:32:52.024" level="INFO">Argument types are:
&lt;class 'float'&gt;
&lt;class 'int'&gt;</msg>
<msg timestamp="20200929 16:32:52.024" level="TRACE">Return: None</msg>
<status status="PASS" starttime="20200929 16:32:52.024" endtime="20200929 16:32:52.024"></status>
</kw>
<kw name="Convert To Number" library="BuiltIn">
<doc>Converts the given item to a floating point number.</doc>
<arguments>
<arg>42.512783</arg>
<arg>precision=-1</arg>
</arguments>
<assign>
<var>${variable}</var>
</assign>
<msg timestamp="20200929 16:32:52.024" level="TRACE">Arguments: [ '42.512783' | precision='-1' ]</msg>
<msg timestamp="20200929 16:32:52.024" level="DEBUG">Argument types are:
&lt;type 'unicode'&gt;</msg>
<msg timestamp="20200929 16:32:52.025" level="TRACE">Return: 40.0</msg>
<msg timestamp="20200929 16:32:52.025" level="INFO">${variable} = 40.0</msg>
<status status="PASS" starttime="20200929 16:32:52.024" endtime="20200929 16:32:52.025"></status>
</kw>
<kw name="Should Be Equal" library="BuiltIn">
<doc>Fails if the given objects are unequal.</doc>
<arguments>
<arg>${variable}</arg>
<arg>${40.0}</arg>
</arguments>
<msg timestamp="20200929 16:32:52.027" level="TRACE">Arguments: [ 40.0 | 40.0 ]</msg>
<msg timestamp="20200929 16:32:52.027" level="DEBUG">Argument types are:
&lt;class 'float'&gt;
&lt;class 'float'&gt;</msg>
<msg timestamp="20200929 16:32:52.027" level="TRACE">Return: None</msg>
<status status="PASS" starttime="20200929 16:32:52.027" endtime="20200929 16:32:52.027"></status>
</kw>
<kw name="Comment" library="BuiltIn">
<doc>Displays the given messages in the log file as keyword arguments.</doc>
<arguments>
<arg>??? If you want to avoid possible problems with floating point numbers, you can implement custom keywords using</arg>
</arguments>
<msg timestamp="20200929 16:32:52.027" level="TRACE">Arguments: [ '??? If you want to avoid possible problems with floating point numbers, you can implement custom keywords using' ]</msg>
<msg timestamp="20200929 16:32:52.027" level="TRACE">Return: None</msg>
<status status="PASS" starttime="20200929 16:32:52.027" endtime="20200929 16:32:52.028"></status>
</kw>
<kw name="Comment" library="BuiltIn">
<doc>Displays the given messages in the log file as keyword arguments.</doc>
<arguments>
<arg>Python's decimal or fractions modules.</arg>
</arguments>
<msg timestamp="20200929 16:32:52.028" level="TRACE">Arguments: [ "Python's decimal or fractions modules." ]</msg>
<msg timestamp="20200929 16:32:52.028" level="TRACE">Return: None</msg>
<status status="PASS" starttime="20200929 16:32:52.028" endtime="20200929 16:32:52.028"></status>
</kw>
<kw name="Fail" library="BuiltIn">
<doc>Fails the test with the given message and optionally alters its tags.</doc>
<arguments>
<arg>Should Be Implemented</arg>
</arguments>
<msg timestamp="20200929 16:32:52.028" level="TRACE">Arguments: [ 'Should Be Implemented' ]</msg>
<msg timestamp="20200929 16:32:52.028" level="FAIL">Should Be Implemented</msg>
<msg timestamp="20200929 16:32:52.028" level="DEBUG">Traceback (most recent call last):
  None</msg>
<status status="FAIL" starttime="20200929 16:32:52.028" endtime="20200929 16:32:52.028"></status>
</kw>
<doc>Convert To Number item, precision=None
item is a floating point string
Converts the given item to a floating point number, which is indeed recognized as float in Python</doc>
<tags>
<tag>not-understood</tag>
</tags>
<status status="FAIL" starttime="20200929 16:32:52.016" endtime="20200929 16:32:52.028" critical="yes">Should Be Implemented</status>
</test>
<test id="s1-s1-t12" name="Use &quot;Convert To Octal&quot;">
<kw name="Convert To Octal" library="BuiltIn">
<doc>Converts the given item to an octal string.</doc>
<arguments>
<arg>10</arg>
</arguments>
<assign>
<var>${result}</var>
</assign>
<msg timestamp="20200929 16:32:52.031" level="TRACE">Arguments: [ '10' ]</msg>
<msg timestamp="20200929 16:32:52.031" level="DEBUG">Argument types are:
&lt;type 'unicode'&gt;</msg>
<msg timestamp="20200929 16:32:52.031" level="TRACE">Return: '12'</msg>
<msg timestamp="20200929 16:32:52.031" level="INFO">${result} = 12</msg>
<status status="PASS" starttime="20200929 16:32:52.031" endtime="20200929 16:32:52.031"></status>
</kw>
<kw name="Is String In Python" library="Utils">
<arguments>
<arg>${result}</arg>
</arguments>
<assign>
<var>${isString}</var>
</assign>
<msg timestamp="20200929 16:32:52.031" level="TRACE">Arguments: [ '12' ]</msg>
<msg timestamp="20200929 16:32:52.031" level="TRACE">Return: True</msg>
<msg timestamp="20200929 16:32:52.031" level="INFO">${isString} = True</msg>
<status status="PASS" starttime="20200929 16:32:52.031" endtime="20200929 16:32:52.031"></status>
</kw>
<kw name="Should Be Equal" library="BuiltIn">
<doc>Fails if the given objects are unequal.</doc>
<arguments>
<arg>${isString}</arg>
<arg>${True}</arg>
</arguments>
<msg timestamp="20200929 16:32:52.037" level="TRACE">Arguments: [ True | True ]</msg>
<msg timestamp="20200929 16:32:52.037" level="DEBUG">Argument types are:
&lt;class 'bool'&gt;
&lt;class 'bool'&gt;</msg>
<msg timestamp="20200929 16:32:52.037" level="TRACE">Return: None</msg>
<status status="PASS" starttime="20200929 16:32:52.036" endtime="20200929 16:32:52.037"></status>
</kw>
<kw name="Should Be Equal" library="BuiltIn">
<doc>Fails if the given objects are unequal.</doc>
<arguments>
<arg>${result}</arg>
<arg>12</arg>
</arguments>
<msg timestamp="20200929 16:32:52.041" level="TRACE">Arguments: [ '12' | '12' ]</msg>
<msg timestamp="20200929 16:32:52.041" level="DEBUG">Argument types are:
&lt;type 'unicode'&gt;
&lt;type 'unicode'&gt;</msg>
<msg timestamp="20200929 16:32:52.041" level="TRACE">Return: None</msg>
<status status="PASS" starttime="20200929 16:32:52.040" endtime="20200929 16:32:52.041"></status>
</kw>
<kw name="Convert To Octal" library="BuiltIn">
<doc>Converts the given item to an octal string.</doc>
<arguments>
<arg>-F</arg>
<arg>base=16</arg>
<arg>prefix=0</arg>
</arguments>
<assign>
<var>${result}</var>
</assign>
<msg timestamp="20200929 16:32:52.041" level="TRACE">Arguments: [ '-F' | base='16' | prefix='0' ]</msg>
<msg timestamp="20200929 16:32:52.041" level="DEBUG">Argument types are:
&lt;type 'unicode'&gt;</msg>
<msg timestamp="20200929 16:32:52.041" level="TRACE">Return: '-017'</msg>
<msg timestamp="20200929 16:32:52.041" level="INFO">${result} = -017</msg>
<status status="PASS" starttime="20200929 16:32:52.041" endtime="20200929 16:32:52.041"></status>
</kw>
<kw name="Should Be Equal" library="BuiltIn">
<doc>Fails if the given objects are unequal.</doc>
<arguments>
<arg>${result}</arg>
<arg>-017</arg>
</arguments>
<msg timestamp="20200929 16:32:52.047" level="TRACE">Arguments: [ '-017' | '-017' ]</msg>
<msg timestamp="20200929 16:32:52.048" level="DEBUG">Argument types are:
&lt;type 'unicode'&gt;
&lt;type 'unicode'&gt;</msg>
<msg timestamp="20200929 16:32:52.048" level="TRACE">Return: None</msg>
<status status="PASS" starttime="20200929 16:32:52.047" endtime="20200929 16:32:52.048"></status>
</kw>
<kw name="Convert To Octal" library="BuiltIn">
<doc>Converts the given item to an octal string.</doc>
<arguments>
<arg>16</arg>
<arg>prefix=oct</arg>
<arg>length=4</arg>
</arguments>
<assign>
<var>${result}</var>
</assign>
<msg timestamp="20200929 16:32:52.051" level="TRACE">Arguments: [ '16' | prefix='oct' | length='4' ]</msg>
<msg timestamp="20200929 16:32:52.051" level="DEBUG">Argument types are:
&lt;type 'unicode'&gt;</msg>
<msg timestamp="20200929 16:32:52.051" level="TRACE">Return: 'oct0020'</msg>
<msg timestamp="20200929 16:32:52.051" level="INFO">${result} = oct0020</msg>
<status status="PASS" starttime="20200929 16:32:52.050" endtime="20200929 16:32:52.051"></status>
</kw>
<kw name="Should Be Equal" library="BuiltIn">
<doc>Fails if the given objects are unequal.</doc>
<arguments>
<arg>${result}</arg>
<arg>oct0020</arg>
</arguments>
<msg timestamp="20200929 16:32:52.054" level="TRACE">Arguments: [ 'oct0020' | 'oct0020' ]</msg>
<msg timestamp="20200929 16:32:52.054" level="DEBUG">Argument types are:
&lt;type 'unicode'&gt;
&lt;type 'unicode'&gt;</msg>
<msg timestamp="20200929 16:32:52.054" level="TRACE">Return: None</msg>
<status status="PASS" starttime="20200929 16:32:52.053" endtime="20200929 16:32:52.054"></status>
</kw>
<doc>Convert To Octal item, base=None, prefix=None, length=None
Converts the given item to an octal string</doc>
<status status="PASS" starttime="20200929 16:32:52.029" endtime="20200929 16:32:52.055" critical="yes"></status>
</test>
<test id="s1-s1-t13" name="Use &quot;Convert To String&quot;">
<kw name="Fail" library="BuiltIn">
<doc>Fails the test with the given message and optionally alters its tags.</doc>
<arguments>
<arg>Should Be Implemented</arg>
</arguments>
<msg timestamp="20200929 16:32:52.060" level="TRACE">Arguments: [ 'Should Be Implemented' ]</msg>
<msg timestamp="20200929 16:32:52.060" level="FAIL">Should Be Implemented</msg>
<msg timestamp="20200929 16:32:52.060" level="DEBUG">Traceback (most recent call last):
  None</msg>
<status status="FAIL" starttime="20200929 16:32:52.060" endtime="20200929 16:32:52.060"></status>
</kw>
<doc>Totally unclear..</doc>
<tags>
<tag>not-understood</tag>
</tags>
<status status="FAIL" starttime="20200929 16:32:52.059" endtime="20200929 16:32:52.061" critical="yes">Should Be Implemented</status>
</test>
<test id="s1-s1-t14" name="Use &quot;Create Dictionary&quot;">
<kw name="Create Dictionary" library="BuiltIn">
<doc>Creates and returns a dictionary based on the given ``items``.</doc>
<arguments>
<arg>key=value</arg>
<arg>foo=bar</arg>
</arguments>
<assign>
<var>&amp;{dict}</var>
</assign>
<msg timestamp="20200929 16:32:52.064" level="TRACE">Arguments: [ 'key=value' | 'foo=bar' ]</msg>
<msg timestamp="20200929 16:32:52.064" level="TRACE">Return: {'foo': 'bar', 'key': 'value'}</msg>
<msg timestamp="20200929 16:32:52.064" level="INFO">&amp;{dict} = { key=value | foo=bar }</msg>
<status status="PASS" starttime="20200929 16:32:52.064" endtime="20200929 16:32:52.064"></status>
</kw>
<kw name="Should Be True" library="BuiltIn">
<doc>Fails if the given condition is not true.</doc>
<arguments>
<arg>${dict} == {'key': 'value', 'foo': 'bar'}</arg>
</arguments>
<msg timestamp="20200929 16:32:52.064" level="TRACE">Arguments: [ "{'key': 'value', 'foo': 'bar'} == {'key': 'value', 'foo': 'bar'}" ]</msg>
<msg timestamp="20200929 16:32:52.064" level="TRACE">Return: None</msg>
<status status="PASS" starttime="20200929 16:32:52.064" endtime="20200929 16:32:52.064"></status>
</kw>
<kw name="Create Dictionary" library="BuiltIn">
<doc>Creates and returns a dictionary based on the given ``items``.</doc>
<arguments>
<arg>key</arg>
<arg>value</arg>
<arg>foo</arg>
<arg>bar</arg>
</arguments>
<assign>
<var>&amp;{dict2}</var>
</assign>
<msg timestamp="20200929 16:32:52.065" level="TRACE">Arguments: [ 'key' | 'value' | 'foo' | 'bar' ]</msg>
<msg timestamp="20200929 16:32:52.065" level="TRACE">Return: {'foo': 'bar', 'key': 'value'}</msg>
<msg timestamp="20200929 16:32:52.065" level="INFO">&amp;{dict2} = { key=value | foo=bar }</msg>
<status status="PASS" starttime="20200929 16:32:52.065" endtime="20200929 16:32:52.065"></status>
</kw>
<kw name="Should Be Equal" library="BuiltIn">
<doc>Fails if the given objects are unequal.</doc>
<arguments>
<arg>${dict}</arg>
<arg>${dict2}</arg>
</arguments>
<msg timestamp="20200929 16:32:52.068" level="TRACE">Arguments: [ {'foo': 'bar', 'key': 'value'} | {'foo': 'bar', 'key': 'value'} ]</msg>
<msg timestamp="20200929 16:32:52.068" level="DEBUG">Argument types are:
&lt;class 'robot.utils.dotdict.DotDict'&gt;
&lt;class 'robot.utils.dotdict.DotDict'&gt;</msg>
<msg timestamp="20200929 16:32:52.068" level="TRACE">Return: None</msg>
<status status="PASS" starttime="20200929 16:32:52.068" endtime="20200929 16:32:52.068"></status>
</kw>
<kw name="Create Dictionary" library="BuiltIn">
<doc>Creates and returns a dictionary based on the given ``items``.</doc>
<arguments>
<arg>${1}=${2}</arg>
<arg>&amp;{dict}</arg>
<arg>foo=new</arg>
</arguments>
<assign>
<var>&amp;{dict}</var>
</assign>
<msg timestamp="20200929 16:32:52.068" level="TRACE">Arguments: [ '${1}=${2}' | '&amp;{dict}' | 'foo=new' ]</msg>
<msg timestamp="20200929 16:32:52.069" level="TRACE">Return: {1: 2, 'foo': 'new', 'key': 'value'}</msg>
<msg timestamp="20200929 16:32:52.069" level="INFO">&amp;{dict} = { 1=2 | key=value | foo=new }</msg>
<status status="PASS" starttime="20200929 16:32:52.068" endtime="20200929 16:32:52.069"></status>
</kw>
<kw name="Should Be True" library="BuiltIn">
<doc>Fails if the given condition is not true.</doc>
<arguments>
<arg>${dict} == {1: 2, 'key': 'value', 'foo': 'new'}</arg>
</arguments>
<msg timestamp="20200929 16:32:52.069" level="TRACE">Arguments: [ "{1: 2, 'key': 'value', 'foo': 'new'} == {1: 2, 'key': 'value', 'foo': 'new'}" ]</msg>
<msg timestamp="20200929 16:32:52.069" level="TRACE">Return: None</msg>
<status status="PASS" starttime="20200929 16:32:52.069" endtime="20200929 16:32:52.069"></status>
</kw>
<kw name="Should Be Equal" library="BuiltIn">
<doc>Fails if the given objects are unequal.</doc>
<arguments>
<arg>${dict.key}</arg>
<arg>value</arg>
</arguments>
<msg timestamp="20200929 16:32:52.071" level="TRACE">Arguments: [ 'value' | 'value' ]</msg>
<msg timestamp="20200929 16:32:52.071" level="DEBUG">Argument types are:
&lt;type 'unicode'&gt;
&lt;type 'unicode'&gt;</msg>
<msg timestamp="20200929 16:32:52.071" level="TRACE">Return: None</msg>
<status status="PASS" starttime="20200929 16:32:52.070" endtime="20200929 16:32:52.071"></status>
</kw>
<status status="PASS" starttime="20200929 16:32:52.063" endtime="20200929 16:32:52.075" critical="yes"></status>
</test>
<test id="s1-s1-t15" name="Use &quot;Create List&quot;">
<kw name="Create List" library="BuiltIn">
<doc>Returns a list containing given items.</doc>
<arguments>
<arg>a</arg>
<arg>b</arg>
<arg>c</arg>
</arguments>
<assign>
<var>@{list}</var>
</assign>
<msg timestamp="20200929 16:32:52.076" level="TRACE">Arguments: [ 'a' | 'b' | 'c' ]</msg>
<msg timestamp="20200929 16:32:52.076" level="TRACE">Return: ['a', 'b', 'c']</msg>
<msg timestamp="20200929 16:32:52.076" level="INFO">@{list} = [ a | b | c ]</msg>
<status status="PASS" starttime="20200929 16:32:52.076" endtime="20200929 16:32:52.076"></status>
</kw>
<kw name="Should Be True" library="BuiltIn">
<doc>Fails if the given condition is not true.</doc>
<arguments>
<arg>${list} == ['a', 'b', 'c']</arg>
</arguments>
<msg timestamp="20200929 16:32:52.076" level="TRACE">Arguments: [ "['a', 'b', 'c'] == ['a', 'b', 'c']" ]</msg>
<msg timestamp="20200929 16:32:52.076" level="TRACE">Return: None</msg>
<status status="PASS" starttime="20200929 16:32:52.076" endtime="20200929 16:32:52.076"></status>
</kw>
<kw name="Is List In Python" library="Utils">
<arguments>
<arg>${list}</arg>
</arguments>
<assign>
<var>${isList}</var>
</assign>
<msg timestamp="20200929 16:32:52.077" level="TRACE">Arguments: [ ['a', 'b', 'c'] ]</msg>
<msg timestamp="20200929 16:32:52.077" level="TRACE">Return: True</msg>
<msg timestamp="20200929 16:32:52.077" level="INFO">${isList} = True</msg>
<status status="PASS" starttime="20200929 16:32:52.077" endtime="20200929 16:32:52.077"></status>
</kw>
<kw name="Should Be True" library="BuiltIn">
<doc>Fails if the given condition is not true.</doc>
<arguments>
<arg>${isList}</arg>
</arguments>
<msg timestamp="20200929 16:32:52.077" level="TRACE">Arguments: [ True ]</msg>
<msg timestamp="20200929 16:32:52.077" level="TRACE">Return: None</msg>
<status status="PASS" starttime="20200929 16:32:52.077" endtime="20200929 16:32:52.077"></status>
</kw>
<kw name="Create List" library="BuiltIn">
<doc>Returns a list containing given items.</doc>
<arguments>
<arg>${1}</arg>
<arg>${2}</arg>
<arg>${3}</arg>
</arguments>
<assign>
<var>${list}</var>
</assign>
<msg timestamp="20200929 16:32:52.078" level="TRACE">Arguments: [ 1 | 2 | 3 ]</msg>
<msg timestamp="20200929 16:32:52.078" level="TRACE">Return: [1, 2, 3]</msg>
<msg timestamp="20200929 16:32:52.078" level="INFO">${list} = [1, 2, 3]</msg>
<status status="PASS" starttime="20200929 16:32:52.077" endtime="20200929 16:32:52.078"></status>
</kw>
<kw name="Should Be True" library="BuiltIn">
<doc>Fails if the given condition is not true.</doc>
<arguments>
<arg>$list == [1, 2, 3]</arg>
</arguments>
<msg timestamp="20200929 16:32:52.078" level="TRACE">Arguments: [ '$list == [1, 2, 3]' ]</msg>
<msg timestamp="20200929 16:32:52.078" level="TRACE">Return: None</msg>
<status status="PASS" starttime="20200929 16:32:52.078" endtime="20200929 16:32:52.078"></status>
</kw>
<kw name="Is Integer In Python" library="Utils">
<arguments>
<arg>${list}[1]</arg>
</arguments>
<assign>
<var>${isInteger}</var>
</assign>
<msg timestamp="20200929 16:32:52.079" level="TRACE">Arguments: [ 2 ]</msg>
<msg timestamp="20200929 16:32:52.079" level="TRACE">Return: True</msg>
<msg timestamp="20200929 16:32:52.079" level="INFO">${isInteger} = True</msg>
<status status="PASS" starttime="20200929 16:32:52.079" endtime="20200929 16:32:52.079"></status>
</kw>
<kw name="Should Be True" library="BuiltIn">
<doc>Fails if the given condition is not true.</doc>
<arguments>
<arg>${isInteger}</arg>
</arguments>
<msg timestamp="20200929 16:32:52.081" level="TRACE">Arguments: [ True ]</msg>
<msg timestamp="20200929 16:32:52.081" level="TRACE">Return: None</msg>
<status status="PASS" starttime="20200929 16:32:52.080" endtime="20200929 16:32:52.081"></status>
</kw>
<status status="PASS" starttime="20200929 16:32:52.075" endtime="20200929 16:32:52.081" critical="yes"></status>
</test>
<test id="s1-s1-t16" name="Use &quot;Evaluate&quot;">
<kw name="Convert To Number" library="BuiltIn">
<doc>Converts the given item to a floating point number.</doc>
<arguments>
<arg>3.14159265359</arg>
</arguments>
<assign>
<var>${pi}</var>
</assign>
<msg timestamp="20200929 16:32:52.085" level="TRACE">Arguments: [ '3.14159265359' ]</msg>
<msg timestamp="20200929 16:32:52.085" level="DEBUG">Argument types are:
&lt;type 'unicode'&gt;</msg>
<msg timestamp="20200929 16:32:52.085" level="TRACE">Return: 3.14159265359</msg>
<msg timestamp="20200929 16:32:52.085" level="INFO">${pi} = 3.14159265359</msg>
<status status="PASS" starttime="20200929 16:32:52.085" endtime="20200929 16:32:52.085"></status>
</kw>
<kw name="Evaluate" library="BuiltIn">
<doc>Evaluates the given expression in Python and returns the result.</doc>
<arguments>
<arg>0 &lt; ${pi} &lt; 10</arg>
</arguments>
<assign>
<var>${result}</var>
</assign>
<msg timestamp="20200929 16:32:52.086" level="TRACE">Arguments: [ '0 &lt; 3.14159265359 &lt; 10' ]</msg>
<msg timestamp="20200929 16:32:52.086" level="TRACE">Return: True</msg>
<msg timestamp="20200929 16:32:52.086" level="INFO">${result} = True</msg>
<status status="PASS" starttime="20200929 16:32:52.086" endtime="20200929 16:32:52.086"></status>
</kw>
<kw name="Should Be True" library="BuiltIn">
<doc>Fails if the given condition is not true.</doc>
<arguments>
<arg>${result}</arg>
</arguments>
<msg timestamp="20200929 16:32:52.086" level="TRACE">Arguments: [ True ]</msg>
<msg timestamp="20200929 16:32:52.086" level="TRACE">Return: None</msg>
<status status="PASS" starttime="20200929 16:32:52.086" endtime="20200929 16:32:52.086"></status>
</kw>
<kw name="Evaluate" library="BuiltIn">
<doc>Evaluates the given expression in Python and returns the result.</doc>
<arguments>
<arg>0 &lt; $pi &lt; 10</arg>
</arguments>
<assign>
<var>${result}</var>
</assign>
<msg timestamp="20200929 16:32:52.087" level="TRACE">Arguments: [ '0 &lt; $pi &lt; 10' ]</msg>
<msg timestamp="20200929 16:32:52.087" level="TRACE">Return: True</msg>
<msg timestamp="20200929 16:32:52.087" level="INFO">${result} = True</msg>
<status status="PASS" starttime="20200929 16:32:52.087" endtime="20200929 16:32:52.087"></status>
</kw>
<kw name="Should Be True" library="BuiltIn">
<doc>Fails if the given condition is not true.</doc>
<arguments>
<arg>${result}</arg>
</arguments>
<msg timestamp="20200929 16:32:52.087" level="TRACE">Arguments: [ True ]</msg>
<msg timestamp="20200929 16:32:52.087" level="TRACE">Return: None</msg>
<status status="PASS" starttime="20200929 16:32:52.087" endtime="20200929 16:32:52.087"></status>
</kw>
<kw name="Evaluate" library="BuiltIn">
<doc>Evaluates the given expression in Python and returns the result.</doc>
<arguments>
<arg>random.randint(0, 100)</arg>
<arg>modules=random, sys</arg>
</arguments>
<assign>
<var>${random_int}</var>
</assign>
<msg timestamp="20200929 16:32:52.088" level="TRACE">Arguments: [ 'random.randint(0, 100)' | modules='random, sys' ]</msg>
<msg timestamp="20200929 16:32:52.088" level="TRACE">Return: 40</msg>
<msg timestamp="20200929 16:32:52.088" level="INFO">${random_int} = 40</msg>
<status status="PASS" starttime="20200929 16:32:52.088" endtime="20200929 16:32:52.088"></status>
</kw>
<kw name="Is Integer In Python" library="Utils">
<arguments>
<arg>${random_int}</arg>
</arguments>
<assign>
<var>${isInteger}</var>
</assign>
<msg timestamp="20200929 16:32:52.089" level="TRACE">Arguments: [ 40 ]</msg>
<msg timestamp="20200929 16:32:52.089" level="TRACE">Return: True</msg>
<msg timestamp="20200929 16:32:52.090" level="INFO">${isInteger} = True</msg>
<status status="PASS" starttime="20200929 16:32:52.089" endtime="20200929 16:32:52.090"></status>
</kw>
<kw name="Should Be True" library="BuiltIn">
<doc>Fails if the given condition is not true.</doc>
<arguments>
<arg>${isInteger}</arg>
</arguments>
<msg timestamp="20200929 16:32:52.093" level="TRACE">Arguments: [ True ]</msg>
<msg timestamp="20200929 16:32:52.093" level="TRACE">Return: None</msg>
<status status="PASS" starttime="20200929 16:32:52.093" endtime="20200929 16:32:52.093"></status>
</kw>
<kw name="Create Dictionary" library="BuiltIn">
<doc>Creates and returns a dictionary based on the given ``items``.</doc>
<arguments>
<arg>x=${4}</arg>
<arg>y=${2}</arg>
</arguments>
<assign>
<var>${ns}</var>
</assign>
<msg timestamp="20200929 16:32:52.095" level="TRACE">Arguments: [ 'x=${4}' | 'y=${2}' ]</msg>
<msg timestamp="20200929 16:32:52.095" level="TRACE">Return: {'x': 4, 'y': 2}</msg>
<msg timestamp="20200929 16:32:52.095" level="INFO">${ns} = {'x': 4, 'y': 2}</msg>
<status status="PASS" starttime="20200929 16:32:52.095" endtime="20200929 16:32:52.095"></status>
</kw>
<kw name="Evaluate" library="BuiltIn">
<doc>Evaluates the given expression in Python and returns the result.</doc>
<arguments>
<arg>x*10 + y</arg>
<arg>namespace=${ns}</arg>
<arg>modules=random, sys</arg>
</arguments>
<assign>
<var>${result}</var>
</assign>
<msg timestamp="20200929 16:32:52.097" level="TRACE">Arguments: [ 'x*10 + y' | namespace={'x': 4, 'y': 2} | modules='random, sys' ]</msg>
<msg timestamp="20200929 16:32:52.097" level="TRACE">Return: 42</msg>
<msg timestamp="20200929 16:32:52.097" level="INFO">${result} = 42</msg>
<status status="PASS" starttime="20200929 16:32:52.097" endtime="20200929 16:32:52.097"></status>
</kw>
<kw name="Is Integer In Python" library="Utils">
<arguments>
<arg>${result}</arg>
</arguments>
<assign>
<var>${isInteger}</var>
</assign>
<msg timestamp="20200929 16:32:52.104" level="TRACE">Arguments: [ 42 ]</msg>
<msg timestamp="20200929 16:32:52.104" level="TRACE">Return: True</msg>
<msg timestamp="20200929 16:32:52.104" level="INFO">${isInteger} = True</msg>
<status status="PASS" starttime="20200929 16:32:52.104" endtime="20200929 16:32:52.104"></status>
</kw>
<kw name="Should Be True" library="BuiltIn">
<doc>Fails if the given condition is not true.</doc>
<arguments>
<arg>${isInteger}</arg>
</arguments>
<msg timestamp="20200929 16:32:52.105" level="TRACE">Arguments: [ True ]</msg>
<msg timestamp="20200929 16:32:52.105" level="TRACE">Return: None</msg>
<status status="PASS" starttime="20200929 16:32:52.105" endtime="20200929 16:32:52.105"></status>
</kw>
<kw name="Should Be Equal" library="BuiltIn">
<doc>Fails if the given objects are unequal.</doc>
<arguments>
<arg>${42}</arg>
<arg>${result}</arg>
</arguments>
<msg timestamp="20200929 16:32:52.105" level="TRACE">Arguments: [ 42 | 42 ]</msg>
<msg timestamp="20200929 16:32:52.105" level="DEBUG">Argument types are:
&lt;class 'int'&gt;
&lt;class 'int'&gt;</msg>
<msg timestamp="20200929 16:32:52.105" level="TRACE">Return: None</msg>
<status status="PASS" starttime="20200929 16:32:52.105" endtime="20200929 16:32:52.105"></status>
</kw>
<status status="PASS" starttime="20200929 16:32:52.081" endtime="20200929 16:32:52.107" critical="yes"></status>
</test>
<test id="s1-s1-t17" name="Use &quot;Exit For Loop&quot;">
<kw name="Create List" library="BuiltIn">
<doc>Returns a list containing given items.</doc>
<arguments>
<arg>a</arg>
<arg>b</arg>
<arg>c</arg>
<arg>EXIT</arg>
<arg>d</arg>
<arg>e</arg>
</arguments>
<assign>
<var>@{list}</var>
</assign>
<msg timestamp="20200929 16:32:52.108" level="TRACE">Arguments: [ 'a' | 'b' | 'c' | 'EXIT' | 'd' | 'e' ]</msg>
<msg timestamp="20200929 16:32:52.108" level="TRACE">Return: ['a', 'b', 'c', 'EXIT', 'd', 'e']</msg>
<msg timestamp="20200929 16:32:52.108" level="INFO">@{list} = [ a | b | c | EXIT | d | e ]</msg>
<status status="PASS" starttime="20200929 16:32:52.108" endtime="20200929 16:32:52.108"></status>
</kw>
<kw name="${item} IN [ @{list} ]" type="for">
<kw name="${item} = a" type="foritem">
<kw name="Run Keyword If" library="BuiltIn">
<doc>Runs the given keyword with the given arguments, if ``condition`` is true.</doc>
<arguments>
<arg>$item == 'EXIT'</arg>
<arg>Exit For Loop</arg>
</arguments>
<msg timestamp="20200929 16:32:52.111" level="TRACE">Arguments: [ "$item == 'EXIT'" | 'Exit For Loop' ]</msg>
<msg timestamp="20200929 16:32:52.111" level="TRACE">Return: None</msg>
<status status="PASS" starttime="20200929 16:32:52.111" endtime="20200929 16:32:52.112"></status>
</kw>
<kw name="Log" library="BuiltIn">
<doc>Logs the given message with the given level.</doc>
<arguments>
<arg>${item}</arg>
</arguments>
<msg timestamp="20200929 16:32:52.112" level="TRACE">Arguments: [ 'a' ]</msg>
<msg timestamp="20200929 16:32:52.112" level="INFO">a</msg>
<msg timestamp="20200929 16:32:52.112" level="TRACE">Return: None</msg>
<status status="PASS" starttime="20200929 16:32:52.112" endtime="20200929 16:32:52.112"></status>
</kw>
<status status="PASS" starttime="20200929 16:32:52.111" endtime="20200929 16:32:52.112"></status>
</kw>
<kw name="${item} = b" type="foritem">
<kw name="Run Keyword If" library="BuiltIn">
<doc>Runs the given keyword with the given arguments, if ``condition`` is true.</doc>
<arguments>
<arg>$item == 'EXIT'</arg>
<arg>Exit For Loop</arg>
</arguments>
<msg timestamp="20200929 16:32:52.113" level="TRACE">Arguments: [ "$item == 'EXIT'" | 'Exit For Loop' ]</msg>
<msg timestamp="20200929 16:32:52.113" level="TRACE">Return: None</msg>
<status status="PASS" starttime="20200929 16:32:52.113" endtime="20200929 16:32:52.113"></status>
</kw>
<kw name="Log" library="BuiltIn">
<doc>Logs the given message with the given level.</doc>
<arguments>
<arg>${item}</arg>
</arguments>
<msg timestamp="20200929 16:32:52.113" level="TRACE">Arguments: [ 'b' ]</msg>
<msg timestamp="20200929 16:32:52.113" level="INFO">b</msg>
<msg timestamp="20200929 16:32:52.113" level="TRACE">Return: None</msg>
<status status="PASS" starttime="20200929 16:32:52.113" endtime="20200929 16:32:52.113"></status>
</kw>
<status status="PASS" starttime="20200929 16:32:52.113" endtime="20200929 16:32:52.113"></status>
</kw>
<kw name="${item} = c" type="foritem">
<kw name="Run Keyword If" library="BuiltIn">
<doc>Runs the given keyword with the given arguments, if ``condition`` is true.</doc>
<arguments>
<arg>$item == 'EXIT'</arg>
<arg>Exit For Loop</arg>
</arguments>
<msg timestamp="20200929 16:32:52.113" level="TRACE">Arguments: [ "$item == 'EXIT'" | 'Exit For Loop' ]</msg>
<msg timestamp="20200929 16:32:52.114" level="TRACE">Return: None</msg>
<status status="PASS" starttime="20200929 16:32:52.113" endtime="20200929 16:32:52.114"></status>
</kw>
<kw name="Log" library="BuiltIn">
<doc>Logs the given message with the given level.</doc>
<arguments>
<arg>${item}</arg>
</arguments>
<msg timestamp="20200929 16:32:52.114" level="TRACE">Arguments: [ 'c' ]</msg>
<msg timestamp="20200929 16:32:52.114" level="INFO">c</msg>
<msg timestamp="20200929 16:32:52.114" level="TRACE">Return: None</msg>
<status status="PASS" starttime="20200929 16:32:52.114" endtime="20200929 16:32:52.114"></status>
</kw>
<status status="PASS" starttime="20200929 16:32:52.113" endtime="20200929 16:32:52.114"></status>
</kw>
<kw name="${item} = EXIT" type="foritem">
<kw name="Run Keyword If" library="BuiltIn">
<doc>Runs the given keyword with the given arguments, if ``condition`` is true.</doc>
<arguments>
<arg>$item == 'EXIT'</arg>
<arg>Exit For Loop</arg>
</arguments>
<msg timestamp="20200929 16:32:52.114" level="TRACE">Arguments: [ "$item == 'EXIT'" | 'Exit For Loop' ]</msg>
<kw name="Exit For Loop" library="BuiltIn">
<doc>Stops executing the enclosing for loop.</doc>
<msg timestamp="20200929 16:32:52.114" level="TRACE">Arguments: [  ]</msg>
<msg timestamp="20200929 16:32:52.114" level="INFO">Exiting for loop altogether.</msg>
<status status="PASS" starttime="20200929 16:32:52.114" endtime="20200929 16:32:52.119"></status>
</kw>
<status status="PASS" starttime="20200929 16:32:52.114" endtime="20200929 16:32:52.119"></status>
</kw>
<status status="PASS" starttime="20200929 16:32:52.114" endtime="20200929 16:32:52.119"></status>
</kw>
<status status="PASS" starttime="20200929 16:32:52.111" endtime="20200929 16:32:52.119"></status>
</kw>
<status status="PASS" starttime="20200929 16:32:52.107" endtime="20200929 16:32:52.120" critical="yes"></status>
</test>
<test id="s1-s1-t18" name="Use &quot;Fail&quot;">
<kw name="Fail" library="BuiltIn">
<doc>Fails the test with the given message and optionally alters its tags.</doc>
<arguments>
<arg>This test case must fail bcoz it uses Fail keyword</arg>
<arg>-tag-to-be-removed</arg>
</arguments>
<msg timestamp="20200929 16:32:52.121" level="TRACE">Arguments: [ 'This test case must fail bcoz it uses Fail keyword' | '-tag-to-be-removed' ]</msg>
<msg timestamp="20200929 16:32:52.122" level="INFO">Removed tag 'tag-to-be-removed'.</msg>
<msg timestamp="20200929 16:32:52.122" level="FAIL">This test case must fail bcoz it uses Fail keyword</msg>
<msg timestamp="20200929 16:32:52.122" level="DEBUG">Traceback (most recent call last):
  None</msg>
<status status="FAIL" starttime="20200929 16:32:52.121" endtime="20200929 16:32:52.122"></status>
</kw>
<doc>Fails the test with the given message and optionally alters its tags ?</doc>
<tags>
<tag>failure-expected</tag>
</tags>
<status status="FAIL" starttime="20200929 16:32:52.121" endtime="20200929 16:32:52.128" critical="no">This test case must fail bcoz it uses Fail keyword</status>
</test>
<test id="s1-s1-t19" name="Use &quot;Get Count&quot;">
<kw name="Set Variable" library="BuiltIn">
<doc>Returns the given values which can then be assigned to a variables.</doc>
<arguments>
<arg>Lorem Ipsum Lorem Ipsum Lorem</arg>
</arguments>
<assign>
<var>${container}</var>
</assign>
<msg timestamp="20200929 16:32:52.134" level="TRACE">Arguments: [ 'Lorem Ipsum Lorem Ipsum Lorem' ]</msg>
<msg timestamp="20200929 16:32:52.134" level="TRACE">Return: 'Lorem Ipsum Lorem Ipsum Lorem'</msg>
<msg timestamp="20200929 16:32:52.134" level="INFO">${container} = Lorem Ipsum Lorem Ipsum Lorem</msg>
<status status="PASS" starttime="20200929 16:32:52.133" endtime="20200929 16:32:52.134"></status>
</kw>
<kw name="Set Variable" library="BuiltIn">
<doc>Returns the given values which can then be assigned to a variables.</doc>
<arguments>
<arg>I</arg>
</arguments>
<assign>
<var>${item}</var>
</assign>
[...]
    raise TypeError("Intentionally failing the keyword by raising this exception")</msg>
<status status="FAIL" starttime="20200929 16:33:12.518" endtime="20200929 16:33:12.520"></status>
</kw>
<msg timestamp="20200929 16:33:12.520" level="FAIL">Keyword 'raise type error in python' failed after retrying 3 times. The last error was: TypeError: Intentionally failing the keyword by raising this exception</msg>
<msg timestamp="20200929 16:33:12.520" level="DEBUG">Traceback (most recent call last):
  None</msg>
<status status="FAIL" starttime="20200929 16:33:12.314" endtime="20200929 16:33:12.520"></status>
</kw>
<msg timestamp="20200929 16:33:12.520" level="TRACE">Return: ('FAIL',
 "Keyword 'raise type error in python' failed after retrying 3 times. The last error was: TypeError: Intentionally failing the keyword by raising this exception")</msg>
<status status="PASS" starttime="20200929 16:33:12.314" endtime="20200929 16:33:12.520"></status>
</kw>
<kw name="Wait Until Keyword Succeeds" library="BuiltIn">
<doc>Runs the specified keyword and retries if it fails.</doc>
<arguments>
<arg>3x</arg>
<arg>100ms</arg>
<arg>add_multiple_values</arg>
<arg>${1}</arg>
<arg>${2}</arg>
<arg>${3}</arg>
</arguments>
<assign>
<var>${total}</var>
</assign>
<msg timestamp="20200929 16:33:12.521" level="TRACE">Arguments: [ '3x' | '100ms' | 'add_multiple_values' | '${1}' | '${2}' | '${3}' ]</msg>
<kw name="Add Multiple Values" library="Utils">
<arguments>
<arg>${1}</arg>
<arg>${2}</arg>
<arg>${3}</arg>
</arguments>
<msg timestamp="20200929 16:33:12.521" level="TRACE">Arguments: [ 1 | 2 | 3 ]</msg>
<msg timestamp="20200929 16:33:12.521" level="TRACE">Return: 6</msg>
<status status="PASS" starttime="20200929 16:33:12.521" endtime="20200929 16:33:12.521"></status>
</kw>
<msg timestamp="20200929 16:33:12.521" level="TRACE">Return: 6</msg>
<msg timestamp="20200929 16:33:12.521" level="INFO">${total} = 6</msg>
<status status="PASS" starttime="20200929 16:33:12.521" endtime="20200929 16:33:12.521"></status>
</kw>
<kw name="Should Be Equal" library="BuiltIn">
<doc>Fails if the given objects are unequal.</doc>
<arguments>
<arg>${total}</arg>
<arg>${6}</arg>
</arguments>
<msg timestamp="20200929 16:33:12.522" level="TRACE">Arguments: [ 6 | 6 ]</msg>
<msg timestamp="20200929 16:33:12.522" level="DEBUG">Argument types are:
&lt;class 'int'&gt;
&lt;class 'int'&gt;</msg>
<msg timestamp="20200929 16:33:12.522" level="TRACE">Return: None</msg>
<status status="PASS" starttime="20200929 16:33:12.522" endtime="20200929 16:33:12.522"></status>
</kw>
<doc>Wait Until Keyword Succeeds retry, retry_interval, name, *args
Runs the specified keyword and retries if it fails
If the keyword does not succeed regardless of retries, this keyword fails.
If the executed keyword passes, its return value is returned</doc>
<status status="PASS" starttime="20200929 16:33:12.313" endtime="20200929 16:33:12.522" critical="yes"></status>
</test>
<kw name="Suite Teardown" type="teardown">
<msg timestamp="20200929 16:33:12.524" level="TRACE">Arguments: [  ]</msg>
<kw name="Run Keyword If All Critical Tests Passed" library="BuiltIn">
<doc>Runs the given keyword with the given arguments, if all critical tests passed.</doc>
<arguments>
<arg>Log</arg>
<arg>All Critical Tests Passed</arg>
</arguments>
<msg timestamp="20200929 16:33:12.525" level="TRACE">Arguments: [ 'Log' | 'All Critical Tests Passed' ]</msg>
<msg timestamp="20200929 16:33:12.526" level="TRACE">Return: None</msg>
<status status="PASS" starttime="20200929 16:33:12.525" endtime="20200929 16:33:12.526"></status>
</kw>
<kw name="Run Keyword If Any Critical Tests Failed" library="BuiltIn">
<doc>Runs the given keyword with the given arguments, if any critical tests failed.</doc>
<arguments>
<arg>Log</arg>
<arg>Will not be executed</arg>
</arguments>
<msg timestamp="20200929 16:33:12.526" level="TRACE">Arguments: [ 'Log' | 'Will not be executed' ]</msg>
<kw name="Log" library="BuiltIn">
<doc>Logs the given message with the given level.</doc>
<arguments>
<arg>Will not be executed</arg>
</arguments>
<msg timestamp="20200929 16:33:12.527" level="TRACE">Arguments: [ 'Will not be executed' ]</msg>
<msg timestamp="20200929 16:33:12.527" level="INFO">Will not be executed</msg>
<msg timestamp="20200929 16:33:12.527" level="TRACE">Return: None</msg>
<status status="PASS" starttime="20200929 16:33:12.527" endtime="20200929 16:33:12.527"></status>
</kw>
<msg timestamp="20200929 16:33:12.527" level="TRACE">Return: None</msg>
<status status="PASS" starttime="20200929 16:33:12.526" endtime="20200929 16:33:12.527"></status>
</kw>
<kw name="Run Keyword If Any Tests Failed" library="BuiltIn">
<doc>Runs the given keyword with the given arguments, if one or more tests failed.</doc>
<arguments>
<arg>add multiple values</arg>
<arg>${1}</arg>
<arg>${2}</arg>
<arg>${3}</arg>
</arguments>
<assign>
<var>${sum}</var>
</assign>
<msg timestamp="20200929 16:33:12.527" level="TRACE">Arguments: [ 'add multiple values' | '${1}' | '${2}' | '${3}' ]</msg>
<kw name="Add Multiple Values" library="Utils">
<arguments>
<arg>${1}</arg>
<arg>${2}</arg>
<arg>${3}</arg>
</arguments>
<msg timestamp="20200929 16:33:12.529" level="TRACE">Arguments: [ 1 | 2 | 3 ]</msg>
<msg timestamp="20200929 16:33:12.529" level="TRACE">Return: 6</msg>
<status status="PASS" starttime="20200929 16:33:12.528" endtime="20200929 16:33:12.529"></status>
</kw>
<msg timestamp="20200929 16:33:12.529" level="TRACE">Return: 6</msg>
<msg timestamp="20200929 16:33:12.529" level="INFO">${sum} = 6</msg>
<status status="PASS" starttime="20200929 16:33:12.527" endtime="20200929 16:33:12.529"></status>
</kw>
<msg timestamp="20200929 16:33:12.529" level="TRACE">Return: None</msg>
<status status="PASS" starttime="20200929 16:33:12.524" endtime="20200929 16:33:12.529"></status>
</kw>
<doc>Checking out the built-in library's capabilities. This sentence is added to the suite documentation</doc>
<metadata>
<item name="key1">value</item>
<item name="key2">6</item>
</metadata>
<status status="FAIL" starttime="20200929 16:32:51.742" endtime="20200929 16:33:12.529"></status>
</suite>
<suite id="s1-s2" name="Utilize-Global-Variable" source="/home/hakan/Python/Robot/robot-fw-built-in-library-tests/Tests/utilize-global-variable.robot">
<test id="s1-s2-t1" name="Log Dynamic Variables Created In built-in-library-test.robot">
<kw name="Log" library="BuiltIn">
<doc>Logs the given message with the given level.</doc>
<arguments>
<arg>${DYNAMIC_GLOBAL_SCALAR}</arg>
</arguments>
<msg timestamp="20200929 16:33:12.559" level="TRACE">Arguments: [ 'dynamic global variable available across all tests suites (i.e. utilize-global-variable.robot)' ]</msg>
<msg timestamp="20200929 16:33:12.559" level="INFO">dynamic global variable available across all tests suites (i.e. utilize-global-variable.robot)</msg>
<msg timestamp="20200929 16:33:12.559" level="TRACE">Return: None</msg>
<status status="PASS" starttime="20200929 16:33:12.556" endtime="20200929 16:33:12.559"></status>
</kw>
<kw name="Log" library="BuiltIn">
<doc>Logs the given message with the given level.</doc>
<arguments>
<arg>${DYNAMIC_GLOBAL_LIST}</arg>
</arguments>
<msg timestamp="20200929 16:33:12.559" level="TRACE">Arguments: [ ['First item', 'Second Item', 'Third Item'] ]</msg>
<msg timestamp="20200929 16:33:12.559" level="INFO">['First item', 'Second Item', 'Third Item']</msg>
<msg timestamp="20200929 16:33:12.559" level="TRACE">Return: None</msg>
<status status="PASS" starttime="20200929 16:33:12.559" endtime="20200929 16:33:12.559"></status>
</kw>
<kw name="Log" library="BuiltIn">
<doc>Logs the given message with the given level.</doc>
<arguments>
<arg>${DYNAMIC_GLOBAL_DICTIONARY}</arg>
</arguments>
<msg timestamp="20200929 16:33:12.560" level="TRACE">Arguments: [ {'key': 'value'} ]</msg>
<msg timestamp="20200929 16:33:12.560" level="INFO">{'key': 'value'}</msg>
<msg timestamp="20200929 16:33:12.560" level="TRACE">Return: None</msg>
<status status="PASS" starttime="20200929 16:33:12.560" endtime="20200929 16:33:12.560"></status>
</kw>
<status status="PASS" starttime="20200929 16:33:12.555" endtime="20200929 16:33:12.560" critical="yes"></status>
</test>
<test id="s1-s2-t2" name="Check GLOBAL_VAR Value">
<kw name="Should Be Equal" library="BuiltIn">
<doc>Fails if the given objects are unequal.</doc>
<arguments>
<arg>${GLOBAL_VAR}</arg>
<arg>I am overridden and just became global</arg>
</arguments>
<msg timestamp="20200929 16:33:12.561" level="TRACE">Arguments: [ 'I am overridden and just became global' | 'I am overridden and just became global' ]</msg>
<msg timestamp="20200929 16:33:12.561" level="DEBUG">Argument types are:
&lt;type 'unicode'&gt;
&lt;type 'unicode'&gt;</msg>
<msg timestamp="20200929 16:33:12.561" level="TRACE">Return: None</msg>
<status status="PASS" starttime="20200929 16:33:12.561" endtime="20200929 16:33:12.561"></status>
</kw>
<status status="PASS" starttime="20200929 16:33:12.560" endtime="20200929 16:33:12.561" critical="yes"></status>
</test>
<doc>built-in-library-test.robot declares DYNAMIC_GLOBAL_VARIABLE and this suite logs it</doc>
<status status="PASS" starttime="20200929 16:33:12.546" endtime="20200929 16:33:12.561"></status>
</suite>
<suite id="s1-s3" name="Child-Suite" source="/home/hakan/Python/Robot/robot-fw-built-in-library-tests/Tests/child-suites/child-suite.robot">
<test id="s1-s3-t1" name="Check Variables ${x} and ${y}">
<kw name="Variable Should Not Exist" library="BuiltIn">
<doc>Fails if the given variable exists within the current scope.</doc>
<arguments>
<arg>\@{x}</arg>
</arguments>
<msg timestamp="20200929 16:33:12.565" level="TRACE">Arguments: [ '\\@{x}' ]</msg>
<msg timestamp="20200929 16:33:12.565" level="TRACE">Return: None</msg>
<status status="PASS" starttime="20200929 16:33:12.565" endtime="20200929 16:33:12.565"></status>
</kw>
<kw name="Variable Should Exist" library="BuiltIn">
<doc>Fails unless the given variable exists within the current scope.</doc>
<arguments>
<arg>\&amp;{y}</arg>
</arguments>
<msg timestamp="20200929 16:33:12.565" level="TRACE">Arguments: [ '\\&amp;{y}' ]</msg>
<msg timestamp="20200929 16:33:12.566" level="FAIL">Variable '&amp;{y}' does not exist.</msg>
<msg timestamp="20200929 16:33:12.566" level="DEBUG">Traceback (most recent call last):
  None</msg>
<status status="FAIL" starttime="20200929 16:33:12.565" endtime="20200929 16:33:12.566"></status>
</kw>
<status status="FAIL" starttime="20200929 16:33:12.564" endtime="20200929 16:33:12.566" critical="yes">Variable '&amp;{y}' does not exist.</status>
</test>
<doc>Suite description</doc>
<status status="FAIL" starttime="20200929 16:33:12.562" endtime="20200929 16:33:12.566"></status>
</suite>
<suite id="s1-s4" name="TestSuiteA" source="/home/hakan/Python/Robot/robot-fw-built-in-library-tests/Tests/TestSuiteA">
<kw name="Create Variables via &quot;Set Suite Variable&quot; Keyword" type="setup">
<msg timestamp="20200929 16:33:12.577" level="TRACE">Arguments: [  ]</msg>
<kw name="Set Suite Variable" library="BuiltIn">
<doc>Makes a variable available everywhere within the scope of the current suite.</doc>
<arguments>
<arg>@{x}</arg>
<arg>Item 1</arg>
<arg>${2}</arg>
<arg>Item 3</arg>
<arg>children=${True}</arg>
</arguments>
<msg timestamp="20200929 16:33:12.578" level="TRACE">Arguments: [ '@{x}' | 'Item 1' | '${2}' | 'Item 3' | 'children=${True}' ]</msg>
<msg timestamp="20200929 16:33:12.578" level="INFO">@{x} = [ Item 1 | 2 | Item 3 ]</msg>
<msg timestamp="20200929 16:33:12.578" level="TRACE">Return: None</msg>
<status status="PASS" starttime="20200929 16:33:12.577" endtime="20200929 16:33:12.578"></status>
</kw>
<kw name="Set Suite Variable" library="BuiltIn">
<doc>Makes a variable available everywhere within the scope of the current suite.</doc>
<arguments>
<arg>&amp;{y}</arg>
<arg>key=value</arg>
<arg>children=${True}</arg>
</arguments>
<msg timestamp="20200929 16:33:12.578" level="TRACE">Arguments: [ '&amp;{y}' | 'key=value' | 'children=${True}' ]</msg>
<msg timestamp="20200929 16:33:12.586" level="INFO">&amp;{y} = { key=value }</msg>
<msg timestamp="20200929 16:33:12.586" level="TRACE">Return: None</msg>
<status status="PASS" starttime="20200929 16:33:12.578" endtime="20200929 16:33:12.586"></status>
</kw>
<kw name="Set Suite Variable" library="BuiltIn">
<doc>Makes a variable available everywhere within the scope of the current suite.</doc>
<arguments>
<arg>${z}</arg>
<arg>Not to be passed to child suites</arg>
<arg>children=${False}</arg>
</arguments>
<msg timestamp="20200929 16:33:12.586" level="TRACE">Arguments: [ '${z}' | 'Not to be passed to child suites' | 'children=${False}' ]</msg>
<msg timestamp="20200929 16:33:12.587" level="INFO">${z} = Not to be passed to child suites</msg>
<msg timestamp="20200929 16:33:12.587" level="TRACE">Return: None</msg>
<status status="PASS" starttime="20200929 16:33:12.586" endtime="20200929 16:33:12.587"></status>
</kw>
<msg timestamp="20200929 16:33:12.587" level="TRACE">Return: None</msg>
<status status="PASS" starttime="20200929 16:33:12.577" endtime="20200929 16:33:12.587"></status>
</kw>
<suite id="s1-s4-s1" name="TestSuiteB" source="/home/hakan/Python/Robot/robot-fw-built-in-library-tests/Tests/TestSuiteA/TestSuiteB">
<kw name="Check Variables Existence" type="setup">
<msg timestamp="20200929 16:33:12.594" level="TRACE">Arguments: [  ]</msg>
<kw name="Variable Should Exist" library="BuiltIn">
<doc>Fails unless the given variable exists within the current scope.</doc>
<arguments>
<arg>\@{x}</arg>
</arguments>
<msg timestamp="20200929 16:33:12.595" level="TRACE">Arguments: [ '\\@{x}' ]</msg>
<msg timestamp="20200929 16:33:12.595" level="TRACE">Return: None</msg>
<status status="PASS" starttime="20200929 16:33:12.594" endtime="20200929 16:33:12.595"></status>
</kw>
<kw name="Variable Should Exist" library="BuiltIn">
<doc>Fails unless the given variable exists within the current scope.</doc>
<arguments>
<arg>\&amp;{y}</arg>
</arguments>
<msg timestamp="20200929 16:33:12.595" level="TRACE">Arguments: [ '\\&amp;{y}' ]</msg>
<msg timestamp="20200929 16:33:12.595" level="TRACE">Return: None</msg>
<status status="PASS" starttime="20200929 16:33:12.595" endtime="20200929 16:33:12.595"></status>
</kw>
<kw name="Variable Should Not Exist" library="BuiltIn">
<doc>Fails if the given variable exists within the current scope.</doc>
<arguments>
<arg>\${z}</arg>
</arguments>
<msg timestamp="20200929 16:33:12.595" level="TRACE">Arguments: [ '\\${z}' ]</msg>
<msg timestamp="20200929 16:33:12.596" level="TRACE">Return: None</msg>
<status status="PASS" starttime="20200929 16:33:12.595" endtime="20200929 16:33:12.596"></status>
</kw>
<msg timestamp="20200929 16:33:12.596" level="TRACE">Return: None</msg>
<status status="PASS" starttime="20200929 16:33:12.594" endtime="20200929 16:33:12.596"></status>
</kw>
<suite id="s1-s4-s1-s1" name="TestSuiteC" source="/home/hakan/Python/Robot/robot-fw-built-in-library-tests/Tests/TestSuiteA/TestSuiteB/TestSuiteC">
<suite id="s1-s4-s1-s1-s1" name="C" source="/home/hakan/Python/Robot/robot-fw-built-in-library-tests/Tests/TestSuiteA/TestSuiteB/TestSuiteC/c.robot">
<test id="s1-s4-s1-s1-s1-t1" name="Check Variables Existence">
<kw name="Variable Should Exist" library="BuiltIn">
<doc>Fails unless the given variable exists within the current scope.</doc>
<arguments>
<arg>\@{x}</arg>
</arguments>
<msg timestamp="20200929 16:33:12.606" level="TRACE">Arguments: [ '\\@{x}' ]</msg>
<msg timestamp="20200929 16:33:12.606" level="TRACE">Return: None</msg>
<status status="PASS" starttime="20200929 16:33:12.606" endtime="20200929 16:33:12.606"></status>
</kw>
<kw name="Variable Should Exist" library="BuiltIn">
<doc>Fails unless the given variable exists within the current scope.</doc>
<arguments>
<arg>\&amp;{y}</arg>
</arguments>
<msg timestamp="20200929 16:33:12.606" level="TRACE">Arguments: [ '\\&amp;{y}' ]</msg>
<msg timestamp="20200929 16:33:12.606" level="TRACE">Return: None</msg>
<status status="PASS" starttime="20200929 16:33:12.606" endtime="20200929 16:33:12.606"></status>
</kw>
<kw name="Variable Should Not Exist" library="BuiltIn">
<doc>Fails if the given variable exists within the current scope.</doc>
<arguments>
<arg>\${z}</arg>
</arguments>
<msg timestamp="20200929 16:33:12.607" level="TRACE">Arguments: [ '\\${z}' ]</msg>
<msg timestamp="20200929 16:33:12.607" level="TRACE">Return: None</msg>
<status status="PASS" starttime="20200929 16:33:12.607" endtime="20200929 16:33:12.607"></status>
</kw>
<status status="PASS" starttime="20200929 16:33:12.605" endtime="20200929 16:33:12.614" critical="yes"></status>
</test>
<status status="PASS" starttime="20200929 16:33:12.603" endtime="20200929 16:33:12.614"></status>
</suite>
<status status="PASS" starttime="20200929 16:33:12.596" endtime="20200929 16:33:12.616"></status>
</suite>
<doc>Parent TestSuiteA uses "Set Suite Variable" keyword (from builtin) to
create two variables. Refer to TestSuiteA/__init___.robot</doc>
<status status="PASS" starttime="20200929 16:33:12.587" endtime="20200929 16:33:12.619"></status>
</suite>
<doc>This parent suite uses "Set Suite Variable" keyword (from builtin) to
create two variables.</doc>
<status status="PASS" starttime="20200929 16:33:12.575" endtime="20200929 16:33:12.622"></status>
</suite>
<status status="FAIL" starttime="20200929 16:32:51.723" endtime="20200929 16:33:12.631"></status>
</suite>
<statistics>
<total>
<stat pass="94" fail="10">Critical Tests</stat>
<stat pass="95" fail="19">All Tests</stat>
</total>
<tag>
<stat pass="1" fail="9" info="non-critical">failure-expected</stat>
<stat pass="1" fail="0">dynamic-tag-1</stat>
<stat pass="1" fail="0">keep-me-tag</stat>
<stat pass="1" fail="5">not-understood</stat>
</tag>
<suite>
<stat pass="95" fail="19" id="s1" name="Built-In-Library-Test &amp; Utilize-Global-Variable &amp; Child-Suite &amp; TestSuiteA">Built-In-Library-Test &amp; Utilize-Global-Variable &amp; Child-Suite &amp; TestSuiteA</stat>
<stat pass="92" fail="18" id="s1-s1" name="Built-In-Library-Test">Built-In-Library-Test &amp; Utilize-Global-Variable &amp; Child-Suite &amp; TestSuiteA.Built-In-Library-Test</stat>
<stat pass="2" fail="0" id="s1-s2" name="Utilize-Global-Variable">Built-In-Library-Test &amp; Utilize-Global-Variable &amp; Child-Suite &amp; TestSuiteA.Utilize-Global-Variable</stat>
<stat pass="0" fail="1" id="s1-s3" name="Child-Suite">Built-In-Library-Test &amp; Utilize-Global-Variable &amp; Child-Suite &amp; TestSuiteA.Child-Suite</stat>
<stat pass="1" fail="0" id="s1-s4" name="TestSuiteA">Built-In-Library-Test &amp; Utilize-Global-Variable &amp; Child-Suite &amp; TestSuiteA.TestSuiteA</stat>
<stat pass="1" fail="0" id="s1-s4-s1" name="TestSuiteB">Built-In-Library-Test &amp; Utilize-Global-Variable &amp; Child-Suite &amp; TestSuiteA.TestSuiteA.TestSuiteB</stat>
<stat pass="1" fail="0" id="s1-s4-s1-s1" name="TestSuiteC">Built-In-Library-Test &amp; Utilize-Global-Variable &amp; Child-Suite &amp; TestSuiteA.TestSuiteA.TestSuiteB.TestSuiteC</stat>
<stat pass="1" fail="0" id="s1-s4-s1-s1-s1" name="C">Built-In-Library-Test &amp; Utilize-Global-Variable &amp; Child-Suite &amp; TestSuiteA.TestSuiteA.TestSuiteB.TestSuiteC.C</stat>
</suite>
</statistics>
<errors>
<msg timestamp="20200929 16:33:10.651" level="ERROR">Log level=ERROR</msg>
<msg timestamp="20200929 16:33:10.651" level="WARN">Log level=WARN</msg>
<msg timestamp="20200929 16:33:10.661" level="ERROR">Log level=ERROR</msg>
<msg timestamp="20200929 16:33:10.662" level="WARN">Log level=WARN</msg>
<msg timestamp="20200929 16:33:10.664" level="ERROR">Log level=ERROR</msg>
<msg timestamp="20200929 16:33:10.664" level="WARN">Log level=WARN</msg>
<msg timestamp="20200929 16:33:10.671" level="ERROR">Log level=ERROR</msg>
<msg timestamp="20200929 16:33:10.673" level="WARN">Log level=WARN</msg>
<msg timestamp="20200929 16:33:10.676" level="ERROR">Log level=ERROR</msg>
<msg timestamp="20200929 16:33:10.676" level="WARN">Log level=WARN</msg>
</errors>
</robot>
