<?xml version="1.0" encoding="UTF-8"?>
<robot generator="Robot 3.1.2 (Python 3.7.4 on linux)" generated="20200130 16:33:39.728" rpa="false">
<suite id="s1" name="Built-In-Library-Test &amp; Utilize-Global-Variable">
<suite id="s1-s1" name="Built-In-Library-Test" source="/home/hakan/Python/Robot/robot-fw-built-in-library-tests/Tests/built-in-library-test.robot">
<kw name="Suite Setup" type="setup">
<kw name="Set Log Level" library="BuiltIn">
<doc>Sets the log threshold to the specified level and returns the old level.</doc>
<arguments>
<arg>TRACE</arg>
</arguments>
<msg timestamp="20200130 16:33:39.932" level="INFO">Log level changed from INFO to TRACE.</msg>
<msg timestamp="20200130 16:33:39.932" level="TRACE">Return: 'INFO'</msg>
<status status="PASS" starttime="20200130 16:33:39.932" endtime="20200130 16:33:39.932"></status>
</kw>
<kw name="Pass Execution" library="BuiltIn">
<doc>Skips rest of the current test, setup, or teardown with PASS status.</doc>
<arguments>
<arg>Suite Setup passed</arg>
</arguments>
<msg timestamp="20200130 16:33:39.933" level="TRACE">Arguments: [ 'Suite Setup passed' ]</msg>
<msg timestamp="20200130 16:33:39.933" level="INFO">Execution passed with message:
Suite Setup passed</msg>
<status status="PASS" starttime="20200130 16:33:39.933" endtime="20200130 16:33:39.933"></status>
</kw>
<status status="PASS" starttime="20200130 16:33:39.932" endtime="20200130 16:33:39.933"></status>
</kw>
<test id="s1-s1-t1" name="Use &quot;Call Method&quot; : Calling A Particular Object Method From Python">
<kw name="Call Method" library="BuiltIn">
<doc>Calls the named method of the given object with the provided arguments.</doc>
<arguments>
<arg>${utility_object}</arg>
<arg>method</arg>
<arg>pos_arg1</arg>
<arg>pos_arg2</arg>
<arg>key1=value1</arg>
<arg>key2=value2</arg>
</arguments>
<assign>
<var>${result}</var>
</assign>
<msg timestamp="20200130 16:33:39.934" level="TRACE">Arguments: [ &lt;Utils.Util object at 0x7faea3c9ebd0&gt; | 'method' | 'pos_arg1' | 'pos_arg2' | key1='value1' | key2='value2' ]</msg>
<msg timestamp="20200130 16:33:39.934" level="DEBUG">args: ('pos_arg1', 'pos_arg2')</msg>
<msg timestamp="20200130 16:33:39.934" level="DEBUG">kwargs: {'key1': 'value1', 'key2': 'value2'}</msg>
<msg timestamp="20200130 16:33:39.934" level="TRACE">Return: "positional args: ('pos_arg1', 'pos_arg2') keyworded args: {'key1': 'value1', 'key2': 'value2'}"</msg>
<msg timestamp="20200130 16:33:39.935" level="INFO">${result} = positional args: ('pos_arg1', 'pos_arg2') keyworded args: {'key1': 'value1', 'key2': 'value2'}</msg>
<status status="PASS" starttime="20200130 16:33:39.934" endtime="20200130 16:33:39.935"></status>
</kw>
<kw name="Should Be Equal" library="BuiltIn">
<doc>Fails if the given objects are unequal.</doc>
<arguments>
<arg>positional args: ('pos_arg1', 'pos_arg2') keyworded args: {'key1': 'value1', 'key2': 'value2'}</arg>
<arg>${result}</arg>
</arguments>
<msg timestamp="20200130 16:33:39.935" level="TRACE">Arguments: [ "positional args: ('pos_arg1', 'pos_arg2') keyworded args: {'key1': 'value1', 'key2': 'value2'}" | "positional args: ('pos_arg1', 'pos_arg2') keyworded args: {'key1': 'value1', 'key2': 'value2'}" ]</msg>
<msg timestamp="20200130 16:33:39.935" level="DEBUG">Argument types are:
&lt;type 'unicode'&gt;
&lt;type 'unicode'&gt;</msg>
<msg timestamp="20200130 16:33:39.935" level="TRACE">Return: None</msg>
<status status="PASS" starttime="20200130 16:33:39.935" endtime="20200130 16:33:39.935"></status>
</kw>
<status status="PASS" starttime="20200130 16:33:39.933" endtime="20200130 16:33:39.936" critical="yes"></status>
</test>
<test id="s1-s1-t2" name="Use &quot;Catenate&quot;">
<kw name="Catenate" library="BuiltIn">
<doc>Catenates the given items together and returns the resulted string.</doc>
<arguments>
<arg>Hello</arg>
<arg>World</arg>
</arguments>
<assign>
<var>${str1}</var>
</assign>
<msg timestamp="20200130 16:33:39.943" level="TRACE">Arguments: [ 'Hello' | 'World' ]</msg>
<msg timestamp="20200130 16:33:39.943" level="TRACE">Return: 'Hello World'</msg>
<msg timestamp="20200130 16:33:39.943" level="INFO">${str1} = Hello World</msg>
<status status="PASS" starttime="20200130 16:33:39.943" endtime="20200130 16:33:39.943"></status>
</kw>
<kw name="Should Be Equal As Strings" library="BuiltIn">
<doc>Fails if objects are unequal after converting them to strings.</doc>
<arguments>
<arg>${str1}</arg>
<arg>Hello World</arg>
</arguments>
<msg timestamp="20200130 16:33:39.943" level="TRACE">Arguments: [ 'Hello World' | 'Hello World' ]</msg>
<msg timestamp="20200130 16:33:39.944" level="DEBUG">Argument types are:
&lt;type 'unicode'&gt;
&lt;type 'unicode'&gt;</msg>
<msg timestamp="20200130 16:33:39.944" level="TRACE">Return: None</msg>
<status status="PASS" starttime="20200130 16:33:39.943" endtime="20200130 16:33:39.944"></status>
</kw>
<kw name="Catenate" library="BuiltIn">
<doc>Catenates the given items together and returns the resulted string.</doc>
<arguments>
<arg>SEPARATOR=---</arg>
<arg>Hello</arg>
<arg>World</arg>
</arguments>
<assign>
<var>${str1}</var>
</assign>
<msg timestamp="20200130 16:33:39.944" level="TRACE">Arguments: [ 'SEPARATOR=---' | 'Hello' | 'World' ]</msg>
<msg timestamp="20200130 16:33:39.944" level="TRACE">Return: 'Hello---World'</msg>
<msg timestamp="20200130 16:33:39.944" level="INFO">${str1} = Hello---World</msg>
<status status="PASS" starttime="20200130 16:33:39.944" endtime="20200130 16:33:39.944"></status>
</kw>
<kw name="Should Be Equal As Strings" library="BuiltIn">
<doc>Fails if objects are unequal after converting them to strings.</doc>
<arguments>
<arg>${str1}</arg>
<arg>Hello---World</arg>
</arguments>
<msg timestamp="20200130 16:33:39.945" level="TRACE">Arguments: [ 'Hello---World' | 'Hello---World' ]</msg>
<msg timestamp="20200130 16:33:39.945" level="DEBUG">Argument types are:
&lt;type 'unicode'&gt;
&lt;type 'unicode'&gt;</msg>
<msg timestamp="20200130 16:33:39.945" level="TRACE">Return: None</msg>
<status status="PASS" starttime="20200130 16:33:39.944" endtime="20200130 16:33:39.945"></status>
</kw>
<status status="PASS" starttime="20200130 16:33:39.936" endtime="20200130 16:33:39.947" critical="yes"></status>
</test>
<test id="s1-s1-t3" name="Use &quot;Continue For Loop&quot; and &quot;Run Keyword If&quot;">
<kw name="${var} IN [ @{LIST} ]" type="for">
<kw name="${var} = Value1" type="foritem">
<kw name="Run Keyword If" library="BuiltIn">
<doc>Runs the given keyword with the given arguments, if ``condition`` is true.</doc>
<arguments>
<arg>'${var}' == 'CONTINUE'</arg>
<arg>Continue For Loop</arg>
</arguments>
<msg timestamp="20200130 16:33:39.948" level="TRACE">Arguments: [ "'Value1' == 'CONTINUE'" | 'Continue For Loop' ]</msg>
<msg timestamp="20200130 16:33:39.949" level="TRACE">Return: None</msg>
<status status="PASS" starttime="20200130 16:33:39.948" endtime="20200130 16:33:39.949"></status>
</kw>
<kw name="Log" library="BuiltIn">
<doc>Logs the given message with the given level.</doc>
<arguments>
<arg>${var}</arg>
</arguments>
<msg timestamp="20200130 16:33:39.949" level="TRACE">Arguments: [ 'Value1' ]</msg>
<msg timestamp="20200130 16:33:39.949" level="INFO">Value1</msg>
<msg timestamp="20200130 16:33:39.949" level="TRACE">Return: None</msg>
<status status="PASS" starttime="20200130 16:33:39.949" endtime="20200130 16:33:39.949"></status>
</kw>
<status status="PASS" starttime="20200130 16:33:39.948" endtime="20200130 16:33:39.949"></status>
</kw>
<kw name="${var} = Value2" type="foritem">
<kw name="Run Keyword If" library="BuiltIn">
<doc>Runs the given keyword with the given arguments, if ``condition`` is true.</doc>
<arguments>
<arg>'${var}' == 'CONTINUE'</arg>
<arg>Continue For Loop</arg>
</arguments>
<msg timestamp="20200130 16:33:39.950" level="TRACE">Arguments: [ "'Value2' == 'CONTINUE'" | 'Continue For Loop' ]</msg>
<msg timestamp="20200130 16:33:39.950" level="TRACE">Return: None</msg>
<status status="PASS" starttime="20200130 16:33:39.950" endtime="20200130 16:33:39.950"></status>
</kw>
<kw name="Log" library="BuiltIn">
<doc>Logs the given message with the given level.</doc>
<arguments>
<arg>${var}</arg>
</arguments>
<msg timestamp="20200130 16:33:39.950" level="TRACE">Arguments: [ 'Value2' ]</msg>
<msg timestamp="20200130 16:33:39.951" level="INFO">Value2</msg>
<msg timestamp="20200130 16:33:39.951" level="TRACE">Return: None</msg>
<status status="PASS" starttime="20200130 16:33:39.950" endtime="20200130 16:33:39.951"></status>
</kw>
<status status="PASS" starttime="20200130 16:33:39.949" endtime="20200130 16:33:39.951"></status>
</kw>
<kw name="${var} = CONTINUE" type="foritem">
<kw name="Run Keyword If" library="BuiltIn">
<doc>Runs the given keyword with the given arguments, if ``condition`` is true.</doc>
<arguments>
<arg>'${var}' == 'CONTINUE'</arg>
<arg>Continue For Loop</arg>
</arguments>
<msg timestamp="20200130 16:33:39.951" level="TRACE">Arguments: [ "'CONTINUE' == 'CONTINUE'" | 'Continue For Loop' ]</msg>
<kw name="Continue For Loop" library="BuiltIn">
<doc>Skips the current for loop iteration and continues from the next.</doc>
<msg timestamp="20200130 16:33:39.952" level="TRACE">Arguments: [  ]</msg>
<msg timestamp="20200130 16:33:39.952" level="INFO">Continuing for loop from the next iteration.</msg>
<status status="PASS" starttime="20200130 16:33:39.951" endtime="20200130 16:33:39.952"></status>
</kw>
<status status="PASS" starttime="20200130 16:33:39.951" endtime="20200130 16:33:39.952"></status>
</kw>
<status status="PASS" starttime="20200130 16:33:39.951" endtime="20200130 16:33:39.952"></status>
</kw>
<kw name="${var} = Value3" type="foritem">
<kw name="Run Keyword If" library="BuiltIn">
<doc>Runs the given keyword with the given arguments, if ``condition`` is true.</doc>
<arguments>
<arg>'${var}' == 'CONTINUE'</arg>
<arg>Continue For Loop</arg>
</arguments>
<msg timestamp="20200130 16:33:39.952" level="TRACE">Arguments: [ "'Value3' == 'CONTINUE'" | 'Continue For Loop' ]</msg>
<msg timestamp="20200130 16:33:39.952" level="TRACE">Return: None</msg>
<status status="PASS" starttime="20200130 16:33:39.952" endtime="20200130 16:33:39.952"></status>
</kw>
<kw name="Log" library="BuiltIn">
<doc>Logs the given message with the given level.</doc>
<arguments>
<arg>${var}</arg>
</arguments>
<msg timestamp="20200130 16:33:39.953" level="TRACE">Arguments: [ 'Value3' ]</msg>
<msg timestamp="20200130 16:33:39.953" level="INFO">Value3</msg>
<msg timestamp="20200130 16:33:39.953" level="TRACE">Return: None</msg>
<status status="PASS" starttime="20200130 16:33:39.953" endtime="20200130 16:33:39.953"></status>
</kw>
<status status="PASS" starttime="20200130 16:33:39.952" endtime="20200130 16:33:39.953"></status>
</kw>
<status status="PASS" starttime="20200130 16:33:39.948" endtime="20200130 16:33:39.953"></status>
</kw>
<status status="PASS" starttime="20200130 16:33:39.947" endtime="20200130 16:33:39.953" critical="yes"></status>
</test>
<test id="s1-s1-t4" name="Use &quot;Continue For Loop If&quot;">
<kw name="${var} IN [ @{LIST} ]" type="for">
<kw name="${var} = Value1" type="foritem">
<kw name="Continue For Loop If" library="BuiltIn">
<doc>Skips the current for loop iteration if the ``condition`` is true.</doc>
<arguments>
<arg>'${var}' == 'CONTINUE'</arg>
</arguments>
<msg timestamp="20200130 16:33:39.955" level="TRACE">Arguments: [ "'Value1' == 'CONTINUE'" ]</msg>
<msg timestamp="20200130 16:33:39.955" level="TRACE">Return: None</msg>
<status status="PASS" starttime="20200130 16:33:39.955" endtime="20200130 16:33:39.955"></status>
</kw>
<kw name="Log" library="BuiltIn">
<doc>Logs the given message with the given level.</doc>
<arguments>
<arg>${var}</arg>
</arguments>
<msg timestamp="20200130 16:33:39.955" level="TRACE">Arguments: [ 'Value1' ]</msg>
<msg timestamp="20200130 16:33:39.955" level="INFO">Value1</msg>
<msg timestamp="20200130 16:33:39.956" level="TRACE">Return: None</msg>
<status status="PASS" starttime="20200130 16:33:39.955" endtime="20200130 16:33:39.956"></status>
</kw>
<status status="PASS" starttime="20200130 16:33:39.954" endtime="20200130 16:33:39.956"></status>
</kw>
<kw name="${var} = Value2" type="foritem">
<kw name="Continue For Loop If" library="BuiltIn">
<doc>Skips the current for loop iteration if the ``condition`` is true.</doc>
<arguments>
<arg>'${var}' == 'CONTINUE'</arg>
</arguments>
<msg timestamp="20200130 16:33:39.956" level="TRACE">Arguments: [ "'Value2' == 'CONTINUE'" ]</msg>
<msg timestamp="20200130 16:33:39.956" level="TRACE">Return: None</msg>
<status status="PASS" starttime="20200130 16:33:39.956" endtime="20200130 16:33:39.956"></status>
</kw>
<kw name="Log" library="BuiltIn">
<doc>Logs the given message with the given level.</doc>
<arguments>
<arg>${var}</arg>
</arguments>
<msg timestamp="20200130 16:33:39.957" level="TRACE">Arguments: [ 'Value2' ]</msg>
<msg timestamp="20200130 16:33:39.960" level="INFO">Value2</msg>
<msg timestamp="20200130 16:33:39.960" level="TRACE">Return: None</msg>
<status status="PASS" starttime="20200130 16:33:39.956" endtime="20200130 16:33:39.960"></status>
</kw>
<status status="PASS" starttime="20200130 16:33:39.956" endtime="20200130 16:33:39.961"></status>
</kw>
<kw name="${var} = CONTINUE" type="foritem">
<kw name="Continue For Loop If" library="BuiltIn">
<doc>Skips the current for loop iteration if the ``condition`` is true.</doc>
<arguments>
<arg>'${var}' == 'CONTINUE'</arg>
</arguments>
<msg timestamp="20200130 16:33:39.961" level="TRACE">Arguments: [ "'CONTINUE' == 'CONTINUE'" ]</msg>
<msg timestamp="20200130 16:33:39.961" level="INFO">Continuing for loop from the next iteration.</msg>
<status status="PASS" starttime="20200130 16:33:39.961" endtime="20200130 16:33:39.961"></status>
</kw>
<status status="PASS" starttime="20200130 16:33:39.961" endtime="20200130 16:33:39.961"></status>
</kw>
<kw name="${var} = Value3" type="foritem">
<kw name="Continue For Loop If" library="BuiltIn">
<doc>Skips the current for loop iteration if the ``condition`` is true.</doc>
<arguments>
<arg>'${var}' == 'CONTINUE'</arg>
</arguments>
<msg timestamp="20200130 16:33:39.962" level="TRACE">Arguments: [ "'Value3' == 'CONTINUE'" ]</msg>
<msg timestamp="20200130 16:33:39.962" level="TRACE">Return: None</msg>
<status status="PASS" starttime="20200130 16:33:39.962" endtime="20200130 16:33:39.962"></status>
</kw>
<kw name="Log" library="BuiltIn">
<doc>Logs the given message with the given level.</doc>
<arguments>
<arg>${var}</arg>
</arguments>
<msg timestamp="20200130 16:33:39.962" level="TRACE">Arguments: [ 'Value3' ]</msg>
<msg timestamp="20200130 16:33:39.962" level="INFO">Value3</msg>
<msg timestamp="20200130 16:33:39.962" level="TRACE">Return: None</msg>
<status status="PASS" starttime="20200130 16:33:39.962" endtime="20200130 16:33:39.962"></status>
</kw>
<status status="PASS" starttime="20200130 16:33:39.961" endtime="20200130 16:33:39.963"></status>
</kw>
<status status="PASS" starttime="20200130 16:33:39.954" endtime="20200130 16:33:39.963"></status>
</kw>
<status status="PASS" starttime="20200130 16:33:39.954" endtime="20200130 16:33:39.966" critical="yes"></status>
</test>
<test id="s1-s1-t5" name="Use &quot;Convert To Binary&quot;">
<kw name="Set Variable" library="BuiltIn">
<doc>Returns the given values which can then be assigned to a variables.</doc>
<arguments>
<arg>10</arg>
</arguments>
<assign>
<var>${variable}</var>
</assign>
<msg timestamp="20200130 16:33:39.968" level="TRACE">Arguments: [ '10' ]</msg>
<msg timestamp="20200130 16:33:39.968" level="TRACE">Return: '10'</msg>
<msg timestamp="20200130 16:33:39.970" level="INFO">${variable} = 10</msg>
<status status="PASS" starttime="20200130 16:33:39.968" endtime="20200130 16:33:39.970"></status>
</kw>
<kw name="Should Be Equal" library="BuiltIn">
<doc>Fails if the given objects are unequal.</doc>
<arguments>
<arg>${variable}</arg>
<arg>10</arg>
</arguments>
<msg timestamp="20200130 16:33:39.970" level="TRACE">Arguments: [ '10' | '10' ]</msg>
<msg timestamp="20200130 16:33:39.971" level="DEBUG">Argument types are:
&lt;type 'unicode'&gt;
&lt;type 'unicode'&gt;</msg>
<msg timestamp="20200130 16:33:39.971" level="TRACE">Return: None</msg>
<status status="PASS" starttime="20200130 16:33:39.970" endtime="20200130 16:33:39.971"></status>
</kw>
<kw name="Convert To Binary" library="BuiltIn">
<doc>Converts the given item to a binary string.</doc>
<arguments>
<arg>${variable}</arg>
<arg>base=10</arg>
</arguments>
<assign>
<var>${binary_string}</var>
</assign>
<msg timestamp="20200130 16:33:39.971" level="TRACE">Arguments: [ '10' | base='10' ]</msg>
<msg timestamp="20200130 16:33:39.971" level="DEBUG">Argument types are:
&lt;type 'unicode'&gt;</msg>
<msg timestamp="20200130 16:33:39.971" level="TRACE">Return: '1010'</msg>
<msg timestamp="20200130 16:33:39.972" level="INFO">${binary_string} = 1010</msg>
<status status="PASS" starttime="20200130 16:33:39.971" endtime="20200130 16:33:39.972"></status>
</kw>
<kw name="Should Be Equal" library="BuiltIn">
<doc>Fails if the given objects are unequal.</doc>
<arguments>
<arg>${binary_string}</arg>
<arg>1010</arg>
</arguments>
<msg timestamp="20200130 16:33:39.973" level="TRACE">Arguments: [ '1010' | '1010' ]</msg>
<msg timestamp="20200130 16:33:39.973" level="DEBUG">Argument types are:
&lt;type 'unicode'&gt;
&lt;type 'unicode'&gt;</msg>
<msg timestamp="20200130 16:33:39.973" level="TRACE">Return: None</msg>
<status status="PASS" starttime="20200130 16:33:39.973" endtime="20200130 16:33:39.973"></status>
</kw>
<kw name="Set Variable" library="BuiltIn">
<doc>Returns the given values which can then be assigned to a variables.</doc>
<arguments>
<arg>F</arg>
</arguments>
<assign>
<var>${variable}</var>
</assign>
<msg timestamp="20200130 16:33:39.977" level="TRACE">Arguments: [ 'F' ]</msg>
<msg timestamp="20200130 16:33:39.977" level="TRACE">Return: 'F'</msg>
<msg timestamp="20200130 16:33:39.977" level="INFO">${variable} = F</msg>
<status status="PASS" starttime="20200130 16:33:39.977" endtime="20200130 16:33:39.977"></status>
</kw>
<kw name="Convert To Binary" library="BuiltIn">
<doc>Converts the given item to a binary string.</doc>
<arguments>
<arg>${variable}</arg>
<arg>base=16</arg>
<arg>prefix=0x</arg>
<arg>length=8</arg>
</arguments>
<assign>
<var>${binary_string}</var>
</assign>
<msg timestamp="20200130 16:33:39.978" level="TRACE">Arguments: [ 'F' | base='16' | prefix='0x' | length='8' ]</msg>
<msg timestamp="20200130 16:33:39.978" level="DEBUG">Argument types are:
&lt;type 'unicode'&gt;</msg>
<msg timestamp="20200130 16:33:39.978" level="TRACE">Return: '0x00001111'</msg>
<msg timestamp="20200130 16:33:39.978" level="INFO">${binary_string} = 0x00001111</msg>
<status status="PASS" starttime="20200130 16:33:39.977" endtime="20200130 16:33:39.978"></status>
</kw>
<kw name="Should Be Equal" library="BuiltIn">
<doc>Fails if the given objects are unequal.</doc>
<arguments>
<arg>${binary_string}</arg>
<arg>0x00001111</arg>
</arguments>
<msg timestamp="20200130 16:33:39.978" level="TRACE">Arguments: [ '0x00001111' | '0x00001111' ]</msg>
<msg timestamp="20200130 16:33:39.978" level="DEBUG">Argument types are:
&lt;type 'unicode'&gt;
&lt;type 'unicode'&gt;</msg>
<msg timestamp="20200130 16:33:39.979" level="TRACE">Return: None</msg>
<status status="PASS" starttime="20200130 16:33:39.978" endtime="20200130 16:33:39.979"></status>
</kw>
<kw name="Convert To Binary" library="BuiltIn">
<doc>Converts the given item to a binary string.</doc>
<arguments>
<arg>-2</arg>
<arg>prefix=B</arg>
<arg>length=4</arg>
</arguments>
<assign>
<var>${binary_string}</var>
</assign>
<msg timestamp="20200130 16:33:39.979" level="TRACE">Arguments: [ '-2' | prefix='B' | length='4' ]</msg>
<msg timestamp="20200130 16:33:39.979" level="DEBUG">Argument types are:
&lt;type 'unicode'&gt;</msg>
<msg timestamp="20200130 16:33:39.979" level="TRACE">Return: '-B0010'</msg>
<msg timestamp="20200130 16:33:39.979" level="INFO">${binary_string} = -B0010</msg>
<status status="PASS" starttime="20200130 16:33:39.979" endtime="20200130 16:33:39.979"></status>
</kw>
<kw name="Should Be Equal" library="BuiltIn">
<doc>Fails if the given objects are unequal.</doc>
<arguments>
<arg>${binary_string}</arg>
<arg>-B0010</arg>
</arguments>
<msg timestamp="20200130 16:33:39.981" level="TRACE">Arguments: [ '-B0010' | '-B0010' ]</msg>
<msg timestamp="20200130 16:33:39.981" level="DEBUG">Argument types are:
&lt;type 'unicode'&gt;
&lt;type 'unicode'&gt;</msg>
<msg timestamp="20200130 16:33:39.981" level="TRACE">Return: None</msg>
<status status="PASS" starttime="20200130 16:33:39.981" endtime="20200130 16:33:39.981"></status>
</kw>
<doc>"Convert To Binary" keyword accepts a STRING as its first argument.
The string first argument is first passed to "Convert To Integer"
keyword and the result is then converted to a binary number represented as a string
If you passed an INTEGER as its first argument, the test will fail</doc>
<status status="PASS" starttime="20200130 16:33:39.967" endtime="20200130 16:33:39.981" critical="yes"></status>
</test>
<test id="s1-s1-t6" name="Use &quot;Convert To Boolean&quot;">
<kw name="Convert To Boolean" library="BuiltIn">
<doc>Converts the given item to Boolean true or false.</doc>
<arguments>
<arg>True</arg>
</arguments>
<assign>
<var>${bool}</var>
</assign>
<msg timestamp="20200130 16:33:39.984" level="TRACE">Arguments: [ 'True' ]</msg>
<msg timestamp="20200130 16:33:39.984" level="DEBUG">Argument types are:
&lt;type 'unicode'&gt;</msg>
<msg timestamp="20200130 16:33:39.984" level="TRACE">Return: True</msg>
<msg timestamp="20200130 16:33:39.984" level="INFO">${bool} = True</msg>
<status status="PASS" starttime="20200130 16:33:39.984" endtime="20200130 16:33:39.984"></status>
</kw>
<kw name="Should Be Equal" library="BuiltIn">
<doc>Fails if the given objects are unequal.</doc>
<arguments>
<arg>${bool}</arg>
<arg>${True}</arg>
</arguments>
<msg timestamp="20200130 16:33:39.988" level="TRACE">Arguments: [ True | True ]</msg>
<msg timestamp="20200130 16:33:39.988" level="DEBUG">Argument types are:
&lt;class 'bool'&gt;
&lt;class 'bool'&gt;</msg>
<msg timestamp="20200130 16:33:39.988" level="TRACE">Return: None</msg>
<status status="PASS" starttime="20200130 16:33:39.988" endtime="20200130 16:33:39.988"></status>
</kw>
<kw name="Convert To Boolean" library="BuiltIn">
<doc>Converts the given item to Boolean true or false.</doc>
<arguments>
<arg>False</arg>
</arguments>
<assign>
<var>${bool}</var>
</assign>
<msg timestamp="20200130 16:33:39.988" level="TRACE">Arguments: [ 'False' ]</msg>
<msg timestamp="20200130 16:33:39.988" level="DEBUG">Argument types are:
&lt;type 'unicode'&gt;</msg>
<msg timestamp="20200130 16:33:39.989" level="TRACE">Return: False</msg>
<msg timestamp="20200130 16:33:39.989" level="INFO">${bool} = False</msg>
<status status="PASS" starttime="20200130 16:33:39.988" endtime="20200130 16:33:39.989"></status>
</kw>
<kw name="Should Be Equal" library="BuiltIn">
<doc>Fails if the given objects are unequal.</doc>
<arguments>
<arg>${bool}</arg>
<arg>${False}</arg>
</arguments>
<msg timestamp="20200130 16:33:39.989" level="TRACE">Arguments: [ False | False ]</msg>
<msg timestamp="20200130 16:33:39.989" level="DEBUG">Argument types are:
&lt;class 'bool'&gt;
&lt;class 'bool'&gt;</msg>
<msg timestamp="20200130 16:33:39.989" level="TRACE">Return: None</msg>
<status status="PASS" starttime="20200130 16:33:39.989" endtime="20200130 16:33:39.989"></status>
</kw>
<kw name="Create Dictionary" library="BuiltIn">
<doc>Creates and returns a dictionary based on the given ``items``.</doc>
<assign>
<var>${empty}</var>
</assign>
<msg timestamp="20200130 16:33:39.990" level="TRACE">Arguments: [  ]</msg>
<msg timestamp="20200130 16:33:39.990" level="TRACE">Return: {}</msg>
<msg timestamp="20200130 16:33:39.990" level="INFO">${empty} = {}</msg>
<status status="PASS" starttime="20200130 16:33:39.989" endtime="20200130 16:33:39.990"></status>
</kw>
<kw name="Convert To Boolean" library="BuiltIn">
<doc>Converts the given item to Boolean true or false.</doc>
<arguments>
<arg>${empty}</arg>
</arguments>
<assign>
<var>${bool}</var>
</assign>
<msg timestamp="20200130 16:33:39.994" level="TRACE">Arguments: [ {} ]</msg>
<msg timestamp="20200130 16:33:39.994" level="DEBUG">Argument types are:
&lt;class 'robot.utils.dotdict.DotDict'&gt;</msg>
<msg timestamp="20200130 16:33:39.994" level="TRACE">Return: False</msg>
<msg timestamp="20200130 16:33:39.994" level="INFO">${bool} = False</msg>
<status status="PASS" starttime="20200130 16:33:39.994" endtime="20200130 16:33:39.994"></status>
</kw>
<kw name="Should Be Equal" library="BuiltIn">
<doc>Fails if the given objects are unequal.</doc>
<arguments>
<arg>${bool}</arg>
<arg>${False}</arg>
</arguments>
<msg timestamp="20200130 16:33:39.995" level="TRACE">Arguments: [ False | False ]</msg>
<msg timestamp="20200130 16:33:39.995" level="DEBUG">Argument types are:
&lt;class 'bool'&gt;
&lt;class 'bool'&gt;</msg>
<msg timestamp="20200130 16:33:39.995" level="TRACE">Return: None</msg>
<status status="PASS" starttime="20200130 16:33:39.995" endtime="20200130 16:33:39.995"></status>
</kw>
<kw name="Create Dictionary" library="BuiltIn">
<doc>Creates and returns a dictionary based on the given ``items``.</doc>
<arguments>
<arg>key=value</arg>
</arguments>
<assign>
<var>${non-empty}</var>
</assign>
<msg timestamp="20200130 16:33:39.996" level="TRACE">Arguments: [ 'key=value' ]</msg>
<msg timestamp="20200130 16:33:39.996" level="TRACE">Return: {'key': 'value'}</msg>
<msg timestamp="20200130 16:33:39.996" level="INFO">${non-empty} = {'key': 'value'}</msg>
<status status="PASS" starttime="20200130 16:33:39.995" endtime="20200130 16:33:39.996"></status>
</kw>
<kw name="Convert To Boolean" library="BuiltIn">
<doc>Converts the given item to Boolean true or false.</doc>
<arguments>
<arg>${non-empty}</arg>
</arguments>
<assign>
<var>${bool}</var>
</assign>
<msg timestamp="20200130 16:33:39.996" level="TRACE">Arguments: [ {'key': 'value'} ]</msg>
<msg timestamp="20200130 16:33:39.996" level="DEBUG">Argument types are:
&lt;class 'robot.utils.dotdict.DotDict'&gt;</msg>
<msg timestamp="20200130 16:33:39.996" level="TRACE">Return: True</msg>
<msg timestamp="20200130 16:33:39.997" level="INFO">${bool} = True</msg>
<status status="PASS" starttime="20200130 16:33:39.996" endtime="20200130 16:33:39.997"></status>
</kw>
<kw name="Should Be Equal" library="BuiltIn">
<doc>Fails if the given objects are unequal.</doc>
<arguments>
<arg>${bool}</arg>
<arg>${True}</arg>
</arguments>
<msg timestamp="20200130 16:33:39.997" level="TRACE">Arguments: [ True | True ]</msg>
<msg timestamp="20200130 16:33:39.997" level="DEBUG">Argument types are:
&lt;class 'bool'&gt;
&lt;class 'bool'&gt;</msg>
<msg timestamp="20200130 16:33:39.997" level="TRACE">Return: None</msg>
<status status="PASS" starttime="20200130 16:33:39.997" endtime="20200130 16:33:39.997"></status>
</kw>
<kw name="Create List" library="BuiltIn">
<doc>Returns a list containing given items.</doc>
<assign>
<var>${empty}</var>
</assign>
<msg timestamp="20200130 16:33:39.998" level="TRACE">Arguments: [  ]</msg>
<msg timestamp="20200130 16:33:39.998" level="TRACE">Return: []</msg>
<msg timestamp="20200130 16:33:39.998" level="INFO">${empty} = []</msg>
<status status="PASS" starttime="20200130 16:33:39.997" endtime="20200130 16:33:39.998"></status>
</kw>
<kw name="Convert To Boolean" library="BuiltIn">
<doc>Converts the given item to Boolean true or false.</doc>
<arguments>
<arg>${empty}</arg>
</arguments>
<assign>
<var>${bool}</var>
</assign>
<msg timestamp="20200130 16:33:39.999" level="TRACE">Arguments: [ [] ]</msg>
<msg timestamp="20200130 16:33:39.999" level="DEBUG">Argument types are:
&lt;class 'list'&gt;</msg>
<msg timestamp="20200130 16:33:39.999" level="TRACE">Return: False</msg>
<msg timestamp="20200130 16:33:39.999" level="INFO">${bool} = False</msg>
<status status="PASS" starttime="20200130 16:33:39.999" endtime="20200130 16:33:39.999"></status>
</kw>
<kw name="Should Be Equal" library="BuiltIn">
<doc>Fails if the given objects are unequal.</doc>
<arguments>
<arg>${bool}</arg>
<arg>${False}</arg>
</arguments>
<msg timestamp="20200130 16:33:40.001" level="TRACE">Arguments: [ False | False ]</msg>
<msg timestamp="20200130 16:33:40.001" level="DEBUG">Argument types are:
&lt;class 'bool'&gt;
&lt;class 'bool'&gt;</msg>
<msg timestamp="20200130 16:33:40.001" level="TRACE">Return: None</msg>
<status status="PASS" starttime="20200130 16:33:40.001" endtime="20200130 16:33:40.001"></status>
</kw>
<kw name="Create List" library="BuiltIn">
<doc>Returns a list containing given items.</doc>
<arguments>
<arg>1</arg>
<arg>2</arg>
<arg>3</arg>
</arguments>
<assign>
<var>${non-empty}</var>
</assign>
<msg timestamp="20200130 16:33:40.002" level="TRACE">Arguments: [ '1' | '2' | '3' ]</msg>
<msg timestamp="20200130 16:33:40.002" level="TRACE">Return: ['1', '2', '3']</msg>
<msg timestamp="20200130 16:33:40.002" level="INFO">${non-empty} = ['1', '2', '3']</msg>
<status status="PASS" starttime="20200130 16:33:40.001" endtime="20200130 16:33:40.002"></status>
</kw>
<kw name="Convert To Boolean" library="BuiltIn">
<doc>Converts the given item to Boolean true or false.</doc>
<arguments>
<arg>${non-empty}</arg>
</arguments>
<assign>
<var>${bool}</var>
</assign>
<msg timestamp="20200130 16:33:40.005" level="TRACE">Arguments: [ ['1', '2', '3'] ]</msg>
<msg timestamp="20200130 16:33:40.005" level="DEBUG">Argument types are:
&lt;class 'list'&gt;</msg>
<msg timestamp="20200130 16:33:40.005" level="TRACE">Return: True</msg>
<msg timestamp="20200130 16:33:40.005" level="INFO">${bool} = True</msg>
<status status="PASS" starttime="20200130 16:33:40.005" endtime="20200130 16:33:40.005"></status>
</kw>
<kw name="Should Be Equal" library="BuiltIn">
<doc>Fails if the given objects are unequal.</doc>
<arguments>
<arg>${bool}</arg>
<arg>${True}</arg>
</arguments>
<msg timestamp="20200130 16:33:40.006" level="TRACE">Arguments: [ True | True ]</msg>
<msg timestamp="20200130 16:33:40.006" level="DEBUG">Argument types are:
&lt;class 'bool'&gt;
&lt;class 'bool'&gt;</msg>
<msg timestamp="20200130 16:33:40.006" level="TRACE">Return: None</msg>
<status status="PASS" starttime="20200130 16:33:40.005" endtime="20200130 16:33:40.006"></status>
</kw>
<status status="PASS" starttime="20200130 16:33:39.983" endtime="20200130 16:33:40.006" critical="yes"></status>
</test>
<test id="s1-s1-t7" name="Use &quot;Convert To Integer&quot;">
<kw name="Convert To Integer" library="BuiltIn">
<doc>Converts the given item to an integer number.</doc>
<arguments>
<arg>10</arg>
</arguments>
<assign>
<var>${variable}</var>
</assign>
<msg timestamp="20200130 16:33:40.011" level="TRACE">Arguments: [ '10' ]</msg>
<msg timestamp="20200130 16:33:40.011" level="DEBUG">Argument types are:
&lt;type 'unicode'&gt;</msg>
<msg timestamp="20200130 16:33:40.011" level="TRACE">Return: 10</msg>
<msg timestamp="20200130 16:33:40.011" level="INFO">${variable} = 10</msg>
<status status="PASS" starttime="20200130 16:33:40.011" endtime="20200130 16:33:40.011"></status>
</kw>
<kw name="Should Be Equal" library="BuiltIn">
<doc>Fails if the given objects are unequal.</doc>
<arguments>
<arg>${variable}</arg>
<arg>${10}</arg>
</arguments>
<msg timestamp="20200130 16:33:40.014" level="TRACE">Arguments: [ 10 | 10 ]</msg>
<msg timestamp="20200130 16:33:40.014" level="DEBUG">Argument types are:
&lt;class 'int'&gt;
&lt;class 'int'&gt;</msg>
<msg timestamp="20200130 16:33:40.014" level="TRACE">Return: None</msg>
<status status="PASS" starttime="20200130 16:33:40.014" endtime="20200130 16:33:40.014"></status>
</kw>
<kw name="Is Integer In Python" library="Utils">
<arguments>
<arg>${variable}</arg>
</arguments>
<assign>
<var>${isInteger}</var>
</assign>
<msg timestamp="20200130 16:33:40.015" level="TRACE">Arguments: [ 10 ]</msg>
<msg timestamp="20200130 16:33:40.015" level="TRACE">Return: True</msg>
<msg timestamp="20200130 16:33:40.015" level="INFO">${isInteger} = True</msg>
<status status="PASS" starttime="20200130 16:33:40.014" endtime="20200130 16:33:40.015"></status>
</kw>
<kw name="Should Be Equal" library="BuiltIn">
<doc>Fails if the given objects are unequal.</doc>
<arguments>
<arg>${isInteger}</arg>
<arg>${True}</arg>
</arguments>
<msg timestamp="20200130 16:33:40.015" level="TRACE">Arguments: [ True | True ]</msg>
<msg timestamp="20200130 16:33:40.015" level="DEBUG">Argument types are:
&lt;class 'bool'&gt;
&lt;class 'bool'&gt;</msg>
<msg timestamp="20200130 16:33:40.015" level="TRACE">Return: None</msg>
<status status="PASS" starttime="20200130 16:33:40.015" endtime="20200130 16:33:40.016"></status>
</kw>
<kw name="Convert To Integer" library="BuiltIn">
<doc>Converts the given item to an integer number.</doc>
<arguments>
<arg>item=FF AA</arg>
<arg>base=16</arg>
</arguments>
<assign>
<var>${variable}</var>
</assign>
<msg timestamp="20200130 16:33:40.016" level="TRACE">Arguments: [ item='FF AA' | base='16' ]</msg>
<msg timestamp="20200130 16:33:40.016" level="DEBUG">Argument types are:
&lt;type 'unicode'&gt;</msg>
<msg timestamp="20200130 16:33:40.016" level="TRACE">Return: 65450</msg>
<msg timestamp="20200130 16:33:40.016" level="INFO">${variable} = 65450</msg>
<status status="PASS" starttime="20200130 16:33:40.016" endtime="20200130 16:33:40.016"></status>
</kw>
<kw name="Convert To Integer" library="BuiltIn">
<doc>Converts the given item to an integer number.</doc>
<arguments>
<arg>item=65450</arg>
</arguments>
<assign>
<var>${expected_value}</var>
</assign>
<msg timestamp="20200130 16:33:40.021" level="TRACE">Arguments: [ item='65450' ]</msg>
<msg timestamp="20200130 16:33:40.021" level="DEBUG">Argument types are:
&lt;type 'unicode'&gt;</msg>
<msg timestamp="20200130 16:33:40.021" level="TRACE">Return: 65450</msg>
<msg timestamp="20200130 16:33:40.021" level="INFO">${expected_value} = 65450</msg>
<status status="PASS" starttime="20200130 16:33:40.020" endtime="20200130 16:33:40.021"></status>
</kw>
<kw name="Should Be Equal" library="BuiltIn">
<doc>Fails if the given objects are unequal.</doc>
<arguments>
<arg>${variable}</arg>
<arg>${expected_value}</arg>
</arguments>
<msg timestamp="20200130 16:33:40.021" level="TRACE">Arguments: [ 65450 | 65450 ]</msg>
<msg timestamp="20200130 16:33:40.021" level="DEBUG">Argument types are:
&lt;class 'int'&gt;
&lt;class 'int'&gt;</msg>
<msg timestamp="20200130 16:33:40.021" level="TRACE">Return: None</msg>
<status status="PASS" starttime="20200130 16:33:40.021" endtime="20200130 16:33:40.022"></status>
</kw>
<doc>Convert To Integer item, base=None
Converts the given STRING item in a given base to an integer in base 10
The resulting integer is indeed recognized by Python as an integer type</doc>
<status status="PASS" starttime="20200130 16:33:40.008" endtime="20200130 16:33:40.022" critical="yes"></status>
</test>
<test id="s1-s1-t8" name="Use &quot;Convert To Bytes&quot;">
<kw name="Fail" library="BuiltIn">
<doc>Fails the test with the given message and optionally alters its tags.</doc>
<arguments>
<arg>Should Be Implemented</arg>
</arguments>
<msg timestamp="20200130 16:33:40.023" level="TRACE">Arguments: [ 'Should Be Implemented' ]</msg>
<msg timestamp="20200130 16:33:40.023" level="FAIL">Should Be Implemented</msg>
<msg timestamp="20200130 16:33:40.023" level="DEBUG">Traceback (most recent call last):
  None</msg>
<status status="FAIL" starttime="20200130 16:33:40.023" endtime="20200130 16:33:40.023"></status>
</kw>
<doc>https://robotframework.org/robotframework/latest/libraries/BuiltIn.html#Convert%20To%20Bytes
The description is unclear. To be reviewed</doc>
<tags>
<tag>not-understood</tag>
</tags>
<status status="FAIL" starttime="20200130 16:33:40.022" endtime="20200130 16:33:40.026" critical="yes">Should Be Implemented</status>
</test>
<test id="s1-s1-t9" name="Use &quot;Convert To Hex&quot;">
<kw name="Convert To Hex" library="BuiltIn">
<doc>Converts the given item to a hexadecimal string.</doc>
<arguments>
<arg>255</arg>
<arg>base=10</arg>
<arg>prefix=0x</arg>
</arguments>
<assign>
<var>${hex_value}</var>
</assign>
<msg timestamp="20200130 16:33:40.029" level="TRACE">Arguments: [ '255' | base='10' | prefix='0x' ]</msg>
<msg timestamp="20200130 16:33:40.029" level="DEBUG">Argument types are:
&lt;type 'unicode'&gt;</msg>
<msg timestamp="20200130 16:33:40.029" level="TRACE">Return: '0xFF'</msg>
<msg timestamp="20200130 16:33:40.029" level="INFO">${hex_value} = 0xFF</msg>
<status status="PASS" starttime="20200130 16:33:40.029" endtime="20200130 16:33:40.029"></status>
</kw>
<kw name="Is String In Python" library="Utils">
<arguments>
<arg>${hex_value}</arg>
</arguments>
<assign>
<var>${isString}</var>
</assign>
<msg timestamp="20200130 16:33:40.033" level="TRACE">Arguments: [ '0xFF' ]</msg>
<msg timestamp="20200130 16:33:40.033" level="TRACE">Return: True</msg>
<msg timestamp="20200130 16:33:40.033" level="INFO">${isString} = True</msg>
<status status="PASS" starttime="20200130 16:33:40.032" endtime="20200130 16:33:40.033"></status>
</kw>
<kw name="Should Be True" library="BuiltIn">
<doc>Fails if the given condition is not true.</doc>
<arguments>
<arg>${isString}</arg>
</arguments>
<msg timestamp="20200130 16:33:40.033" level="TRACE">Arguments: [ True ]</msg>
<msg timestamp="20200130 16:33:40.033" level="TRACE">Return: None</msg>
<status status="PASS" starttime="20200130 16:33:40.033" endtime="20200130 16:33:40.033"></status>
</kw>
<kw name="Should Be True" library="BuiltIn">
<doc>Fails if the given condition is not true.</doc>
<arguments>
<arg>${hex_value}==${0xFF}</arg>
</arguments>
<msg timestamp="20200130 16:33:40.034" level="TRACE">Arguments: [ '0xFF==255' ]</msg>
<msg timestamp="20200130 16:33:40.034" level="TRACE">Return: None</msg>
<status status="PASS" starttime="20200130 16:33:40.034" endtime="20200130 16:33:40.034"></status>
</kw>
<kw name="Convert To Hex" library="BuiltIn">
<doc>Converts the given item to a hexadecimal string.</doc>
<arguments>
<arg>-10</arg>
<arg>prefix=0x</arg>
<arg>length=2</arg>
</arguments>
<assign>
<var>${result}</var>
</assign>
<msg timestamp="20200130 16:33:40.039" level="TRACE">Arguments: [ '-10' | prefix='0x' | length='2' ]</msg>
<msg timestamp="20200130 16:33:40.039" level="DEBUG">Argument types are:
&lt;type 'unicode'&gt;</msg>
<msg timestamp="20200130 16:33:40.040" level="TRACE">Return: '-0x0A'</msg>
<msg timestamp="20200130 16:33:40.040" level="INFO">${result} = -0x0A</msg>
<status status="PASS" starttime="20200130 16:33:40.039" endtime="20200130 16:33:40.040"></status>
</kw>
<kw name="Should Be True" library="BuiltIn">
<doc>Fails if the given condition is not true.</doc>
<arguments>
<arg>${result}==-${0x0A}</arg>
</arguments>
<msg timestamp="20200130 16:33:40.040" level="TRACE">Arguments: [ '-0x0A==-10' ]</msg>
<msg timestamp="20200130 16:33:40.040" level="TRACE">Return: None</msg>
<status status="PASS" starttime="20200130 16:33:40.040" endtime="20200130 16:33:40.040"></status>
</kw>
<kw name="Convert To Hex" library="BuiltIn">
<doc>Converts the given item to a hexadecimal string.</doc>
<arguments>
<arg>255</arg>
<arg>prefix=X</arg>
<arg>lowercase=yes</arg>
</arguments>
<assign>
<var>${result}</var>
</assign>
<msg timestamp="20200130 16:33:40.041" level="TRACE">Arguments: [ '255' | prefix='X' | lowercase=True ]</msg>
<msg timestamp="20200130 16:33:40.041" level="DEBUG">Argument types are:
&lt;type 'unicode'&gt;</msg>
<msg timestamp="20200130 16:33:40.041" level="TRACE">Return: 'Xff'</msg>
<msg timestamp="20200130 16:33:40.041" level="INFO">${result} = Xff</msg>
<status status="PASS" starttime="20200130 16:33:40.041" endtime="20200130 16:33:40.041"></status>
</kw>
<kw name="Should Be True" library="BuiltIn">
<doc>Fails if the given condition is not true.</doc>
<arguments>
<arg>$result=='Xff'</arg>
</arguments>
<msg timestamp="20200130 16:33:40.042" level="TRACE">Arguments: [ "$result=='Xff'" ]</msg>
<msg timestamp="20200130 16:33:40.050" level="TRACE">Return: None</msg>
<status status="PASS" starttime="20200130 16:33:40.041" endtime="20200130 16:33:40.050"></status>
</kw>
<doc>Convert To Hex item, base=None, prefix=None, length=None, lowercase=False
Converts the given item to a hexadecimal string.
The item, with an optional base, is first converted to an integer using "Convert To Integer" internally.
After that it is converted to a hexadecimal number (base 16) represented as a string such as FF0A.
The outcome of "Convert To Hex" is a (hexadecimal) string, which is recognized as string in Python</doc>
<status status="PASS" starttime="20200130 16:33:40.027" endtime="20200130 16:33:40.053" critical="yes"></status>
</test>
<test id="s1-s1-t10" name="Use &quot;Convert To Integer (in base 10)&quot;">
<kw name="Convert To Integer" library="BuiltIn">
<doc>Converts the given item to an integer number.</doc>
<arguments>
<arg>100</arg>
</arguments>
<assign>
<var>${result}</var>
</assign>
<msg timestamp="20200130 16:33:40.056" level="TRACE">Arguments: [ '100' ]</msg>
<msg timestamp="20200130 16:33:40.056" level="DEBUG">Argument types are:
&lt;type 'unicode'&gt;</msg>
<msg timestamp="20200130 16:33:40.056" level="TRACE">Return: 100</msg>
<msg timestamp="20200130 16:33:40.057" level="INFO">${result} = 100</msg>
<status status="PASS" starttime="20200130 16:33:40.056" endtime="20200130 16:33:40.057"></status>
</kw>
<kw name="Is Integer In Python" library="Utils">
<arguments>
<arg>${result}</arg>
</arguments>
<assign>
<var>${isInt}</var>
</assign>
<msg timestamp="20200130 16:33:40.057" level="TRACE">Arguments: [ 100 ]</msg>
<msg timestamp="20200130 16:33:40.057" level="TRACE">Return: True</msg>
<msg timestamp="20200130 16:33:40.057" level="INFO">${isInt} = True</msg>
<status status="PASS" starttime="20200130 16:33:40.057" endtime="20200130 16:33:40.057"></status>
</kw>
<kw name="Should Be True" library="BuiltIn">
<doc>Fails if the given condition is not true.</doc>
<arguments>
<arg>${isInt}</arg>
<arg>${True}</arg>
</arguments>
<msg timestamp="20200130 16:33:40.060" level="TRACE">Arguments: [ True | True ]</msg>
<msg timestamp="20200130 16:33:40.060" level="TRACE">Return: None</msg>
<status status="PASS" starttime="20200130 16:33:40.060" endtime="20200130 16:33:40.060"></status>
</kw>
<kw name="Convert To Integer" library="BuiltIn">
<doc>Converts the given item to an integer number.</doc>
<arguments>
<arg>FF AA</arg>
<arg>base=16</arg>
</arguments>
<assign>
<var>${result}</var>
</assign>
<msg timestamp="20200130 16:33:40.060" level="TRACE">Arguments: [ 'FF AA' | base='16' ]</msg>
<msg timestamp="20200130 16:33:40.060" level="DEBUG">Argument types are:
&lt;type 'unicode'&gt;</msg>
<msg timestamp="20200130 16:33:40.061" level="TRACE">Return: 65450</msg>
<msg timestamp="20200130 16:33:40.061" level="INFO">${result} = 65450</msg>
<status status="PASS" starttime="20200130 16:33:40.060" endtime="20200130 16:33:40.061"></status>
</kw>
<kw name="Convert To Integer" library="BuiltIn">
<doc>Converts the given item to an integer number.</doc>
<arguments>
<arg>100</arg>
<arg>base=8</arg>
</arguments>
<assign>
<var>${result}</var>
</assign>
<msg timestamp="20200130 16:33:40.061" level="TRACE">Arguments: [ '100' | base='8' ]</msg>
<msg timestamp="20200130 16:33:40.061" level="DEBUG">Argument types are:
&lt;type 'unicode'&gt;</msg>
<msg timestamp="20200130 16:33:40.061" level="TRACE">Return: 64</msg>
<msg timestamp="20200130 16:33:40.061" level="INFO">${result} = 64</msg>
<status status="PASS" starttime="20200130 16:33:40.061" endtime="20200130 16:33:40.061"></status>
</kw>
<kw name="Convert To Integer" library="BuiltIn">
<doc>Converts the given item to an integer number.</doc>
<arguments>
<arg>-100</arg>
<arg>base=2</arg>
</arguments>
<assign>
<var>${result}</var>
</assign>
<msg timestamp="20200130 16:33:40.063" level="TRACE">Arguments: [ '-100' | base='2' ]</msg>
<msg timestamp="20200130 16:33:40.064" level="DEBUG">Argument types are:
&lt;type 'unicode'&gt;</msg>
<msg timestamp="20200130 16:33:40.064" level="TRACE">Return: -4</msg>
<msg timestamp="20200130 16:33:40.064" level="INFO">${result} = -4</msg>
<status status="PASS" starttime="20200130 16:33:40.063" endtime="20200130 16:33:40.064"></status>
</kw>
<kw name="Convert To Integer" library="BuiltIn">
<doc>Converts the given item to an integer number.</doc>
<arguments>
<arg>0b100</arg>
</arguments>
<assign>
<var>${result}</var>
</assign>
<msg timestamp="20200130 16:33:40.064" level="TRACE">Arguments: [ '0b100' ]</msg>
<msg timestamp="20200130 16:33:40.064" level="DEBUG">Argument types are:
&lt;type 'unicode'&gt;</msg>
<msg timestamp="20200130 16:33:40.064" level="TRACE">Return: 4</msg>
<msg timestamp="20200130 16:33:40.064" level="INFO">${result} = 4</msg>
<status status="PASS" starttime="20200130 16:33:40.064" endtime="20200130 16:33:40.064"></status>
</kw>
<kw name="Convert To Integer" library="BuiltIn">
<doc>Converts the given item to an integer number.</doc>
<arguments>
<arg>-0x100</arg>
</arguments>
<assign>
<var>${result}</var>
</assign>
<msg timestamp="20200130 16:33:40.065" level="TRACE">Arguments: [ '-0x100' ]</msg>
<msg timestamp="20200130 16:33:40.065" level="DEBUG">Argument types are:
&lt;type 'unicode'&gt;</msg>
<msg timestamp="20200130 16:33:40.065" level="TRACE">Return: -256</msg>
<msg timestamp="20200130 16:33:40.065" level="INFO">${result} = -256</msg>
<status status="PASS" starttime="20200130 16:33:40.065" endtime="20200130 16:33:40.065"></status>
</kw>
<doc>Convert To Integer item, base=None
Converts the given item to an integer number in base 10</doc>
<status status="PASS" starttime="20200130 16:33:40.053" endtime="20200130 16:33:40.067" critical="yes"></status>
</test>
<test id="s1-s1-t11" name="Use &quot;Convert To (Floating Point) Number&quot;">
<kw name="Convert To Number" library="BuiltIn">
<doc>Converts the given item to a floating point number.</doc>
<arguments>
<arg>42.512783</arg>
</arguments>
<assign>
<var>${variable}</var>
</assign>
<msg timestamp="20200130 16:33:40.069" level="TRACE">Arguments: [ '42.512783' ]</msg>
<msg timestamp="20200130 16:33:40.069" level="DEBUG">Argument types are:
&lt;type 'unicode'&gt;</msg>
<msg timestamp="20200130 16:33:40.069" level="TRACE">Return: 42.512783</msg>
<msg timestamp="20200130 16:33:40.069" level="INFO">${variable} = 42.512783</msg>
<status status="PASS" starttime="20200130 16:33:40.069" endtime="20200130 16:33:40.069"></status>
</kw>
<kw name="Is Float In Python" library="Utils">
<arguments>
<arg>${variable}</arg>
</arguments>
<assign>
<var>${isFloat}</var>
</assign>
<msg timestamp="20200130 16:33:40.072" level="TRACE">Arguments: [ 42.512783 ]</msg>
<msg timestamp="20200130 16:33:40.072" level="TRACE">Return: True</msg>
<msg timestamp="20200130 16:33:40.072" level="INFO">${isFloat} = True</msg>
<status status="PASS" starttime="20200130 16:33:40.071" endtime="20200130 16:33:40.072"></status>
</kw>
<kw name="Should Be Equal" library="BuiltIn">
<doc>Fails if the given objects are unequal.</doc>
<arguments>
<arg>${isFloat}</arg>
<arg>${True}</arg>
</arguments>
<msg timestamp="20200130 16:33:40.072" level="TRACE">Arguments: [ True | True ]</msg>
<msg timestamp="20200130 16:33:40.072" level="DEBUG">Argument types are:
&lt;class 'bool'&gt;
&lt;class 'bool'&gt;</msg>
<msg timestamp="20200130 16:33:40.072" level="TRACE">Return: None</msg>
<status status="PASS" starttime="20200130 16:33:40.072" endtime="20200130 16:33:40.073"></status>
</kw>
<kw name="Convert To Number" library="BuiltIn">
<doc>Converts the given item to a floating point number.</doc>
<arguments>
<arg>42.512783</arg>
<arg>precision=4</arg>
</arguments>
<assign>
<var>${variable}</var>
</assign>
<msg timestamp="20200130 16:33:40.076" level="TRACE">Arguments: [ '42.512783' | precision='4' ]</msg>
<msg timestamp="20200130 16:33:40.077" level="DEBUG">Argument types are:
&lt;type 'unicode'&gt;</msg>
<msg timestamp="20200130 16:33:40.077" level="TRACE">Return: 42.5128</msg>
<msg timestamp="20200130 16:33:40.077" level="INFO">${variable} = 42.5128</msg>
<status status="PASS" starttime="20200130 16:33:40.076" endtime="20200130 16:33:40.077"></status>
</kw>
<kw name="Should Be Equal" library="BuiltIn">
<doc>Fails if the given objects are unequal.</doc>
<arguments>
<arg>${variable}</arg>
<arg>${42.5128}</arg>
</arguments>
<msg timestamp="20200130 16:33:40.077" level="TRACE">Arguments: [ 42.5128 | 42.5128 ]</msg>
<msg timestamp="20200130 16:33:40.077" level="DEBUG">Argument types are:
&lt;class 'float'&gt;
&lt;class 'float'&gt;</msg>
<msg timestamp="20200130 16:33:40.077" level="TRACE">Return: None</msg>
<status status="PASS" starttime="20200130 16:33:40.077" endtime="20200130 16:33:40.077"></status>
</kw>
<kw name="Convert To Number" library="BuiltIn">
<doc>Converts the given item to a floating point number.</doc>
<arguments>
<arg>42.512783</arg>
<arg>precision=0</arg>
</arguments>
<assign>
<var>${variable}</var>
</assign>
<msg timestamp="20200130 16:33:40.078" level="TRACE">Arguments: [ '42.512783' | precision='0' ]</msg>
<msg timestamp="20200130 16:33:40.078" level="DEBUG">Argument types are:
&lt;type 'unicode'&gt;</msg>
<msg timestamp="20200130 16:33:40.078" level="TRACE">Return: 43.0</msg>
<msg timestamp="20200130 16:33:40.078" level="INFO">${variable} = 43.0</msg>
<status status="PASS" starttime="20200130 16:33:40.078" endtime="20200130 16:33:40.078"></status>
</kw>
<kw name="Should Be Equal" library="BuiltIn">
<doc>Fails if the given objects are unequal.</doc>
<arguments>
<arg>${variable}</arg>
<arg>${43}</arg>
</arguments>
<msg timestamp="20200130 16:33:40.079" level="TRACE">Arguments: [ 43.0 | 43 ]</msg>
<msg timestamp="20200130 16:33:40.079" level="INFO">Argument types are:
&lt;class 'float'&gt;
&lt;class 'int'&gt;</msg>
<msg timestamp="20200130 16:33:40.079" level="TRACE">Return: None</msg>
<status status="PASS" starttime="20200130 16:33:40.078" endtime="20200130 16:33:40.079"></status>
</kw>
<kw name="Convert To Number" library="BuiltIn">
<doc>Converts the given item to a floating point number.</doc>
<arguments>
<arg>42.512783</arg>
<arg>precision=-1</arg>
</arguments>
<assign>
<var>${variable}</var>
</assign>
<msg timestamp="20200130 16:33:40.085" level="TRACE">Arguments: [ '42.512783' | precision='-1' ]</msg>
<msg timestamp="20200130 16:33:40.085" level="DEBUG">Argument types are:
&lt;type 'unicode'&gt;</msg>
<msg timestamp="20200130 16:33:40.085" level="TRACE">Return: 40.0</msg>
<msg timestamp="20200130 16:33:40.085" level="INFO">${variable} = 40.0</msg>
<status status="PASS" starttime="20200130 16:33:40.085" endtime="20200130 16:33:40.085"></status>
</kw>
<kw name="Should Be Equal" library="BuiltIn">
<doc>Fails if the given objects are unequal.</doc>
<arguments>
<arg>${variable}</arg>
<arg>${40.0}</arg>
</arguments>
<msg timestamp="20200130 16:33:40.085" level="TRACE">Arguments: [ 40.0 | 40.0 ]</msg>
<msg timestamp="20200130 16:33:40.086" level="DEBUG">Argument types are:
&lt;class 'float'&gt;
&lt;class 'float'&gt;</msg>
<msg timestamp="20200130 16:33:40.086" level="TRACE">Return: None</msg>
<status status="PASS" starttime="20200130 16:33:40.085" endtime="20200130 16:33:40.086"></status>
</kw>
<kw name="Comment" library="BuiltIn">
<doc>Displays the given messages in the log file as keyword arguments.</doc>
<arguments>
<arg>??? If you want to avoid possible problems with floating point numbers, you can implement custom keywords using</arg>
</arguments>
<msg timestamp="20200130 16:33:40.086" level="TRACE">Arguments: [ '??? If you want to avoid possible problems with floating point numbers, you can implement custom keywords using' ]</msg>
<msg timestamp="20200130 16:33:40.086" level="TRACE">Return: None</msg>
<status status="PASS" starttime="20200130 16:33:40.086" endtime="20200130 16:33:40.086"></status>
</kw>
<kw name="Comment" library="BuiltIn">
<doc>Displays the given messages in the log file as keyword arguments.</doc>
<arguments>
<arg>Python's decimal or fractions modules.</arg>
</arguments>
<msg timestamp="20200130 16:33:40.086" level="TRACE">Arguments: [ "Python's decimal or fractions modules." ]</msg>
<msg timestamp="20200130 16:33:40.087" level="TRACE">Return: None</msg>
<status status="PASS" starttime="20200130 16:33:40.086" endtime="20200130 16:33:40.087"></status>
</kw>
<kw name="Fail" library="BuiltIn">
<doc>Fails the test with the given message and optionally alters its tags.</doc>
<arguments>
<arg>Should Be Implemented</arg>
</arguments>
<msg timestamp="20200130 16:33:40.087" level="TRACE">Arguments: [ 'Should Be Implemented' ]</msg>
<msg timestamp="20200130 16:33:40.087" level="FAIL">Should Be Implemented</msg>
<msg timestamp="20200130 16:33:40.087" level="DEBUG">Traceback (most recent call last):
  None</msg>
<status status="FAIL" starttime="20200130 16:33:40.087" endtime="20200130 16:33:40.087"></status>
</kw>
<doc>Convert To Number item, precision=None
item is a floating point string
Converts the given item to a floating point number, which is indeed recognized as float in Python</doc>
<tags>
<tag>not-understood</tag>
</tags>
<status status="FAIL" starttime="20200130 16:33:40.068" endtime="20200130 16:33:40.087" critical="yes">Should Be Implemented</status>
</test>
<test id="s1-s1-t12" name="Use &quot;Convert To Octal&quot;">
<kw name="Convert To Octal" library="BuiltIn">
<doc>Converts the given item to an octal string.</doc>
<arguments>
<arg>10</arg>
</arguments>
<assign>
<var>${result}</var>
</assign>
<msg timestamp="20200130 16:33:40.089" level="TRACE">Arguments: [ '10' ]</msg>
<msg timestamp="20200130 16:33:40.089" level="DEBUG">Argument types are:
&lt;type 'unicode'&gt;</msg>
<msg timestamp="20200130 16:33:40.089" level="TRACE">Return: '12'</msg>
<msg timestamp="20200130 16:33:40.089" level="INFO">${result} = 12</msg>
<status status="PASS" starttime="20200130 16:33:40.089" endtime="20200130 16:33:40.089"></status>
</kw>
<kw name="Is String In Python" library="Utils">
<arguments>
<arg>${result}</arg>
</arguments>
<assign>
<var>${isString}</var>
</assign>
<msg timestamp="20200130 16:33:40.089" level="TRACE">Arguments: [ '12' ]</msg>
<msg timestamp="20200130 16:33:40.090" level="TRACE">Return: True</msg>
<msg timestamp="20200130 16:33:40.090" level="INFO">${isString} = True</msg>
<status status="PASS" starttime="20200130 16:33:40.089" endtime="20200130 16:33:40.090"></status>
</kw>
<kw name="Should Be Equal" library="BuiltIn">
<doc>Fails if the given objects are unequal.</doc>
<arguments>
<arg>${isString}</arg>
<arg>${True}</arg>
</arguments>
<msg timestamp="20200130 16:33:40.093" level="TRACE">Arguments: [ True | True ]</msg>
<msg timestamp="20200130 16:33:40.093" level="DEBUG">Argument types are:
&lt;class 'bool'&gt;
&lt;class 'bool'&gt;</msg>
<msg timestamp="20200130 16:33:40.093" level="TRACE">Return: None</msg>
<status status="PASS" starttime="20200130 16:33:40.092" endtime="20200130 16:33:40.093"></status>
</kw>
<kw name="Should Be Equal" library="BuiltIn">
<doc>Fails if the given objects are unequal.</doc>
<arguments>
<arg>${result}</arg>
<arg>12</arg>
</arguments>
<msg timestamp="20200130 16:33:40.093" level="TRACE">Arguments: [ '12' | '12' ]</msg>
<msg timestamp="20200130 16:33:40.093" level="DEBUG">Argument types are:
&lt;type 'unicode'&gt;
&lt;type 'unicode'&gt;</msg>
<msg timestamp="20200130 16:33:40.093" level="TRACE">Return: None</msg>
<status status="PASS" starttime="20200130 16:33:40.093" endtime="20200130 16:33:40.094"></status>
</kw>
<kw name="Convert To Octal" library="BuiltIn">
<doc>Converts the given item to an octal string.</doc>
<arguments>
<arg>-F</arg>
<arg>base=16</arg>
<arg>prefix=0</arg>
</arguments>
<assign>
<var>${result}</var>
</assign>
<msg timestamp="20200130 16:33:40.094" level="TRACE">Arguments: [ '-F' | base='16' | prefix='0' ]</msg>
<msg timestamp="20200130 16:33:40.094" level="DEBUG">Argument types are:
&lt;type 'unicode'&gt;</msg>
<msg timestamp="20200130 16:33:40.094" level="TRACE">Return: '-017'</msg>
<msg timestamp="20200130 16:33:40.094" level="INFO">${result} = -017</msg>
<status status="PASS" starttime="20200130 16:33:40.094" endtime="20200130 16:33:40.094"></status>
</kw>
<kw name="Should Be Equal" library="BuiltIn">
<doc>Fails if the given objects are unequal.</doc>
<arguments>
<arg>${result}</arg>
<arg>-017</arg>
</arguments>
<msg timestamp="20200130 16:33:40.095" level="TRACE">Arguments: [ '-017' | '-017' ]</msg>
<msg timestamp="20200130 16:33:40.095" level="DEBUG">Argument types are:
&lt;type 'unicode'&gt;
&lt;type 'unicode'&gt;</msg>
<msg timestamp="20200130 16:33:40.095" level="TRACE">Return: None</msg>
<status status="PASS" starttime="20200130 16:33:40.094" endtime="20200130 16:33:40.095"></status>
</kw>
<kw name="Convert To Octal" library="BuiltIn">
<doc>Converts the given item to an octal string.</doc>
<arguments>
<arg>16</arg>
<arg>prefix=oct</arg>
<arg>length=4</arg>
</arguments>
<assign>
<var>${result}</var>
</assign>
<msg timestamp="20200130 16:33:40.097" level="TRACE">Arguments: [ '16' | prefix='oct' | length='4' ]</msg>
<msg timestamp="20200130 16:33:40.097" level="DEBUG">Argument types are:
&lt;type 'unicode'&gt;</msg>
<msg timestamp="20200130 16:33:40.097" level="TRACE">Return: 'oct0020'</msg>
<msg timestamp="20200130 16:33:40.097" level="INFO">${result} = oct0020</msg>
<status status="PASS" starttime="20200130 16:33:40.097" endtime="20200130 16:33:40.097"></status>
</kw>
<kw name="Should Be Equal" library="BuiltIn">
<doc>Fails if the given objects are unequal.</doc>
<arguments>
<arg>${result}</arg>
<arg>oct0020</arg>
</arguments>
<msg timestamp="20200130 16:33:40.098" level="TRACE">Arguments: [ 'oct0020' | 'oct0020' ]</msg>
<msg timestamp="20200130 16:33:40.098" level="DEBUG">Argument types are:
&lt;type 'unicode'&gt;
&lt;type 'unicode'&gt;</msg>
<msg timestamp="20200130 16:33:40.099" level="TRACE">Return: None</msg>
<status status="PASS" starttime="20200130 16:33:40.098" endtime="20200130 16:33:40.099"></status>
</kw>
<doc>Convert To Octal item, base=None, prefix=None, length=None
Converts the given item to an octal string</doc>
<status status="PASS" starttime="20200130 16:33:40.088" endtime="20200130 16:33:40.101" critical="yes"></status>
</test>
<test id="s1-s1-t13" name="Use &quot;Convert To String&quot;">
<kw name="Fail" library="BuiltIn">
<doc>Fails the test with the given message and optionally alters its tags.</doc>
<arguments>
<arg>Should Be Implemented</arg>
</arguments>
<msg timestamp="20200130 16:33:40.102" level="TRACE">Arguments: [ 'Should Be Implemented' ]</msg>
<msg timestamp="20200130 16:33:40.102" level="FAIL">Should Be Implemented</msg>
<msg timestamp="20200130 16:33:40.102" level="DEBUG">Traceback (most recent call last):
  None</msg>
<status status="FAIL" starttime="20200130 16:33:40.102" endtime="20200130 16:33:40.102"></status>
</kw>
<doc>Totally unclear..</doc>
<tags>
<tag>not-understood</tag>
</tags>
<status status="FAIL" starttime="20200130 16:33:40.101" endtime="20200130 16:33:40.105" critical="yes">Should Be Implemented</status>
</test>
<test id="s1-s1-t14" name="Use &quot;Create Dictionary&quot;">
<kw name="Create Dictionary" library="BuiltIn">
<doc>Creates and returns a dictionary based on the given ``items``.</doc>
<arguments>
<arg>key=value</arg>
<arg>foo=bar</arg>
</arguments>
<assign>
<var>&amp;{dict}</var>
</assign>
<msg timestamp="20200130 16:33:40.106" level="TRACE">Arguments: [ 'key=value' | 'foo=bar' ]</msg>
<msg timestamp="20200130 16:33:40.106" level="TRACE">Return: {'foo': 'bar', 'key': 'value'}</msg>
<msg timestamp="20200130 16:33:40.106" level="INFO">&amp;{dict} = { key=value | foo=bar }</msg>
<status status="PASS" starttime="20200130 16:33:40.106" endtime="20200130 16:33:40.106"></status>
</kw>
<kw name="Should Be True" library="BuiltIn">
<doc>Fails if the given condition is not true.</doc>
<arguments>
<arg>${dict} == {'key': 'value', 'foo': 'bar'}</arg>
</arguments>
<msg timestamp="20200130 16:33:40.109" level="TRACE">Arguments: [ "{'key': 'value', 'foo': 'bar'} == {'key': 'value', 'foo': 'bar'}" ]</msg>
<msg timestamp="20200130 16:33:40.109" level="TRACE">Return: None</msg>
<status status="PASS" starttime="20200130 16:33:40.108" endtime="20200130 16:33:40.109"></status>
</kw>
<kw name="Create Dictionary" library="BuiltIn">
<doc>Creates and returns a dictionary based on the given ``items``.</doc>
<arguments>
<arg>key</arg>
<arg>value</arg>
<arg>foo</arg>
<arg>bar</arg>
</arguments>
<assign>
<var>&amp;{dict2}</var>
</assign>
<msg timestamp="20200130 16:33:40.112" level="TRACE">Arguments: [ 'key' | 'value' | 'foo' | 'bar' ]</msg>
<msg timestamp="20200130 16:33:40.113" level="TRACE">Return: {'foo': 'bar', 'key': 'value'}</msg>
<msg timestamp="20200130 16:33:40.113" level="INFO">&amp;{dict2} = { key=value | foo=bar }</msg>
<status status="PASS" starttime="20200130 16:33:40.112" endtime="20200130 16:33:40.113"></status>
</kw>
<kw name="Should Be Equal" library="BuiltIn">
<doc>Fails if the given objects are unequal.</doc>
<arguments>
<arg>${dict}</arg>
<arg>${dict2}</arg>
</arguments>
<msg timestamp="20200130 16:33:40.113" level="TRACE">Arguments: [ {'foo': 'bar', 'key': 'value'} | {'foo': 'bar', 'key': 'value'} ]</msg>
<msg timestamp="20200130 16:33:40.113" level="DEBUG">Argument types are:
&lt;class 'robot.utils.dotdict.DotDict'&gt;
&lt;class 'robot.utils.dotdict.DotDict'&gt;</msg>
<msg timestamp="20200130 16:33:40.114" level="TRACE">Return: None</msg>
<status status="PASS" starttime="20200130 16:33:40.113" endtime="20200130 16:33:40.114"></status>
</kw>
<kw name="Create Dictionary" library="BuiltIn">
<doc>Creates and returns a dictionary based on the given ``items``.</doc>
<arguments>
<arg>${1}=${2}</arg>
<arg>&amp;{dict}</arg>
<arg>foo=new</arg>
</arguments>
<assign>
<var>&amp;{dict}</var>
</assign>
<msg timestamp="20200130 16:33:40.114" level="TRACE">Arguments: [ '${1}=${2}' | '&amp;{dict}' | 'foo=new' ]</msg>
<msg timestamp="20200130 16:33:40.114" level="TRACE">Return: {1: 2, 'foo': 'new', 'key': 'value'}</msg>
<msg timestamp="20200130 16:33:40.114" level="INFO">&amp;{dict} = { 1=2 | key=value | foo=new }</msg>
<status status="PASS" starttime="20200130 16:33:40.114" endtime="20200130 16:33:40.115"></status>
</kw>
<kw name="Should Be True" library="BuiltIn">
<doc>Fails if the given condition is not true.</doc>
<arguments>
<arg>${dict} == {1: 2, 'key': 'value', 'foo': 'new'}</arg>
</arguments>
<msg timestamp="20200130 16:33:40.117" level="TRACE">Arguments: [ "{1: 2, 'key': 'value', 'foo': 'new'} == {1: 2, 'key': 'value', 'foo': 'new'}" ]</msg>
<msg timestamp="20200130 16:33:40.117" level="TRACE">Return: None</msg>
<status status="PASS" starttime="20200130 16:33:40.116" endtime="20200130 16:33:40.117"></status>
</kw>
<kw name="Should Be Equal" library="BuiltIn">
<doc>Fails if the given objects are unequal.</doc>
<arguments>
<arg>${dict.key}</arg>
<arg>value</arg>
</arguments>
<msg timestamp="20200130 16:33:40.117" level="TRACE">Arguments: [ 'value' | 'value' ]</msg>
<msg timestamp="20200130 16:33:40.117" level="DEBUG">Argument types are:
&lt;type 'unicode'&gt;
&lt;type 'unicode'&gt;</msg>
<msg timestamp="20200130 16:33:40.117" level="TRACE">Return: None</msg>
<status status="PASS" starttime="20200130 16:33:40.117" endtime="20200130 16:33:40.118"></status>
</kw>
<status status="PASS" starttime="20200130 16:33:40.105" endtime="20200130 16:33:40.120" critical="yes"></status>
</test>
<test id="s1-s1-t15" name="Use &quot;Create List&quot;">
<kw name="Create List" library="BuiltIn">
<doc>Returns a list containing given items.</doc>
<arguments>
<arg>a</arg>
<arg>b</arg>
<arg>c</arg>
</arguments>
<assign>
<var>@{list}</var>
</assign>
<msg timestamp="20200130 16:33:40.121" level="TRACE">Arguments: [ 'a' | 'b' | 'c' ]</msg>
<msg timestamp="20200130 16:33:40.121" level="TRACE">Return: ['a', 'b', 'c']</msg>
<msg timestamp="20200130 16:33:40.121" level="INFO">@{list} = [ a | b | c ]</msg>
<status status="PASS" starttime="20200130 16:33:40.121" endtime="20200130 16:33:40.121"></status>
</kw>
<kw name="Should Be True" library="BuiltIn">
<doc>Fails if the given condition is not true.</doc>
<arguments>
<arg>${list} == ['a', 'b', 'c']</arg>
</arguments>
<msg timestamp="20200130 16:33:40.122" level="TRACE">Arguments: [ "['a', 'b', 'c'] == ['a', 'b', 'c']" ]</msg>
<msg timestamp="20200130 16:33:40.122" level="TRACE">Return: None</msg>
<status status="PASS" starttime="20200130 16:33:40.122" endtime="20200130 16:33:40.122"></status>
</kw>
<kw name="Create List" library="BuiltIn">
<doc>Returns a list containing given items.</doc>
<arguments>
<arg>${1}</arg>
<arg>${2}</arg>
<arg>${3}</arg>
</arguments>
<assign>
<var>${list}</var>
</assign>
<msg timestamp="20200130 16:33:40.124" level="TRACE">Arguments: [ 1 | 2 | 3 ]</msg>
<msg timestamp="20200130 16:33:40.125" level="TRACE">Return: [1, 2, 3]</msg>
<msg timestamp="20200130 16:33:40.125" level="INFO">${list} = [1, 2, 3]</msg>
<status status="PASS" starttime="20200130 16:33:40.124" endtime="20200130 16:33:40.125"></status>
</kw>
<kw name="Should Be True" library="BuiltIn">
<doc>Fails if the given condition is not true.</doc>
<arguments>
<arg>$list == [1, 2, 3]</arg>
</arguments>
<msg timestamp="20200130 16:33:40.125" level="TRACE">Arguments: [ '$list == [1, 2, 3]' ]</msg>
<msg timestamp="20200130 16:33:40.126" level="TRACE">Return: None</msg>
<status status="PASS" starttime="20200130 16:33:40.125" endtime="20200130 16:33:40.126"></status>
</kw>
<kw name="Is Integer In Python" library="Utils">
<arguments>
<arg>${list}[1]</arg>
</arguments>
<assign>
<var>${isInteger}</var>
</assign>
<msg timestamp="20200130 16:33:40.129" level="TRACE">Arguments: [ 2 ]</msg>
<msg timestamp="20200130 16:33:40.129" level="TRACE">Return: True</msg>
<msg timestamp="20200130 16:33:40.129" level="INFO">${isInteger} = True</msg>
<status status="PASS" starttime="20200130 16:33:40.129" endtime="20200130 16:33:40.129"></status>
</kw>
<kw name="Should Be True" library="BuiltIn">
<doc>Fails if the given condition is not true.</doc>
<arguments>
<arg>${isInteger}</arg>
</arguments>
<msg timestamp="20200130 16:33:40.131" level="TRACE">Arguments: [ True ]</msg>
<msg timestamp="20200130 16:33:40.131" level="TRACE">Return: None</msg>
<status status="PASS" starttime="20200130 16:33:40.131" endtime="20200130 16:33:40.131"></status>
</kw>
<status status="PASS" starttime="20200130 16:33:40.120" endtime="20200130 16:33:40.131" critical="yes"></status>
</test>
<test id="s1-s1-t16" name="Use &quot;Evaluate&quot;">
<kw name="Convert To Number" library="BuiltIn">
<doc>Converts the given item to a floating point number.</doc>
<arguments>
<arg>3.14159265359</arg>
</arguments>
<assign>
<var>${pi}</var>
</assign>
<msg timestamp="20200130 16:33:40.134" level="TRACE">Arguments: [ '3.14159265359' ]</msg>
<msg timestamp="20200130 16:33:40.135" level="DEBUG">Argument types are:
&lt;type 'unicode'&gt;</msg>
<msg timestamp="20200130 16:33:40.135" level="TRACE">Return: 3.14159265359</msg>
<msg timestamp="20200130 16:33:40.135" level="INFO">${pi} = 3.14159265359</msg>
<status status="PASS" starttime="20200130 16:33:40.134" endtime="20200130 16:33:40.135"></status>
</kw>
<kw name="Evaluate" library="BuiltIn">
<doc>Evaluates the given expression in Python and returns the results.</doc>
<arguments>
<arg>0 &lt; ${pi} &lt; 10</arg>
</arguments>
<assign>
<var>${result}</var>
</assign>
<msg timestamp="20200130 16:33:40.135" level="TRACE">Arguments: [ '0 &lt; 3.14159265359 &lt; 10' ]</msg>
<msg timestamp="20200130 16:33:40.135" level="TRACE">Return: True</msg>
<msg timestamp="20200130 16:33:40.135" level="INFO">${result} = True</msg>
<status status="PASS" starttime="20200130 16:33:40.135" endtime="20200130 16:33:40.135"></status>
</kw>
<kw name="Should Be True" library="BuiltIn">
<doc>Fails if the given condition is not true.</doc>
<arguments>
<arg>${result}</arg>
</arguments>
<msg timestamp="20200130 16:33:40.136" level="TRACE">Arguments: [ True ]</msg>
<msg timestamp="20200130 16:33:40.136" level="TRACE">Return: None</msg>
<status status="PASS" starttime="20200130 16:33:40.136" endtime="20200130 16:33:40.136"></status>
</kw>
<kw name="Evaluate" library="BuiltIn">
<doc>Evaluates the given expression in Python and returns the results.</doc>
<arguments>
<arg>0 &lt; $pi &lt; 10</arg>
</arguments>
<assign>
<var>${result}</var>
</assign>
<msg timestamp="20200130 16:33:40.140" level="TRACE">Arguments: [ '0 &lt; $pi &lt; 10' ]</msg>
<msg timestamp="20200130 16:33:40.142" level="TRACE">Return: True</msg>
<msg timestamp="20200130 16:33:40.142" level="INFO">${result} = True</msg>
<status status="PASS" starttime="20200130 16:33:40.140" endtime="20200130 16:33:40.143"></status>
</kw>
<kw name="Should Be True" library="BuiltIn">
<doc>Fails if the given condition is not true.</doc>
<arguments>
<arg>${result}</arg>
</arguments>
<msg timestamp="20200130 16:33:40.143" level="TRACE">Arguments: [ True ]</msg>
<msg timestamp="20200130 16:33:40.144" level="TRACE">Return: None</msg>
<status status="PASS" starttime="20200130 16:33:40.143" endtime="20200130 16:33:40.144"></status>
</kw>
<kw name="Evaluate" library="BuiltIn">
<doc>Evaluates the given expression in Python and returns the results.</doc>
<arguments>
<arg>random.randint(0, 100)</arg>
<arg>modules=random, sys</arg>
</arguments>
<assign>
<var>${random_int}</var>
</assign>
<msg timestamp="20200130 16:33:40.147" level="TRACE">Arguments: [ 'random.randint(0, 100)' | modules='random, sys' ]</msg>
<msg timestamp="20200130 16:33:40.148" level="TRACE">Return: 64</msg>
<msg timestamp="20200130 16:33:40.148" level="INFO">${random_int} = 64</msg>
<status status="PASS" starttime="20200130 16:33:40.147" endtime="20200130 16:33:40.148"></status>
</kw>
<kw name="Is Integer In Python" library="Utils">
<arguments>
<arg>${random_int}</arg>
</arguments>
<assign>
<var>${isInteger}</var>
</assign>
<msg timestamp="20200130 16:33:40.148" level="TRACE">Arguments: [ 64 ]</msg>
<msg timestamp="20200130 16:33:40.148" level="TRACE">Return: True</msg>
<msg timestamp="20200130 16:33:40.148" level="INFO">${isInteger} = True</msg>
<status status="PASS" starttime="20200130 16:33:40.148" endtime="20200130 16:33:40.148"></status>
</kw>
<kw name="Should Be True" library="BuiltIn">
<doc>Fails if the given condition is not true.</doc>
<arguments>
<arg>${isInteger}</arg>
</arguments>
<msg timestamp="20200130 16:33:40.149" level="TRACE">Arguments: [ True ]</msg>
<msg timestamp="20200130 16:33:40.149" level="TRACE">Return: None</msg>
<status status="PASS" starttime="20200130 16:33:40.149" endtime="20200130 16:33:40.149"></status>
</kw>
<kw name="Create Dictionary" library="BuiltIn">
<doc>Creates and returns a dictionary based on the given ``items``.</doc>
<arguments>
<arg>x=${4}</arg>
<arg>y=${2}</arg>
</arguments>
<assign>
<var>${ns}</var>
</assign>
<msg timestamp="20200130 16:33:40.149" level="TRACE">Arguments: [ 'x=${4}' | 'y=${2}' ]</msg>
<msg timestamp="20200130 16:33:40.150" level="TRACE">Return: {'x': 4, 'y': 2}</msg>
<msg timestamp="20200130 16:33:40.150" level="INFO">${ns} = {'x': 4, 'y': 2}</msg>
<status status="PASS" starttime="20200130 16:33:40.149" endtime="20200130 16:33:40.150"></status>
</kw>
<kw name="Evaluate" library="BuiltIn">
<doc>Evaluates the given expression in Python and returns the results.</doc>
<arguments>
<arg>x*10 + y</arg>
<arg>namespace=${ns}</arg>
<arg>modules=random, sys</arg>
</arguments>
<assign>
<var>${result}</var>
</assign>
<msg timestamp="20200130 16:33:40.153" level="TRACE">Arguments: [ 'x*10 + y' | namespace={'x': 4, 'y': 2} | modules='random, sys' ]</msg>
<msg timestamp="20200130 16:33:40.153" level="TRACE">Return: 42</msg>
<msg timestamp="20200130 16:33:40.153" level="INFO">${result} = 42</msg>
<status status="PASS" starttime="20200130 16:33:40.153" endtime="20200130 16:33:40.153"></status>
</kw>
<kw name="Is Integer In Python" library="Utils">
<arguments>
<arg>${result}</arg>
</arguments>
<assign>
<var>${isInteger}</var>
</assign>
<msg timestamp="20200130 16:33:40.153" level="TRACE">Arguments: [ 42 ]</msg>
<msg timestamp="20200130 16:33:40.180" level="TRACE">Return: True</msg>
<msg timestamp="20200130 16:33:40.180" level="INFO">${isInteger} = True</msg>
<status status="PASS" starttime="20200130 16:33:40.153" endtime="20200130 16:33:40.180"></status>
</kw>
<kw name="Should Be True" library="BuiltIn">
<doc>Fails if the given condition is not true.</doc>
<arguments>
<arg>${isInteger}</arg>
</arguments>
<msg timestamp="20200130 16:33:40.185" level="TRACE">Arguments: [ True ]</msg>
<msg timestamp="20200130 16:33:40.185" level="TRACE">Return: None</msg>
<status status="PASS" starttime="20200130 16:33:40.184" endtime="20200130 16:33:40.185"></status>
</kw>
<kw name="Should Be Equal" library="BuiltIn">
<doc>Fails if the given objects are unequal.</doc>
<arguments>
<arg>${42}</arg>
<arg>${result}</arg>
</arguments>
<msg timestamp="20200130 16:33:40.189" level="TRACE">Arguments: [ 42 | 42 ]</msg>
<msg timestamp="20200130 16:33:40.189" level="DEBUG">Argument types are:
&lt;class 'int'&gt;
&lt;class 'int'&gt;</msg>
<msg timestamp="20200130 16:33:40.189" level="TRACE">Return: None</msg>
<status status="PASS" starttime="20200130 16:33:40.188" endtime="20200130 16:33:40.189"></status>
</kw>
<status status="PASS" starttime="20200130 16:33:40.132" endtime="20200130 16:33:40.189" critical="yes"></status>
</test>
<test id="s1-s1-t17" name="Use &quot;Exit For Loop&quot;">
<kw name="Create List" library="BuiltIn">
<doc>Returns a list containing given items.</doc>
<arguments>
<arg>a</arg>
<arg>b</arg>
<arg>c</arg>
<arg>EXIT</arg>
<arg>d</arg>
<arg>e</arg>
</arguments>
<assign>
<var>@{list}</var>
</assign>
<msg timestamp="20200130 16:33:40.191" level="TRACE">Arguments: [ 'a' | 'b' | 'c' | 'EXIT' | 'd' | 'e' ]</msg>
<msg timestamp="20200130 16:33:40.191" level="TRACE">Return: ['a', 'b', 'c', 'EXIT', 'd', 'e']</msg>
<msg timestamp="20200130 16:33:40.191" level="INFO">@{list} = [ a | b | c | EXIT | d | e ]</msg>
<status status="PASS" starttime="20200130 16:33:40.191" endtime="20200130 16:33:40.191"></status>
</kw>
<kw name="${item} IN [ @{list} ]" type="for">
<kw name="${item} = a" type="foritem">
<kw name="Run Keyword If" library="BuiltIn">
<doc>Runs the given keyword with the given arguments, if ``condition`` is true.</doc>
<arguments>
<arg>$item == 'EXIT'</arg>
<arg>Exit For Loop</arg>
</arguments>
<msg timestamp="20200130 16:33:40.195" level="TRACE">Arguments: [ "$item == 'EXIT'" | 'Exit For Loop' ]</msg>
<msg timestamp="20200130 16:33:40.196" level="TRACE">Return: None</msg>
<status status="PASS" starttime="20200130 16:33:40.192" endtime="20200130 16:33:40.196"></status>
</kw>
<kw name="Log" library="BuiltIn">
<doc>Logs the given message with the given level.</doc>
<arguments>
<arg>${item}</arg>
</arguments>
<msg timestamp="20200130 16:33:40.196" level="TRACE">Arguments: [ 'a' ]</msg>
<msg timestamp="20200130 16:33:40.197" level="INFO">a</msg>
<msg timestamp="20200130 16:33:40.197" level="TRACE">Return: None</msg>
<status status="PASS" starttime="20200130 16:33:40.196" endtime="20200130 16:33:40.197"></status>
</kw>
<status status="PASS" starttime="20200130 16:33:40.191" endtime="20200130 16:33:40.197"></status>
</kw>
<kw name="${item} = b" type="foritem">
<kw name="Run Keyword If" library="BuiltIn">
<doc>Runs the given keyword with the given arguments, if ``condition`` is true.</doc>
<arguments>
<arg>$item == 'EXIT'</arg>
<arg>Exit For Loop</arg>
</arguments>
<msg timestamp="20200130 16:33:40.197" level="TRACE">Arguments: [ "$item == 'EXIT'" | 'Exit For Loop' ]</msg>
<msg timestamp="20200130 16:33:40.198" level="TRACE">Return: None</msg>
<status status="PASS" starttime="20200130 16:33:40.197" endtime="20200130 16:33:40.198"></status>
</kw>
<kw name="Log" library="BuiltIn">
<doc>Logs the given message with the given level.</doc>
<arguments>
<arg>${item}</arg>
</arguments>
<msg timestamp="20200130 16:33:40.199" level="TRACE">Arguments: [ 'b' ]</msg>
<msg timestamp="20200130 16:33:40.199" level="INFO">b</msg>
<msg timestamp="20200130 16:33:40.199" level="TRACE">Return: None</msg>
<status status="PASS" starttime="20200130 16:33:40.199" endtime="20200130 16:33:40.199"></status>
</kw>
<status status="PASS" starttime="20200130 16:33:40.197" endtime="20200130 16:33:40.199"></status>
</kw>
<kw name="${item} = c" type="foritem">
<kw name="Run Keyword If" library="BuiltIn">
<doc>Runs the given keyword with the given arguments, if ``condition`` is true.</doc>
<arguments>
<arg>$item == 'EXIT'</arg>
<arg>Exit For Loop</arg>
</arguments>
<msg timestamp="20200130 16:33:40.199" level="TRACE">Arguments: [ "$item == 'EXIT'" | 'Exit For Loop' ]</msg>
<msg timestamp="20200130 16:33:40.200" level="TRACE">Return: None</msg>
<status status="PASS" starttime="20200130 16:33:40.199" endtime="20200130 16:33:40.200"></status>
</kw>
<kw name="Log" library="BuiltIn">
<doc>Logs the given message with the given level.</doc>
<arguments>
<arg>${item}</arg>
</arguments>
<msg timestamp="20200130 16:33:40.205" level="TRACE">Arguments: [ 'c' ]</msg>
<msg timestamp="20200130 16:33:40.205" level="INFO">c</msg>
<msg timestamp="20200130 16:33:40.205" level="TRACE">Return: None</msg>
<status status="PASS" starttime="20200130 16:33:40.205" endtime="20200130 16:33:40.205"></status>
</kw>
<status status="PASS" starttime="20200130 16:33:40.199" endtime="20200130 16:33:40.205"></status>
</kw>
<kw name="${item} = EXIT" type="foritem">
<kw name="Run Keyword If" library="BuiltIn">
<doc>Runs the given keyword with the given arguments, if ``condition`` is true.</doc>
<arguments>
<arg>$item == 'EXIT'</arg>
<arg>Exit For Loop</arg>
</arguments>
<msg timestamp="20200130 16:33:40.206" level="TRACE">Arguments: [ "$item == 'EXIT'" | 'Exit For Loop' ]</msg>
<kw name="Exit For Loop" library="BuiltIn">
<doc>Stops executing the enclosing for loop.</doc>
<msg timestamp="20200130 16:33:40.213" level="TRACE">Arguments: [  ]</msg>
<msg timestamp="20200130 16:33:40.213" level="INFO">Exiting for loop altogether.</msg>
<status status="PASS" starttime="20200130 16:33:40.213" endtime="20200130 16:33:40.213"></status>
</kw>
<status status="PASS" starttime="20200130 16:33:40.205" endtime="20200130 16:33:40.213"></status>
</kw>
<status status="PASS" starttime="20200130 16:33:40.205" endtime="20200130 16:33:40.213"></status>
</kw>
<status status="PASS" starttime="20200130 16:33:40.191" endtime="20200130 16:33:40.213"></status>
</kw>
<status status="PASS" starttime="20200130 16:33:40.190" endtime="20200130 16:33:40.214" critical="yes"></status>
</test>
<test id="s1-s1-t18" name="Use &quot;Fail&quot;">
<kw name="Fail" library="BuiltIn">
<doc>Fails the test with the given message and optionally alters its tags.</doc>
<arguments>
<arg>This test case must fail bcoz it uses Fail keyword</arg>
<arg>-tag-to-be-removed</arg>
</arguments>
<msg timestamp="20200130 16:33:40.215" level="TRACE">Arguments: [ 'This test case must fail bcoz it uses Fail keyword' | '-tag-to-be-removed' ]</msg>
<msg timestamp="20200130 16:33:40.216" level="INFO">Removed tag 'tag-to-be-removed'.</msg>
<msg timestamp="20200130 16:33:40.216" level="FAIL">This test case must fail bcoz it uses Fail keyword</msg>
<msg timestamp="20200130 16:33:40.216" level="DEBUG">Traceback (most recent call last):
  None</msg>
<status status="FAIL" starttime="20200130 16:33:40.215" endtime="20200130 16:33:40.216"></status>
</kw>
<doc>Fails the test with the given message and optionally alters its tags ?</doc>
<tags>
<tag>failure-expected</tag>
</tags>
<status status="FAIL" starttime="20200130 16:33:40.214" endtime="20200130 16:33:40.216" critical="no">This test case must fail bcoz it uses Fail keyword</status>
</test>
<test id="s1-s1-t19" name="Use &quot;Get Count&quot;">
<kw name="Set Variable" library="BuiltIn">
<doc>Returns the given values which can then be assigned to a variables.</doc>
<arguments>
<arg>Lorem Ipsum Lorem Ipsum Lorem</arg>
</arguments>
<assign>
<var>${item1}</var>
</assign>
<msg timestamp="20200130 16:33:40.220" level="TRACE">Arguments: [ 'Lorem Ipsum Lorem Ipsum Lorem' ]</msg>
<msg timestamp="20200130 16:33:40.220" level="TRACE">Return: 'Lorem Ipsum Lorem Ipsum Lorem'</msg>
<msg timestamp="20200130 16:33:40.220" level="INFO">${item1} = Lorem Ipsum Lorem Ipsum Lorem</msg>
<status status="PASS" starttime="20200130 16:33:40.220" endtime="20200130 16:33:40.220"></status>
[...]
'${PREV_TEST_STATUS}': 'PASS', '${raise_type_error_in_python}': &lt;function raise_type_error_in_python at 0x7faea3c290e0&gt;, '${REPORT_FILE}': '/home/hakan/Python/Robot/robot-fw-built-in-library-tests/Results/report.html', '${SEARCH_TERM}': 'Ferrari 456', '${SPACE}': ' ', '${start_servers}': &lt;function start_servers at 0x7faea3c9c3b0&gt;, '${StringUtils}': &lt;class 'Utils.StringUtils'&gt;, '${SUITE_DOCUMENTATION}': "Checking out the built-in library's capabilities. This sentence is added to the suite documentation", '${SUITE_NAME}': 'Built-In-Library-Test &amp; Utilize-Global-Variable.Built-In-Library-Test', '${SUITE_SOURCE}': '/home/hakan/Python/Robot/robot-fw-built-in-library-tests/Tests/built-in-library-test.robot', '${TEMPDIR}': '/tmp', '${TEST_DOCUMENTATION}': 'Variable Should Exist name, msg=None\nFails unless the given variable exists within the current scope.\nThe name of the variable can be given either as a normal variable name (e.g. Y)\nor in escaped format (e.g. ${NAME}). Notice that the former has some limitations explained in Set Suite Variable.\nThe default error message can be overridden with the msg argument.', '${TEST_NAME}': 'Use "Variable Should Exist"', '${TestSetup}': 'Use Pass Execution Setup', '${TestTeardown}': 'Use Pass Execution Teardown', '${title_should_start_with}': &lt;function title_should_start_with at 0x7faea3c29200&gt;, '${TITLE_TEXT}': 'Amazon', '${TOPNAV_SEARCH_BOX}': 'css=*[id=twotabsearchtextbox]', '${True}': True, '${URL}': 'https://www.amazon.com/', '${utility_function_one}': &lt;function utility_function_one at 0x7faea3c29560&gt;, '${utility_object}': &lt;Utils.Util object at 0x7faea3c9ebd0&gt;, '${Util}': &lt;class 'Utils.Util'&gt;, '${var2}': 'suite', '${VARIABLE}': '21', '${var}': 'X', '&amp;{ALSO-CHILD-SUITE-ACCESSIBLE-DICT}': {'key': 'value'}, '&amp;{DICTIONARY}': {'key1': 'value1', 'key2': 'value2', 'key3': 'value3'}, '&amp;{DYNAMIC_GLOBAL_DICTIONARY}': {'key': 'value'}, '&amp;{python_dictionary}': {'keyA': 'a', 'keyB': 'b', 'keyC': 'c'}, '&amp;{SUITE_METADATA}': {'key1': 'value', 'key2': '6'}, '@{DYNAMIC_GLOBAL_LIST}': ['First item', 'Second Item', 'Third Item'], '@{LIST}': ['Value1', 'Value2', 'CONTINUE', 'Value3'], '@{MULTI_LINE_LIST}': ['this', 'list', 'is', 'quite', 'long', 'and', 'items in it could also be long'], '@{PARENT-SUITE-ONLY-LIST}': ['Item 1', 2, 'Item 3'], '@{python_list}': [1, 2, 3], '@{TEST_TAGS}': []}</msg>
<msg timestamp="20200130 16:34:22.441" level="TRACE">Return: None</msg>
<status status="PASS" starttime="20200130 16:34:22.426" endtime="20200130 16:34:22.442"></status>
</kw>
<kw name="Variable Should Exist" library="BuiltIn">
<doc>Fails unless the given variable exists within the current scope.</doc>
<arguments>
<arg>\&amp;{DICTIONARY}</arg>
</arguments>
<msg timestamp="20200130 16:34:22.449" level="TRACE">Arguments: [ '\\&amp;{DICTIONARY}' ]</msg>
<msg timestamp="20200130 16:34:22.450" level="TRACE">Return: None</msg>
<status status="PASS" starttime="20200130 16:34:22.449" endtime="20200130 16:34:22.450"></status>
</kw>
<kw name="Variable Should Exist" library="BuiltIn">
<doc>Fails unless the given variable exists within the current scope.</doc>
<arguments>
<arg>\@{DYNAMIC_GLOBAL_LIST}</arg>
</arguments>
<msg timestamp="20200130 16:34:22.452" level="TRACE">Arguments: [ '\\@{DYNAMIC_GLOBAL_LIST}' ]</msg>
<msg timestamp="20200130 16:34:22.452" level="TRACE">Return: None</msg>
<status status="PASS" starttime="20200130 16:34:22.451" endtime="20200130 16:34:22.452"></status>
</kw>
<kw name="Run Keyword And Ignore Error" library="BuiltIn">
<doc>Runs the given keyword with the given arguments and ignores possible error.</doc>
<arguments>
<arg>Variable Should Exist</arg>
<arg>${non-existing-var}</arg>
<arg>msg='Overriding error msg'</arg>
</arguments>
<msg timestamp="20200130 16:34:22.456" level="TRACE">Arguments: [ 'Variable Should Exist' | '${non-existing-var}' | "msg='Overriding error msg'" ]</msg>
<kw name="Variable Should Exist" library="BuiltIn">
<doc>Fails unless the given variable exists within the current scope.</doc>
<arguments>
<arg>${non-existing-var}</arg>
<arg>msg='Overriding error msg'</arg>
</arguments>
<msg timestamp="20200130 16:34:22.458" level="TRACE">Arguments: [ '${non-existing-var}' | "msg='Overriding error msg'" ]</msg>
<msg timestamp="20200130 16:34:22.474" level="FAIL">msg='Overriding error msg'</msg>
<msg timestamp="20200130 16:34:22.474" level="DEBUG">Traceback (most recent call last):
  None</msg>
<status status="FAIL" starttime="20200130 16:34:22.457" endtime="20200130 16:34:22.475"></status>
</kw>
<msg timestamp="20200130 16:34:22.475" level="TRACE">Return: ('FAIL', "msg='Overriding error msg'")</msg>
<status status="PASS" starttime="20200130 16:34:22.456" endtime="20200130 16:34:22.475"></status>
</kw>
<doc>Variable Should Exist name, msg=None
Fails unless the given variable exists within the current scope.
The name of the variable can be given either as a normal variable name (e.g. Y)
or in escaped format (e.g. ${NAME}). Notice that the former has some limitations explained in Set Suite Variable.
The default error message can be overridden with the msg argument.</doc>
<status status="PASS" starttime="20200130 16:34:22.401" endtime="20200130 16:34:22.478" critical="yes"></status>
</test>
<test id="s1-s1-t111" name="Use &quot;Variable Should Not Exist&quot;">
<kw name="Variable Should Not Exist" library="BuiltIn">
<doc>Fails if the given variable exists within the current scope.</doc>
<arguments>
<arg>${non-existing-var}</arg>
<arg>msg='Wont show as there is no error'</arg>
</arguments>
<msg timestamp="20200130 16:34:22.488" level="TRACE">Arguments: [ '${non-existing-var}' | "msg='Wont show as there is no error'" ]</msg>
<msg timestamp="20200130 16:34:22.502" level="TRACE">Return: None</msg>
<status status="PASS" starttime="20200130 16:34:22.487" endtime="20200130 16:34:22.502"></status>
</kw>
<doc>Refer to the test above: Use "Variable Should Exist"
This keyword does the opposite of "Variable Should Exist"</doc>
<status status="PASS" starttime="20200130 16:34:22.482" endtime="20200130 16:34:22.507" critical="yes"></status>
</test>
<test id="s1-s1-t112" name="Use &quot;Wait Until Keyword Succeeds&quot;">
<kw name="Run Keyword And Ignore Error" library="BuiltIn">
<doc>Runs the given keyword with the given arguments and ignores possible error.</doc>
<arguments>
<arg>Wait Until Keyword Succeeds</arg>
<arg>3x</arg>
<arg>100ms</arg>
<arg>raise type error in python</arg>
<arg>a</arg>
<arg>b</arg>
<arg>c</arg>
</arguments>
<msg timestamp="20200130 16:34:22.518" level="TRACE">Arguments: [ 'Wait Until Keyword Succeeds' | '3x' | '100ms' | 'raise type error in python' | 'a' | 'b' | 'c' ]</msg>
<kw name="Wait Until Keyword Succeeds" library="BuiltIn">
<doc>Runs the specified keyword and retries if it fails.</doc>
<arguments>
<arg>3x</arg>
<arg>100ms</arg>
<arg>raise type error in python</arg>
<arg>a</arg>
<arg>b</arg>
<arg>c</arg>
</arguments>
<msg timestamp="20200130 16:34:22.519" level="TRACE">Arguments: [ '3x' | '100ms' | 'raise type error in python' | 'a' | 'b' | 'c' ]</msg>
<kw name="Raise Type Error In Python" library="Utils">
<arguments>
<arg>a</arg>
<arg>b</arg>
<arg>c</arg>
</arguments>
<msg timestamp="20200130 16:34:22.520" level="TRACE">Arguments: [ 'a' | 'b' | 'c' ]</msg>
<msg timestamp="20200130 16:34:22.523" level="FAIL">TypeError: Intentionally failing the keyword by raising this exception</msg>
<msg timestamp="20200130 16:34:22.524" level="DEBUG">Traceback (most recent call last):
  File "/home/hakan/Python/Robot/robot-fw-built-in-library-tests/Tests/Utils.py", line 26, in raise_type_error_in_python
    raise TypeError("Intentionally failing the keyword by raising this exception")</msg>
<status status="FAIL" starttime="20200130 16:34:22.519" endtime="20200130 16:34:22.524"></status>
</kw>
<kw name="Raise Type Error In Python" library="Utils">
<arguments>
<arg>a</arg>
<arg>b</arg>
<arg>c</arg>
</arguments>
<msg timestamp="20200130 16:34:22.625" level="TRACE">Arguments: [ 'a' | 'b' | 'c' ]</msg>
<msg timestamp="20200130 16:34:22.625" level="FAIL">TypeError: Intentionally failing the keyword by raising this exception</msg>
<msg timestamp="20200130 16:34:22.626" level="DEBUG">Traceback (most recent call last):
  File "/home/hakan/Python/Robot/robot-fw-built-in-library-tests/Tests/Utils.py", line 26, in raise_type_error_in_python
    raise TypeError("Intentionally failing the keyword by raising this exception")</msg>
<status status="FAIL" starttime="20200130 16:34:22.624" endtime="20200130 16:34:22.626"></status>
</kw>
<kw name="Raise Type Error In Python" library="Utils">
<arguments>
<arg>a</arg>
<arg>b</arg>
<arg>c</arg>
</arguments>
<msg timestamp="20200130 16:34:22.729" level="TRACE">Arguments: [ 'a' | 'b' | 'c' ]</msg>
<msg timestamp="20200130 16:34:22.730" level="FAIL">TypeError: Intentionally failing the keyword by raising this exception</msg>
<msg timestamp="20200130 16:34:22.731" level="DEBUG">Traceback (most recent call last):
  File "/home/hakan/Python/Robot/robot-fw-built-in-library-tests/Tests/Utils.py", line 26, in raise_type_error_in_python
    raise TypeError("Intentionally failing the keyword by raising this exception")</msg>
<status status="FAIL" starttime="20200130 16:34:22.728" endtime="20200130 16:34:22.731"></status>
</kw>
<msg timestamp="20200130 16:34:22.731" level="FAIL">Keyword 'raise type error in python' failed after retrying 3 times. The last error was: TypeError: Intentionally failing the keyword by raising this exception</msg>
<msg timestamp="20200130 16:34:22.731" level="DEBUG">Traceback (most recent call last):
  None</msg>
<status status="FAIL" starttime="20200130 16:34:22.519" endtime="20200130 16:34:22.731"></status>
</kw>
<msg timestamp="20200130 16:34:22.732" level="TRACE">Return: ('FAIL',
 "Keyword 'raise type error in python' failed after retrying 3 times. The last error was: TypeError: Intentionally failing the keyword by raising this exception")</msg>
<status status="PASS" starttime="20200130 16:34:22.518" endtime="20200130 16:34:22.732"></status>
</kw>
<kw name="Wait Until Keyword Succeeds" library="BuiltIn">
<doc>Runs the specified keyword and retries if it fails.</doc>
<arguments>
<arg>3x</arg>
<arg>100ms</arg>
<arg>add_multiple_values</arg>
<arg>${1}</arg>
<arg>${2}</arg>
<arg>${3}</arg>
</arguments>
<assign>
<var>${total}</var>
</assign>
<msg timestamp="20200130 16:34:22.738" level="TRACE">Arguments: [ '3x' | '100ms' | 'add_multiple_values' | '${1}' | '${2}' | '${3}' ]</msg>
<kw name="Add Multiple Values" library="Utils">
<arguments>
<arg>${1}</arg>
<arg>${2}</arg>
<arg>${3}</arg>
</arguments>
<msg timestamp="20200130 16:34:22.745" level="TRACE">Arguments: [ 1 | 2 | 3 ]</msg>
<msg timestamp="20200130 16:34:22.746" level="TRACE">Return: 6</msg>
<status status="PASS" starttime="20200130 16:34:22.739" endtime="20200130 16:34:22.746"></status>
</kw>
<msg timestamp="20200130 16:34:22.746" level="TRACE">Return: 6</msg>
<msg timestamp="20200130 16:34:22.747" level="INFO">${total} = 6</msg>
<status status="PASS" starttime="20200130 16:34:22.738" endtime="20200130 16:34:22.747"></status>
</kw>
<kw name="Should Be Equal" library="BuiltIn">
<doc>Fails if the given objects are unequal.</doc>
<arguments>
<arg>${total}</arg>
<arg>${6}</arg>
</arguments>
<msg timestamp="20200130 16:34:22.753" level="TRACE">Arguments: [ 6 | 6 ]</msg>
<msg timestamp="20200130 16:34:22.754" level="DEBUG">Argument types are:
&lt;class 'int'&gt;
&lt;class 'int'&gt;</msg>
<msg timestamp="20200130 16:34:22.754" level="TRACE">Return: None</msg>
<status status="PASS" starttime="20200130 16:34:22.749" endtime="20200130 16:34:22.754"></status>
</kw>
<doc>Wait Until Keyword Succeeds retry, retry_interval, name, *args
Runs the specified keyword and retries if it fails
If the keyword does not succeed regardless of retries, this keyword fails.
If the executed keyword passes, its return value is returned</doc>
<status status="PASS" starttime="20200130 16:34:22.509" endtime="20200130 16:34:22.755" critical="yes"></status>
</test>
<kw name="Suite Teardown" type="teardown">
<msg timestamp="20200130 16:34:22.789" level="TRACE">Arguments: [  ]</msg>
<kw name="Run Keyword If All Critical Tests Passed" library="BuiltIn">
<doc>Runs the given keyword with the given arguments, if all critical tests passed.</doc>
<arguments>
<arg>Log</arg>
<arg>All Critical Tests Passed</arg>
</arguments>
<msg timestamp="20200130 16:34:22.791" level="TRACE">Arguments: [ 'Log' | 'All Critical Tests Passed' ]</msg>
<msg timestamp="20200130 16:34:22.809" level="TRACE">Return: None</msg>
<status status="PASS" starttime="20200130 16:34:22.790" endtime="20200130 16:34:22.809"></status>
</kw>
<kw name="Run Keyword If Any Critical Tests Failed" library="BuiltIn">
<doc>Runs the given keyword with the given arguments, if any critical tests failed.</doc>
<arguments>
<arg>Log</arg>
<arg>Will not be executed</arg>
</arguments>
<msg timestamp="20200130 16:34:22.811" level="TRACE">Arguments: [ 'Log' | 'Will not be executed' ]</msg>
<kw name="Log" library="BuiltIn">
<doc>Logs the given message with the given level.</doc>
<arguments>
<arg>Will not be executed</arg>
</arguments>
<msg timestamp="20200130 16:34:22.823" level="TRACE">Arguments: [ 'Will not be executed' ]</msg>
<msg timestamp="20200130 16:34:22.823" level="INFO">Will not be executed</msg>
<msg timestamp="20200130 16:34:22.823" level="TRACE">Return: None</msg>
<status status="PASS" starttime="20200130 16:34:22.822" endtime="20200130 16:34:22.823"></status>
</kw>
<msg timestamp="20200130 16:34:22.823" level="TRACE">Return: None</msg>
<status status="PASS" starttime="20200130 16:34:22.810" endtime="20200130 16:34:22.823"></status>
</kw>
<kw name="Run Keyword If Any Tests Failed" library="BuiltIn">
<doc>Runs the given keyword with the given arguments, if one or more tests failed.</doc>
<arguments>
<arg>add multiple values</arg>
<arg>${1}</arg>
<arg>${2}</arg>
<arg>${3}</arg>
</arguments>
<assign>
<var>${sum}</var>
</assign>
<msg timestamp="20200130 16:34:22.824" level="TRACE">Arguments: [ 'add multiple values' | '${1}' | '${2}' | '${3}' ]</msg>
<kw name="Add Multiple Values" library="Utils">
<arguments>
<arg>${1}</arg>
<arg>${2}</arg>
<arg>${3}</arg>
</arguments>
<msg timestamp="20200130 16:34:22.832" level="TRACE">Arguments: [ 1 | 2 | 3 ]</msg>
<msg timestamp="20200130 16:34:22.837" level="TRACE">Return: 6</msg>
<status status="PASS" starttime="20200130 16:34:22.832" endtime="20200130 16:34:22.837"></status>
</kw>
<msg timestamp="20200130 16:34:22.837" level="TRACE">Return: 6</msg>
<msg timestamp="20200130 16:34:22.837" level="INFO">${sum} = 6</msg>
<status status="PASS" starttime="20200130 16:34:22.824" endtime="20200130 16:34:22.837"></status>
</kw>
<msg timestamp="20200130 16:34:22.837" level="TRACE">Return: None</msg>
<status status="PASS" starttime="20200130 16:34:22.788" endtime="20200130 16:34:22.838"></status>
</kw>
<doc>Checking out the built-in library's capabilities. This sentence is added to the suite documentation</doc>
<metadata>
<item name="key1">value</item>
<item name="key2">6</item>
</metadata>
<status status="FAIL" starttime="20200130 16:33:39.759" endtime="20200130 16:34:22.838"></status>
</suite>
<suite id="s1-s2" name="Utilize-Global-Variable" source="/home/hakan/Python/Robot/robot-fw-built-in-library-tests/Tests/utilize-global-variable.robot">
<test id="s1-s2-t1" name="Log Dynamic Variables Created In built-in-library-test.robot">
<kw name="Log" library="BuiltIn">
<doc>Logs the given message with the given level.</doc>
<arguments>
<arg>${DYNAMIC_GLOBAL_SCALAR}</arg>
</arguments>
<msg timestamp="20200130 16:34:22.917" level="TRACE">Arguments: [ 'dynamic global variable available across all tests suites (i.e. utilize-global-variable.robot)' ]</msg>
<msg timestamp="20200130 16:34:22.917" level="INFO">dynamic global variable available across all tests suites (i.e. utilize-global-variable.robot)</msg>
<msg timestamp="20200130 16:34:22.917" level="TRACE">Return: None</msg>
<status status="PASS" starttime="20200130 16:34:22.917" endtime="20200130 16:34:22.918"></status>
</kw>
<kw name="Log" library="BuiltIn">
<doc>Logs the given message with the given level.</doc>
<arguments>
<arg>${DYNAMIC_GLOBAL_LIST}</arg>
</arguments>
<msg timestamp="20200130 16:34:22.919" level="TRACE">Arguments: [ ['First item', 'Second Item', 'Third Item'] ]</msg>
<msg timestamp="20200130 16:34:22.920" level="INFO">['First item', 'Second Item', 'Third Item']</msg>
<msg timestamp="20200130 16:34:22.920" level="TRACE">Return: None</msg>
<status status="PASS" starttime="20200130 16:34:22.919" endtime="20200130 16:34:22.920"></status>
</kw>
<kw name="Log" library="BuiltIn">
<doc>Logs the given message with the given level.</doc>
<arguments>
<arg>${DYNAMIC_GLOBAL_DICTIONARY}</arg>
</arguments>
<msg timestamp="20200130 16:34:22.920" level="TRACE">Arguments: [ {'key': 'value'} ]</msg>
<msg timestamp="20200130 16:34:22.920" level="INFO">{'key': 'value'}</msg>
<msg timestamp="20200130 16:34:22.920" level="TRACE">Return: None</msg>
<status status="PASS" starttime="20200130 16:34:22.920" endtime="20200130 16:34:22.920"></status>
</kw>
<status status="PASS" starttime="20200130 16:34:22.916" endtime="20200130 16:34:22.922" critical="yes"></status>
</test>
<test id="s1-s2-t2" name="Check GLOBAL_VAR Value">
<kw name="Should Be Equal" library="BuiltIn">
<doc>Fails if the given objects are unequal.</doc>
<arguments>
<arg>${GLOBAL_VAR}</arg>
<arg>I am overridden and just became global</arg>
</arguments>
<msg timestamp="20200130 16:34:22.923" level="TRACE">Arguments: [ 'I am overridden and just became global' | 'I am overridden and just became global' ]</msg>
<msg timestamp="20200130 16:34:22.923" level="DEBUG">Argument types are:
&lt;type 'unicode'&gt;
&lt;type 'unicode'&gt;</msg>
<msg timestamp="20200130 16:34:22.923" level="TRACE">Return: None</msg>
<status status="PASS" starttime="20200130 16:34:22.923" endtime="20200130 16:34:22.923"></status>
</kw>
<status status="PASS" starttime="20200130 16:34:22.922" endtime="20200130 16:34:22.923" critical="yes"></status>
</test>
<doc>built-in-library-test.robot declares DYNAMIC_GLOBAL_VARIABLE and this suite logs it</doc>
<status status="PASS" starttime="20200130 16:34:22.909" endtime="20200130 16:34:22.924"></status>
</suite>
<status status="FAIL" starttime="20200130 16:33:39.729" endtime="20200130 16:34:22.930"></status>
</suite>
<statistics>
<total>
<stat pass="92" fail="13">Critical Tests</stat>
<stat pass="92" fail="22">All Tests</stat>
</total>
<tag>
<stat pass="0" fail="9" info="non-critical">failure-expected</stat>
<stat pass="1" fail="0">dynamic-tag-1</stat>
<stat pass="1" fail="0">keep-me-tag</stat>
<stat pass="0" fail="10">not-understood</stat>
</tag>
<suite>
<stat pass="92" fail="22" id="s1" name="Built-In-Library-Test &amp; Utilize-Global-Variable">Built-In-Library-Test &amp; Utilize-Global-Variable</stat>
<stat pass="90" fail="22" id="s1-s1" name="Built-In-Library-Test">Built-In-Library-Test &amp; Utilize-Global-Variable.Built-In-Library-Test</stat>
<stat pass="2" fail="0" id="s1-s2" name="Utilize-Global-Variable">Built-In-Library-Test &amp; Utilize-Global-Variable.Utilize-Global-Variable</stat>
</suite>
</statistics>
<errors>
<msg timestamp="20200130 16:34:20.567" level="ERROR">Log level=ERROR</msg>
<msg timestamp="20200130 16:34:20.568" level="WARN">Log level=WARN</msg>
<msg timestamp="20200130 16:34:20.573" level="ERROR">Log level=ERROR</msg>
<msg timestamp="20200130 16:34:20.575" level="WARN">Log level=WARN</msg>
<msg timestamp="20200130 16:34:20.581" level="ERROR">Log level=ERROR</msg>
<msg timestamp="20200130 16:34:20.583" level="WARN">Log level=WARN</msg>
<msg timestamp="20200130 16:34:20.591" level="ERROR">Log level=ERROR</msg>
<msg timestamp="20200130 16:34:20.600" level="WARN">Log level=WARN</msg>
<msg timestamp="20200130 16:34:20.606" level="ERROR">Log level=ERROR</msg>
<msg timestamp="20200130 16:34:20.607" level="WARN">Log level=WARN</msg>
</errors>
</robot>
